[1.922s] Invoking command in '/home/chabots/ros2_ws/otos_env/lib/python3.12/site-packages/qwiic/drivers_linux_only/qwiic_ccs811': DEBUGINFOD_URLS=https://debuginfod.ubuntu.com PYTHONPATH=/home/chabots/ros2_ws/build/sparkfun_qwiic_ccs811/prefix_override:/usr/lib/python3/dist-packages/colcon_core/task/python/colcon_distutils_commands:/home/chabots/ros2_ws/install/sparkfun_qwiic_ccs811/lib/python3.12/site-packages:${PYTHONPATH} /usr/bin/python3 -W ignore:setup.py install is deprecated -W ignore:easy_install command is deprecated setup.py egg_info --egg-base ../../../../../../../build/sparkfun_qwiic_ccs811 build --build-base /home/chabots/ros2_ws/build/sparkfun_qwiic_ccs811/build install --record /home/chabots/ros2_ws/build/sparkfun_qwiic_ccs811/install.log --single-version-externally-managed
[2.412s] running egg_info
[2.415s] creating ../../../../../../../build/sparkfun_qwiic_ccs811/sparkfun_qwiic_ccs811.egg-info
[2.451s] writing ../../../../../../../build/sparkfun_qwiic_ccs811/sparkfun_qwiic_ccs811.egg-info/PKG-INFO
[2.453s] writing dependency_links to ../../../../../../../build/sparkfun_qwiic_ccs811/sparkfun_qwiic_ccs811.egg-info/dependency_links.txt
[2.454s] writing requirements to ../../../../../../../build/sparkfun_qwiic_ccs811/sparkfun_qwiic_ccs811.egg-info/requires.txt
[2.454s] writing top-level names to ../../../../../../../build/sparkfun_qwiic_ccs811/sparkfun_qwiic_ccs811.egg-info/top_level.txt
[2.454s] writing manifest file '../../../../../../../build/sparkfun_qwiic_ccs811/sparkfun_qwiic_ccs811.egg-info/SOURCES.txt'
[2.551s] reading manifest file '../../../../../../../build/sparkfun_qwiic_ccs811/sparkfun_qwiic_ccs811.egg-info/SOURCES.txt'
[2.559s] adding license file 'LICENSE'
[2.560s] writing manifest file '../../../../../../../build/sparkfun_qwiic_ccs811/sparkfun_qwiic_ccs811.egg-info/SOURCES.txt'
[2.565s] running build
[2.566s] running build_py
[2.567s] creating /home/chabots/ros2_ws/build/sparkfun_qwiic_ccs811/build
[2.568s] creating /home/chabots/ros2_ws/build/sparkfun_qwiic_ccs811/build/lib
[2.568s] copying qwiic_ccs811.py -> /home/chabots/ros2_ws/build/sparkfun_qwiic_ccs811/build/lib
[2.568s] running install
[2.579s] running install_lib
[2.633s] copying /home/chabots/ros2_ws/build/sparkfun_qwiic_ccs811/build/lib/qwiic_ccs811.py -> /home/chabots/ros2_ws/install/sparkfun_qwiic_ccs811/lib/python3.12/site-packages
[2.634s] byte-compiling /home/chabots/ros2_ws/install/sparkfun_qwiic_ccs811/lib/python3.12/site-packages/qwiic_ccs811.py to qwiic_ccs811.cpython-312.pyc
[2.638s] running install_egg_info
[2.716s] Copying ../../../../../../../build/sparkfun_qwiic_ccs811/sparkfun_qwiic_ccs811.egg-info to /home/chabots/ros2_ws/install/sparkfun_qwiic_ccs811/lib/python3.12/site-packages/sparkfun_qwiic_ccs811-0.9.4-py3.12.egg-info
[2.717s] running install_scripts
[3.326s] writing list of installed files to '/home/chabots/ros2_ws/build/sparkfun_qwiic_ccs811/install.log'
[3.645s] Invoked command in '/home/chabots/ros2_ws/otos_env/lib/python3.12/site-packages/qwiic/drivers_linux_only/qwiic_ccs811' returned '0': DEBUGINFOD_URLS=https://debuginfod.ubuntu.com PYTHONPATH=/home/chabots/ros2_ws/build/sparkfun_qwiic_ccs811/prefix_override:/usr/lib/python3/dist-packages/colcon_core/task/python/colcon_distutils_commands:/home/chabots/ros2_ws/install/sparkfun_qwiic_ccs811/lib/python3.12/site-packages:${PYTHONPATH} /usr/bin/python3 -W ignore:setup.py install is deprecated -W ignore:easy_install command is deprecated setup.py egg_info --egg-base ../../../../../../../build/sparkfun_qwiic_ccs811 build --build-base /home/chabots/ros2_ws/build/sparkfun_qwiic_ccs811/build install --record /home/chabots/ros2_ws/build/sparkfun_qwiic_ccs811/install.log --single-version-externally-managed
