[1.279s] Invoking command in '/home/chabots/ros2_ws/src/vision_node': DEBUGINFOD_URLS=https://debuginfod.ubuntu.com PYTHONPATH=/home/chabots/ros2_ws/build/vision_node/prefix_override:/usr/lib/python3/dist-packages/colcon_core/task/python/colcon_distutils_commands:/home/chabots/ros2_ws/install/vision_node/lib/python3.12/site-packages:${PYTHONPATH} /usr/bin/python3 -W ignore:setup.py install is deprecated -W ignore:easy_install command is deprecated setup.py egg_info --egg-base ../../build/vision_node build --build-base /home/chabots/ros2_ws/build/vision_node/build install --record /home/chabots/ros2_ws/build/vision_node/install.log --single-version-externally-managed install_data
[1.657s] running egg_info
[1.682s] writing ../../build/vision_node/vision_node.egg-info/PKG-INFO
[1.683s] writing dependency_links to ../../build/vision_node/vision_node.egg-info/dependency_links.txt
[1.685s] writing entry points to ../../build/vision_node/vision_node.egg-info/entry_points.txt
[1.685s] writing requirements to ../../build/vision_node/vision_node.egg-info/requires.txt
[1.685s] writing top-level names to ../../build/vision_node/vision_node.egg-info/top_level.txt
[1.744s] reading manifest file '../../build/vision_node/vision_node.egg-info/SOURCES.txt'
[1.745s] writing manifest file '../../build/vision_node/vision_node.egg-info/SOURCES.txt'
[1.745s] running build
[1.745s] running build_py
[1.745s] copying vision_node/color_detection_node.py -> /home/chabots/ros2_ws/build/vision_node/build/lib/vision_node
[1.746s] running install
[1.755s] running install_lib
[1.781s] copying /home/chabots/ros2_ws/build/vision_node/build/lib/vision_node/color_detection_node.py -> /home/chabots/ros2_ws/install/vision_node/lib/python3.12/site-packages/vision_node
[1.782s] byte-compiling /home/chabots/ros2_ws/install/vision_node/lib/python3.12/site-packages/vision_node/color_detection_node.py to color_detection_node.cpython-312.pyc
[1.785s] running install_data
[1.785s] running install_egg_info
[1.817s] removing '/home/chabots/ros2_ws/install/vision_node/lib/python3.12/site-packages/vision_node-0.0.0-py3.12.egg-info' (and everything under it)
[1.817s] Copying ../../build/vision_node/vision_node.egg-info to /home/chabots/ros2_ws/install/vision_node/lib/python3.12/site-packages/vision_node-0.0.0-py3.12.egg-info
[1.819s] running install_scripts
[2.006s] Installing color_detection_node script to /home/chabots/ros2_ws/install/vision_node/lib/vision_node
[2.007s] writing list of installed files to '/home/chabots/ros2_ws/build/vision_node/install.log'
[2.094s] Invoked command in '/home/chabots/ros2_ws/src/vision_node' returned '0': DEBUGINFOD_URLS=https://debuginfod.ubuntu.com PYTHONPATH=/home/chabots/ros2_ws/build/vision_node/prefix_override:/usr/lib/python3/dist-packages/colcon_core/task/python/colcon_distutils_commands:/home/chabots/ros2_ws/install/vision_node/lib/python3.12/site-packages:${PYTHONPATH} /usr/bin/python3 -W ignore:setup.py install is deprecated -W ignore:easy_install command is deprecated setup.py egg_info --egg-base ../../build/vision_node build --build-base /home/chabots/ros2_ws/build/vision_node/build install --record /home/chabots/ros2_ws/build/vision_node/install.log --single-version-externally-managed install_data
