[0.031s] Invoking command in '/home/chabots/ros2_ws/build/teensy_communication': CMAKE_PREFIX_PATH=${CMAKE_PREFIX_PATH}:/home/chabots/ros2_ws/install/otos_reader:/opt/ros/kilted DEBUGINFOD_URLS=https://debuginfod.ubuntu.com /usr/bin/cmake --build /home/chabots/ros2_ws/build/teensy_communication -- -j4 -l4
[0.149s] [ 50%] [32mBuilding CXX object CMakeFiles/teensy_comm_node.dir/src/teensy_comm_node.cpp.o[0m
[20.181s] [100%] [32m[1mLinking CXX executable teensy_comm_node[0m
[21.660s] [100%] Built target teensy_comm_node
[21.682s] Invoked command in '/home/chabots/ros2_ws/build/teensy_communication' returned '0': CMAKE_PREFIX_PATH=${CMAKE_PREFIX_PATH}:/home/chabots/ros2_ws/install/otos_reader:/opt/ros/kilted DEBUGINFOD_URLS=https://debuginfod.ubuntu.com /usr/bin/cmake --build /home/chabots/ros2_ws/build/teensy_communication -- -j4 -l4
[21.700s] Invoking command in '/home/chabots/ros2_ws/build/teensy_communication': CMAKE_PREFIX_PATH=${CMAKE_PREFIX_PATH}:/home/chabots/ros2_ws/install/otos_reader:/opt/ros/kilted DEBUGINFOD_URLS=https://debuginfod.ubuntu.com /usr/bin/cmake --install /home/chabots/ros2_ws/build/teensy_communication
[21.715s] -- Install configuration: ""
[21.715s] -- Installing: /home/chabots/ros2_ws/install/teensy_communication/lib/teensy_communication/teensy_comm_node
[21.738s] -- Set non-toolchain portion of runtime path of "/home/chabots/ros2_ws/install/teensy_communication/lib/teensy_communication/teensy_comm_node" to ""
[21.740s] -- Up-to-date: /home/chabots/ros2_ws/install/teensy_communication/share/teensy_communication//launch
[21.740s] -- Up-to-date: /home/chabots/ros2_ws/install/teensy_communication/share/teensy_communication//launch/robot.launch.py
[21.740s] -- Up-to-date: /home/chabots/ros2_ws/install/teensy_communication/share/teensy_communication//launch/teensy_communication.launch.py
[21.741s] -- Up-to-date: /home/chabots/ros2_ws/install/teensy_communication/share/teensy_communication//urdf
[21.741s] -- Up-to-date: /home/chabots/ros2_ws/install/teensy_communication/share/teensy_communication//urdf/robot.urdf
[21.741s] -- Up-to-date: /home/chabots/ros2_ws/install/teensy_communication/share/teensy_communication//urdf/robot.urdf.xacro
[21.741s] -- Up-to-date: /home/chabots/ros2_ws/install/teensy_communication/share/ament_index/resource_index/package_run_dependencies/teensy_communication
[21.742s] -- Up-to-date: /home/chabots/ros2_ws/install/teensy_communication/share/ament_index/resource_index/parent_prefix_path/teensy_communication
[21.742s] -- Up-to-date: /home/chabots/ros2_ws/install/teensy_communication/share/teensy_communication/environment/ament_prefix_path.sh
[21.742s] -- Up-to-date: /home/chabots/ros2_ws/install/teensy_communication/share/teensy_communication/environment/ament_prefix_path.dsv
[21.742s] -- Up-to-date: /home/chabots/ros2_ws/install/teensy_communication/share/teensy_communication/environment/path.sh
[21.743s] -- Up-to-date: /home/chabots/ros2_ws/install/teensy_communication/share/teensy_communication/environment/path.dsv
[21.743s] -- Up-to-date: /home/chabots/ros2_ws/install/teensy_communication/share/teensy_communication/local_setup.bash
[21.744s] -- Up-to-date: /home/chabots/ros2_ws/install/teensy_communication/share/teensy_communication/local_setup.sh
[21.744s] -- Up-to-date: /home/chabots/ros2_ws/install/teensy_communication/share/teensy_communication/local_setup.zsh
[21.745s] -- Up-to-date: /home/chabots/ros2_ws/install/teensy_communication/share/teensy_communication/local_setup.dsv
[21.745s] -- Installing: /home/chabots/ros2_ws/install/teensy_communication/share/teensy_communication/package.dsv
[21.745s] -- Up-to-date: /home/chabots/ros2_ws/install/teensy_communication/share/ament_index/resource_index/packages/teensy_communication
[21.745s] -- Up-to-date: /home/chabots/ros2_ws/install/teensy_communication/share/teensy_communication/cmake/teensy_communicationConfig.cmake
[21.745s] -- Up-to-date: /home/chabots/ros2_ws/install/teensy_communication/share/teensy_communication/cmake/teensy_communicationConfig-version.cmake
[21.746s] -- Up-to-date: /home/chabots/ros2_ws/install/teensy_communication/share/teensy_communication/package.xml
[21.748s] Invoked command in '/home/chabots/ros2_ws/build/teensy_communication' returned '0': CMAKE_PREFIX_PATH=${CMAKE_PREFIX_PATH}:/home/chabots/ros2_ws/install/otos_reader:/opt/ros/kilted DEBUGINFOD_URLS=https://debuginfod.ubuntu.com /usr/bin/cmake --install /home/chabots/ros2_ws/build/teensy_communication
