[0.146s] DEBUG:colcon:Command line arguments: ['/usr/bin/colcon', 'build', '--packages-select', 'teensy_communicatio']
[0.146s] DEBUG:colcon:Parsed command line arguments: Namespace(log_base=None, log_level=None, verb_name='build', build_base='build', install_base='install', merge_install=False, symlink_install=False, test_result_base=None, continue_on_error=False, executor='parallel', parallel_workers=4, event_handlers=None, ignore_user_meta=False, metas=['./colcon.meta'], base_paths=['.'], packages_ignore=None, packages_ignore_regex=None, paths=None, packages_up_to=None, packages_up_to_regex=None, packages_above=None, packages_above_and_dependencies=None, packages_above_depth=None, packages_select_by_dep=None, packages_skip_by_dep=None, packages_skip_up_to=None, packages_select_build_failed=False, packages_skip_build_finished=False, packages_select_test_failures=False, packages_skip_test_passed=False, packages_select=['teensy_communicatio'], packages_skip=None, packages_select_regex=None, packages_skip_regex=None, packages_start=None, packages_end=None, allow_overriding=[], cmake_args=None, cmake_target=None, cmake_target_skip_unavailable=False, cmake_clean_cache=False, cmake_clean_first=False, cmake_force_configure=False, ament_cmake_args=None, catkin_cmake_args=None, catkin_skip_building_tests=False, mixin_files=None, mixin=None, verb_parser=<colcon_mixin.mixin.mixin_argument.MixinArgumentDecorator object at 0xffff965553a0>, verb_extension=<colcon_core.verb.build.BuildVerb object at 0xffff967014c0>, main=<bound method BuildVerb.main of <colcon_core.verb.build.BuildVerb object at 0xffff967014c0>>, mixin_verb=('build',))
[0.203s] Level 1:colcon.colcon_core.package_discovery:discover_packages(colcon_meta) check parameters
[0.203s] Level 1:colcon.colcon_core.package_discovery:discover_packages(recursive) check parameters
[0.203s] Level 1:colcon.colcon_core.package_discovery:discover_packages(ignore) check parameters
[0.203s] Level 1:colcon.colcon_core.package_discovery:discover_packages(path) check parameters
[0.203s] Level 1:colcon.colcon_core.package_discovery:discover_packages(colcon_meta) discover
[0.203s] Level 1:colcon.colcon_core.package_discovery:discover_packages(recursive) discover
[0.204s] INFO:colcon.colcon_core.package_discovery:Crawling recursively for packages in '/home/chabots/ros2_ws'
[0.204s] Level 1:colcon.colcon_core.package_identification:_identify(.) by extensions ['ignore', 'ignore_ament_install']
[0.204s] Level 1:colcon.colcon_core.package_identification:_identify(.) by extension 'ignore'
[0.204s] Level 1:colcon.colcon_core.package_identification:_identify(.) by extension 'ignore_ament_install'
[0.204s] Level 1:colcon.colcon_core.package_identification:_identify(.) by extensions ['colcon_pkg']
[0.204s] Level 1:colcon.colcon_core.package_identification:_identify(.) by extension 'colcon_pkg'
[0.204s] Level 1:colcon.colcon_core.package_identification:_identify(.) by extensions ['colcon_meta']
[0.204s] Level 1:colcon.colcon_core.package_identification:_identify(.) by extension 'colcon_meta'
[0.204s] Level 1:colcon.colcon_core.package_identification:_identify(.) by extensions ['ros']
[0.204s] Level 1:colcon.colcon_core.package_identification:_identify(.) by extension 'ros'
[0.241s] Level 1:colcon.colcon_core.package_identification:_identify(.) by extensions ['cmake', 'python']
[0.242s] Level 1:colcon.colcon_core.package_identification:_identify(.) by extension 'cmake'
[0.242s] Level 1:colcon.colcon_core.package_identification:_identify(.) by extension 'python'
[0.242s] Level 1:colcon.colcon_core.package_identification:_identify(.) by extensions ['python_setup_py']
[0.242s] Level 1:colcon.colcon_core.package_identification:_identify(.) by extension 'python_setup_py'
[0.242s] Level 1:colcon.colcon_core.package_identification:_identify(build) by extensions ['ignore', 'ignore_ament_install']
[0.242s] Level 1:colcon.colcon_core.package_identification:_identify(build) by extension 'ignore'
[0.242s] Level 1:colcon.colcon_core.package_identification:_identify(build) ignored
[0.242s] Level 1:colcon.colcon_core.package_identification:_identify(install) by extensions ['ignore', 'ignore_ament_install']
[0.242s] Level 1:colcon.colcon_core.package_identification:_identify(install) by extension 'ignore'
[0.242s] Level 1:colcon.colcon_core.package_identification:_identify(install) ignored
[0.243s] Level 1:colcon.colcon_core.package_identification:_identify(log) by extensions ['ignore', 'ignore_ament_install']
[0.243s] Level 1:colcon.colcon_core.package_identification:_identify(log) by extension 'ignore'
[0.243s] Level 1:colcon.colcon_core.package_identification:_identify(log) ignored
[0.243s] Level 1:colcon.colcon_core.package_identification:_identify(otos_env) by extensions ['ignore', 'ignore_ament_install']
[0.243s] Level 1:colcon.colcon_core.package_identification:_identify(otos_env) by extension 'ignore'
[0.243s] Level 1:colcon.colcon_core.package_identification:_identify(otos_env) by extension 'ignore_ament_install'
[0.243s] Level 1:colcon.colcon_core.package_identification:_identify(otos_env) by extensions ['colcon_pkg']
[0.243s] Level 1:colcon.colcon_core.package_identification:_identify(otos_env) by extension 'colcon_pkg'
[0.243s] Level 1:colcon.colcon_core.package_identification:_identify(otos_env) by extensions ['colcon_meta']
[0.243s] Level 1:colcon.colcon_core.package_identification:_identify(otos_env) by extension 'colcon_meta'
[0.243s] Level 1:colcon.colcon_core.package_identification:_identify(otos_env) by extensions ['ros']
[0.243s] Level 1:colcon.colcon_core.package_identification:_identify(otos_env) by extension 'ros'
[0.243s] Level 1:colcon.colcon_core.package_identification:_identify(otos_env) by extensions ['cmake', 'python']
[0.243s] Level 1:colcon.colcon_core.package_identification:_identify(otos_env) by extension 'cmake'
[0.243s] Level 1:colcon.colcon_core.package_identification:_identify(otos_env) by extension 'python'
[0.243s] Level 1:colcon.colcon_core.package_identification:_identify(otos_env) by extensions ['python_setup_py']
[0.243s] Level 1:colcon.colcon_core.package_identification:_identify(otos_env) by extension 'python_setup_py'
[0.244s] Level 1:colcon.colcon_core.package_identification:_identify(otos_env/bin) by extensions ['ignore', 'ignore_ament_install']
[0.244s] Level 1:colcon.colcon_core.package_identification:_identify(otos_env/bin) by extension 'ignore'
[0.244s] Level 1:colcon.colcon_core.package_identification:_identify(otos_env/bin) by extension 'ignore_ament_install'
[0.244s] Level 1:colcon.colcon_core.package_identification:_identify(otos_env/bin) by extensions ['colcon_pkg']
[0.244s] Level 1:colcon.colcon_core.package_identification:_identify(otos_env/bin) by extension 'colcon_pkg'
[0.244s] Level 1:colcon.colcon_core.package_identification:_identify(otos_env/bin) by extensions ['colcon_meta']
[0.244s] Level 1:colcon.colcon_core.package_identification:_identify(otos_env/bin) by extension 'colcon_meta'
[0.244s] Level 1:colcon.colcon_core.package_identification:_identify(otos_env/bin) by extensions ['ros']
[0.244s] Level 1:colcon.colcon_core.package_identification:_identify(otos_env/bin) by extension 'ros'
[0.244s] Level 1:colcon.colcon_core.package_identification:_identify(otos_env/bin) by extensions ['cmake', 'python']
[0.244s] Level 1:colcon.colcon_core.package_identification:_identify(otos_env/bin) by extension 'cmake'
[0.244s] Level 1:colcon.colcon_core.package_identification:_identify(otos_env/bin) by extension 'python'
[0.244s] Level 1:colcon.colcon_core.package_identification:_identify(otos_env/bin) by extensions ['python_setup_py']
[0.244s] Level 1:colcon.colcon_core.package_identification:_identify(otos_env/bin) by extension 'python_setup_py'
[0.244s] Level 1:colcon.colcon_core.package_identification:_identify(otos_env/include) by extensions ['ignore', 'ignore_ament_install']
[0.244s] Level 1:colcon.colcon_core.package_identification:_identify(otos_env/include) by extension 'ignore'
[0.244s] Level 1:colcon.colcon_core.package_identification:_identify(otos_env/include) by extension 'ignore_ament_install'
[0.244s] Level 1:colcon.colcon_core.package_identification:_identify(otos_env/include) by extensions ['colcon_pkg']
[0.244s] Level 1:colcon.colcon_core.package_identification:_identify(otos_env/include) by extension 'colcon_pkg'
[0.244s] Level 1:colcon.colcon_core.package_identification:_identify(otos_env/include) by extensions ['colcon_meta']
[0.244s] Level 1:colcon.colcon_core.package_identification:_identify(otos_env/include) by extension 'colcon_meta'
[0.245s] Level 1:colcon.colcon_core.package_identification:_identify(otos_env/include) by extensions ['ros']
[0.245s] Level 1:colcon.colcon_core.package_identification:_identify(otos_env/include) by extension 'ros'
[0.245s] Level 1:colcon.colcon_core.package_identification:_identify(otos_env/include) by extensions ['cmake', 'python']
[0.245s] Level 1:colcon.colcon_core.package_identification:_identify(otos_env/include) by extension 'cmake'
[0.245s] Level 1:colcon.colcon_core.package_identification:_identify(otos_env/include) by extension 'python'
[0.245s] Level 1:colcon.colcon_core.package_identification:_identify(otos_env/include) by extensions ['python_setup_py']
[0.245s] Level 1:colcon.colcon_core.package_identification:_identify(otos_env/include) by extension 'python_setup_py'
[0.245s] Level 1:colcon.colcon_core.package_identification:_identify(otos_env/include/python3.12) by extensions ['ignore', 'ignore_ament_install']
[0.245s] Level 1:colcon.colcon_core.package_identification:_identify(otos_env/include/python3.12) by extension 'ignore'
[0.245s] Level 1:colcon.colcon_core.package_identification:_identify(otos_env/include/python3.12) by extension 'ignore_ament_install'
[0.245s] Level 1:colcon.colcon_core.package_identification:_identify(otos_env/include/python3.12) by extensions ['colcon_pkg']
[0.245s] Level 1:colcon.colcon_core.package_identification:_identify(otos_env/include/python3.12) by extension 'colcon_pkg'
[0.245s] Level 1:colcon.colcon_core.package_identification:_identify(otos_env/include/python3.12) by extensions ['colcon_meta']
[0.245s] Level 1:colcon.colcon_core.package_identification:_identify(otos_env/include/python3.12) by extension 'colcon_meta'
[0.245s] Level 1:colcon.colcon_core.package_identification:_identify(otos_env/include/python3.12) by extensions ['ros']
[0.245s] Level 1:colcon.colcon_core.package_identification:_identify(otos_env/include/python3.12) by extension 'ros'
[0.245s] Level 1:colcon.colcon_core.package_identification:_identify(otos_env/include/python3.12) by extensions ['cmake', 'python']
[0.245s] Level 1:colcon.colcon_core.package_identification:_identify(otos_env/include/python3.12) by extension 'cmake'
[0.245s] Level 1:colcon.colcon_core.package_identification:_identify(otos_env/include/python3.12) by extension 'python'
[0.245s] Level 1:colcon.colcon_core.package_identification:_identify(otos_env/include/python3.12) by extensions ['python_setup_py']
[0.245s] Level 1:colcon.colcon_core.package_identification:_identify(otos_env/include/python3.12) by extension 'python_setup_py'
[0.246s] Level 1:colcon.colcon_core.package_identification:_identify(otos_env/lib) by extensions ['ignore', 'ignore_ament_install']
[0.246s] Level 1:colcon.colcon_core.package_identification:_identify(otos_env/lib) by extension 'ignore'
[0.246s] Level 1:colcon.colcon_core.package_identification:_identify(otos_env/lib) by extension 'ignore_ament_install'
[0.246s] Level 1:colcon.colcon_core.package_identification:_identify(otos_env/lib) by extensions ['colcon_pkg']
[0.246s] Level 1:colcon.colcon_core.package_identification:_identify(otos_env/lib) by extension 'colcon_pkg'
[0.246s] Level 1:colcon.colcon_core.package_identification:_identify(otos_env/lib) by extensions ['colcon_meta']
[0.246s] Level 1:colcon.colcon_core.package_identification:_identify(otos_env/lib) by extension 'colcon_meta'
[0.246s] Level 1:colcon.colcon_core.package_identification:_identify(otos_env/lib) by extensions ['ros']
[0.246s] Level 1:colcon.colcon_core.package_identification:_identify(otos_env/lib) by extension 'ros'
[0.246s] Level 1:colcon.colcon_core.package_identification:_identify(otos_env/lib) by extensions ['cmake', 'python']
[0.246s] Level 1:colcon.colcon_core.package_identification:_identify(otos_env/lib) by extension 'cmake'
[0.246s] Level 1:colcon.colcon_core.package_identification:_identify(otos_env/lib) by extension 'python'
[0.246s] Level 1:colcon.colcon_core.package_identification:_identify(otos_env/lib) by extensions ['python_setup_py']
[0.246s] Level 1:colcon.colcon_core.package_identification:_identify(otos_env/lib) by extension 'python_setup_py'
[0.246s] Level 1:colcon.colcon_core.package_identification:_identify(otos_env/lib/python3.12) by extensions ['ignore', 'ignore_ament_install']
[0.246s] Level 1:colcon.colcon_core.package_identification:_identify(otos_env/lib/python3.12) by extension 'ignore'
[0.246s] Level 1:colcon.colcon_core.package_identification:_identify(otos_env/lib/python3.12) by extension 'ignore_ament_install'
[0.246s] Level 1:colcon.colcon_core.package_identification:_identify(otos_env/lib/python3.12) by extensions ['colcon_pkg']
[0.246s] Level 1:colcon.colcon_core.package_identification:_identify(otos_env/lib/python3.12) by extension 'colcon_pkg'
[0.246s] Level 1:colcon.colcon_core.package_identification:_identify(otos_env/lib/python3.12) by extensions ['colcon_meta']
[0.246s] Level 1:colcon.colcon_core.package_identification:_identify(otos_env/lib/python3.12) by extension 'colcon_meta'
[0.247s] Level 1:colcon.colcon_core.package_identification:_identify(otos_env/lib/python3.12) by extensions ['ros']
[0.247s] Level 1:colcon.colcon_core.package_identification:_identify(otos_env/lib/python3.12) by extension 'ros'
[0.247s] Level 1:colcon.colcon_core.package_identification:_identify(otos_env/lib/python3.12) by extensions ['cmake', 'python']
[0.247s] Level 1:colcon.colcon_core.package_identification:_identify(otos_env/lib/python3.12) by extension 'cmake'
[0.247s] Level 1:colcon.colcon_core.package_identification:_identify(otos_env/lib/python3.12) by extension 'python'
[0.247s] Level 1:colcon.colcon_core.package_identification:_identify(otos_env/lib/python3.12) by extensions ['python_setup_py']
[0.247s] Level 1:colcon.colcon_core.package_identification:_identify(otos_env/lib/python3.12) by extension 'python_setup_py'
[0.247s] Level 1:colcon.colcon_core.package_identification:_identify(otos_env/lib/python3.12/site-packages) by extensions ['ignore', 'ignore_ament_install']
[0.247s] Level 1:colcon.colcon_core.package_identification:_identify(otos_env/lib/python3.12/site-packages) by extension 'ignore'
[0.247s] Level 1:colcon.colcon_core.package_identification:_identify(otos_env/lib/python3.12/site-packages) by extension 'ignore_ament_install'
[0.247s] Level 1:colcon.colcon_core.package_identification:_identify(otos_env/lib/python3.12/site-packages) by extensions ['colcon_pkg']
[0.247s] Level 1:colcon.colcon_core.package_identification:_identify(otos_env/lib/python3.12/site-packages) by extension 'colcon_pkg'
[0.247s] Level 1:colcon.colcon_core.package_identification:_identify(otos_env/lib/python3.12/site-packages) by extensions ['colcon_meta']
[0.247s] Level 1:colcon.colcon_core.package_identification:_identify(otos_env/lib/python3.12/site-packages) by extension 'colcon_meta'
[0.247s] Level 1:colcon.colcon_core.package_identification:_identify(otos_env/lib/python3.12/site-packages) by extensions ['ros']
[0.247s] Level 1:colcon.colcon_core.package_identification:_identify(otos_env/lib/python3.12/site-packages) by extension 'ros'
[0.247s] Level 1:colcon.colcon_core.package_identification:_identify(otos_env/lib/python3.12/site-packages) by extensions ['cmake', 'python']
[0.248s] Level 1:colcon.colcon_core.package_identification:_identify(otos_env/lib/python3.12/site-packages) by extension 'cmake'
[0.248s] Level 1:colcon.colcon_core.package_identification:_identify(otos_env/lib/python3.12/site-packages) by extension 'python'
[0.248s] Level 1:colcon.colcon_core.package_identification:_identify(otos_env/lib/python3.12/site-packages) by extensions ['python_setup_py']
[0.248s] Level 1:colcon.colcon_core.package_identification:_identify(otos_env/lib/python3.12/site-packages) by extension 'python_setup_py'
[0.248s] Level 1:colcon.colcon_core.package_identification:_identify(otos_env/lib/python3.12/site-packages/PyYAML-6.0.2.dist-info) by extensions ['ignore', 'ignore_ament_install']
[0.248s] Level 1:colcon.colcon_core.package_identification:_identify(otos_env/lib/python3.12/site-packages/PyYAML-6.0.2.dist-info) by extension 'ignore'
[0.248s] Level 1:colcon.colcon_core.package_identification:_identify(otos_env/lib/python3.12/site-packages/PyYAML-6.0.2.dist-info) by extension 'ignore_ament_install'
[0.248s] Level 1:colcon.colcon_core.package_identification:_identify(otos_env/lib/python3.12/site-packages/PyYAML-6.0.2.dist-info) by extensions ['colcon_pkg']
[0.248s] Level 1:colcon.colcon_core.package_identification:_identify(otos_env/lib/python3.12/site-packages/PyYAML-6.0.2.dist-info) by extension 'colcon_pkg'
[0.248s] Level 1:colcon.colcon_core.package_identification:_identify(otos_env/lib/python3.12/site-packages/PyYAML-6.0.2.dist-info) by extensions ['colcon_meta']
[0.248s] Level 1:colcon.colcon_core.package_identification:_identify(otos_env/lib/python3.12/site-packages/PyYAML-6.0.2.dist-info) by extension 'colcon_meta'
[0.248s] Level 1:colcon.colcon_core.package_identification:_identify(otos_env/lib/python3.12/site-packages/PyYAML-6.0.2.dist-info) by extensions ['ros']
[0.248s] Level 1:colcon.colcon_core.package_identification:_identify(otos_env/lib/python3.12/site-packages/PyYAML-6.0.2.dist-info) by extension 'ros'
[0.248s] Level 1:colcon.colcon_core.package_identification:_identify(otos_env/lib/python3.12/site-packages/PyYAML-6.0.2.dist-info) by extensions ['cmake', 'python']
[0.248s] Level 1:colcon.colcon_core.package_identification:_identify(otos_env/lib/python3.12/site-packages/PyYAML-6.0.2.dist-info) by extension 'cmake'
[0.248s] Level 1:colcon.colcon_core.package_identification:_identify(otos_env/lib/python3.12/site-packages/PyYAML-6.0.2.dist-info) by extension 'python'
[0.248s] Level 1:colcon.colcon_core.package_identification:_identify(otos_env/lib/python3.12/site-packages/PyYAML-6.0.2.dist-info) by extensions ['python_setup_py']
[0.248s] Level 1:colcon.colcon_core.package_identification:_identify(otos_env/lib/python3.12/site-packages/PyYAML-6.0.2.dist-info) by extension 'python_setup_py'
[0.249s] Level 1:colcon.colcon_core.package_identification:_identify(otos_env/lib/python3.12/site-packages/__pycache__) by extensions ['ignore', 'ignore_ament_install']
[0.249s] Level 1:colcon.colcon_core.package_identification:_identify(otos_env/lib/python3.12/site-packages/__pycache__) by extension 'ignore'
[0.249s] Level 1:colcon.colcon_core.package_identification:_identify(otos_env/lib/python3.12/site-packages/__pycache__) by extension 'ignore_ament_install'
[0.249s] Level 1:colcon.colcon_core.package_identification:_identify(otos_env/lib/python3.12/site-packages/__pycache__) by extensions ['colcon_pkg']
[0.249s] Level 1:colcon.colcon_core.package_identification:_identify(otos_env/lib/python3.12/site-packages/__pycache__) by extension 'colcon_pkg'
[0.249s] Level 1:colcon.colcon_core.package_identification:_identify(otos_env/lib/python3.12/site-packages/__pycache__) by extensions ['colcon_meta']
[0.249s] Level 1:colcon.colcon_core.package_identification:_identify(otos_env/lib/python3.12/site-packages/__pycache__) by extension 'colcon_meta'
[0.249s] Level 1:colcon.colcon_core.package_identification:_identify(otos_env/lib/python3.12/site-packages/__pycache__) by extensions ['ros']
[0.249s] Level 1:colcon.colcon_core.package_identification:_identify(otos_env/lib/python3.12/site-packages/__pycache__) by extension 'ros'
[0.249s] Level 1:colcon.colcon_core.package_identification:_identify(otos_env/lib/python3.12/site-packages/__pycache__) by extensions ['cmake', 'python']
[0.249s] Level 1:colcon.colcon_core.package_identification:_identify(otos_env/lib/python3.12/site-packages/__pycache__) by extension 'cmake'
[0.249s] Level 1:colcon.colcon_core.package_identification:_identify(otos_env/lib/python3.12/site-packages/__pycache__) by extension 'python'
[0.249s] Level 1:colcon.colcon_core.package_identification:_identify(otos_env/lib/python3.12/site-packages/__pycache__) by extensions ['python_setup_py']
[0.249s] Level 1:colcon.colcon_core.package_identification:_identify(otos_env/lib/python3.12/site-packages/__pycache__) by extension 'python_setup_py'
[0.249s] Level 1:colcon.colcon_core.package_identification:_identify(otos_env/lib/python3.12/site-packages/_yaml) by extensions ['ignore', 'ignore_ament_install']
[0.249s] Level 1:colcon.colcon_core.package_identification:_identify(otos_env/lib/python3.12/site-packages/_yaml) by extension 'ignore'
[0.250s] Level 1:colcon.colcon_core.package_identification:_identify(otos_env/lib/python3.12/site-packages/_yaml) by extension 'ignore_ament_install'
[0.250s] Level 1:colcon.colcon_core.package_identification:_identify(otos_env/lib/python3.12/site-packages/_yaml) by extensions ['colcon_pkg']
[0.250s] Level 1:colcon.colcon_core.package_identification:_identify(otos_env/lib/python3.12/site-packages/_yaml) by extension 'colcon_pkg'
[0.250s] Level 1:colcon.colcon_core.package_identification:_identify(otos_env/lib/python3.12/site-packages/_yaml) by extensions ['colcon_meta']
[0.250s] Level 1:colcon.colcon_core.package_identification:_identify(otos_env/lib/python3.12/site-packages/_yaml) by extension 'colcon_meta'
[0.250s] Level 1:colcon.colcon_core.package_identification:_identify(otos_env/lib/python3.12/site-packages/_yaml) by extensions ['ros']
[0.250s] Level 1:colcon.colcon_core.package_identification:_identify(otos_env/lib/python3.12/site-packages/_yaml) by extension 'ros'
[0.250s] Level 1:colcon.colcon_core.package_identification:_identify(otos_env/lib/python3.12/site-packages/_yaml) by extensions ['cmake', 'python']
[0.250s] Level 1:colcon.colcon_core.package_identification:_identify(otos_env/lib/python3.12/site-packages/_yaml) by extension 'cmake'
[0.250s] Level 1:colcon.colcon_core.package_identification:_identify(otos_env/lib/python3.12/site-packages/_yaml) by extension 'python'
[0.250s] Level 1:colcon.colcon_core.package_identification:_identify(otos_env/lib/python3.12/site-packages/_yaml) by extensions ['python_setup_py']
[0.250s] Level 1:colcon.colcon_core.package_identification:_identify(otos_env/lib/python3.12/site-packages/_yaml) by extension 'python_setup_py'
[0.250s] Level 1:colcon.colcon_core.package_identification:_identify(otos_env/lib/python3.12/site-packages/_yaml/__pycache__) by extensions ['ignore', 'ignore_ament_install']
[0.250s] Level 1:colcon.colcon_core.package_identification:_identify(otos_env/lib/python3.12/site-packages/_yaml/__pycache__) by extension 'ignore'
[0.250s] Level 1:colcon.colcon_core.package_identification:_identify(otos_env/lib/python3.12/site-packages/_yaml/__pycache__) by extension 'ignore_ament_install'
[0.250s] Level 1:colcon.colcon_core.package_identification:_identify(otos_env/lib/python3.12/site-packages/_yaml/__pycache__) by extensions ['colcon_pkg']
[0.250s] Level 1:colcon.colcon_core.package_identification:_identify(otos_env/lib/python3.12/site-packages/_yaml/__pycache__) by extension 'colcon_pkg'
[0.250s] Level 1:colcon.colcon_core.package_identification:_identify(otos_env/lib/python3.12/site-packages/_yaml/__pycache__) by extensions ['colcon_meta']
[0.250s] Level 1:colcon.colcon_core.package_identification:_identify(otos_env/lib/python3.12/site-packages/_yaml/__pycache__) by extension 'colcon_meta'
[0.250s] Level 1:colcon.colcon_core.package_identification:_identify(otos_env/lib/python3.12/site-packages/_yaml/__pycache__) by extensions ['ros']
[0.250s] Level 1:colcon.colcon_core.package_identification:_identify(otos_env/lib/python3.12/site-packages/_yaml/__pycache__) by extension 'ros'
[0.251s] Level 1:colcon.colcon_core.package_identification:_identify(otos_env/lib/python3.12/site-packages/_yaml/__pycache__) by extensions ['cmake', 'python']
[0.251s] Level 1:colcon.colcon_core.package_identification:_identify(otos_env/lib/python3.12/site-packages/_yaml/__pycache__) by extension 'cmake'
[0.251s] Level 1:colcon.colcon_core.package_identification:_identify(otos_env/lib/python3.12/site-packages/_yaml/__pycache__) by extension 'python'
[0.251s] Level 1:colcon.colcon_core.package_identification:_identify(otos_env/lib/python3.12/site-packages/_yaml/__pycache__) by extensions ['python_setup_py']
[0.251s] Level 1:colcon.colcon_core.package_identification:_identify(otos_env/lib/python3.12/site-packages/_yaml/__pycache__) by extension 'python_setup_py'
[0.251s] Level 1:colcon.colcon_core.package_identification:_identify(otos_env/lib/python3.12/site-packages/numpy) by extensions ['ignore', 'ignore_ament_install']
[0.251s] Level 1:colcon.colcon_core.package_identification:_identify(otos_env/lib/python3.12/site-packages/numpy) by extension 'ignore'
[0.251s] Level 1:colcon.colcon_core.package_identification:_identify(otos_env/lib/python3.12/site-packages/numpy) by extension 'ignore_ament_install'
[0.251s] Level 1:colcon.colcon_core.package_identification:_identify(otos_env/lib/python3.12/site-packages/numpy) by extensions ['colcon_pkg']
[0.251s] Level 1:colcon.colcon_core.package_identification:_identify(otos_env/lib/python3.12/site-packages/numpy) by extension 'colcon_pkg'
[0.251s] Level 1:colcon.colcon_core.package_identification:_identify(otos_env/lib/python3.12/site-packages/numpy) by extensions ['colcon_meta']
[0.251s] Level 1:colcon.colcon_core.package_identification:_identify(otos_env/lib/python3.12/site-packages/numpy) by extension 'colcon_meta'
[0.251s] Level 1:colcon.colcon_core.package_identification:_identify(otos_env/lib/python3.12/site-packages/numpy) by extensions ['ros']
[0.251s] Level 1:colcon.colcon_core.package_identification:_identify(otos_env/lib/python3.12/site-packages/numpy) by extension 'ros'
[0.251s] Level 1:colcon.colcon_core.package_identification:_identify(otos_env/lib/python3.12/site-packages/numpy) by extensions ['cmake', 'python']
[0.251s] Level 1:colcon.colcon_core.package_identification:_identify(otos_env/lib/python3.12/site-packages/numpy) by extension 'cmake'
[0.251s] Level 1:colcon.colcon_core.package_identification:_identify(otos_env/lib/python3.12/site-packages/numpy) by extension 'python'
[0.251s] Level 1:colcon.colcon_core.package_identification:_identify(otos_env/lib/python3.12/site-packages/numpy) by extensions ['python_setup_py']
[0.251s] Level 1:colcon.colcon_core.package_identification:_identify(otos_env/lib/python3.12/site-packages/numpy) by extension 'python_setup_py'
[0.252s] Level 1:colcon.colcon_core.package_identification:_identify(otos_env/lib/python3.12/site-packages/numpy/__pycache__) by extensions ['ignore', 'ignore_ament_install']
[0.252s] Level 1:colcon.colcon_core.package_identification:_identify(otos_env/lib/python3.12/site-packages/numpy/__pycache__) by extension 'ignore'
[0.252s] Level 1:colcon.colcon_core.package_identification:_identify(otos_env/lib/python3.12/site-packages/numpy/__pycache__) by extension 'ignore_ament_install'
[0.252s] Level 1:colcon.colcon_core.package_identification:_identify(otos_env/lib/python3.12/site-packages/numpy/__pycache__) by extensions ['colcon_pkg']
[0.252s] Level 1:colcon.colcon_core.package_identification:_identify(otos_env/lib/python3.12/site-packages/numpy/__pycache__) by extension 'colcon_pkg'
[0.252s] Level 1:colcon.colcon_core.package_identification:_identify(otos_env/lib/python3.12/site-packages/numpy/__pycache__) by extensions ['colcon_meta']
[0.252s] Level 1:colcon.colcon_core.package_identification:_identify(otos_env/lib/python3.12/site-packages/numpy/__pycache__) by extension 'colcon_meta'
[0.252s] Level 1:colcon.colcon_core.package_identification:_identify(otos_env/lib/python3.12/site-packages/numpy/__pycache__) by extensions ['ros']
[0.252s] Level 1:colcon.colcon_core.package_identification:_identify(otos_env/lib/python3.12/site-packages/numpy/__pycache__) by extension 'ros'
[0.252s] Level 1:colcon.colcon_core.package_identification:_identify(otos_env/lib/python3.12/site-packages/numpy/__pycache__) by extensions ['cmake', 'python']
[0.252s] Level 1:colcon.colcon_core.package_identification:_identify(otos_env/lib/python3.12/site-packages/numpy/__pycache__) by extension 'cmake'
[0.252s] Level 1:colcon.colcon_core.package_identification:_identify(otos_env/lib/python3.12/site-packages/numpy/__pycache__) by extension 'python'
[0.252s] Level 1:colcon.colcon_core.package_identification:_identify(otos_env/lib/python3.12/site-packages/numpy/__pycache__) by extensions ['python_setup_py']
[0.252s] Level 1:colcon.colcon_core.package_identification:_identify(otos_env/lib/python3.12/site-packages/numpy/__pycache__) by extension 'python_setup_py'
[0.252s] Level 1:colcon.colcon_core.package_identification:_identify(otos_env/lib/python3.12/site-packages/numpy/_core) by extensions ['ignore', 'ignore_ament_install']
[0.253s] Level 1:colcon.colcon_core.package_identification:_identify(otos_env/lib/python3.12/site-packages/numpy/_core) by extension 'ignore'
[0.253s] Level 1:colcon.colcon_core.package_identification:_identify(otos_env/lib/python3.12/site-packages/numpy/_core) by extension 'ignore_ament_install'
[0.253s] Level 1:colcon.colcon_core.package_identification:_identify(otos_env/lib/python3.12/site-packages/numpy/_core) by extensions ['colcon_pkg']
[0.253s] Level 1:colcon.colcon_core.package_identification:_identify(otos_env/lib/python3.12/site-packages/numpy/_core) by extension 'colcon_pkg'
[0.253s] Level 1:colcon.colcon_core.package_identification:_identify(otos_env/lib/python3.12/site-packages/numpy/_core) by extensions ['colcon_meta']
[0.253s] Level 1:colcon.colcon_core.package_identification:_identify(otos_env/lib/python3.12/site-packages/numpy/_core) by extension 'colcon_meta'
[0.253s] Level 1:colcon.colcon_core.package_identification:_identify(otos_env/lib/python3.12/site-packages/numpy/_core) by extensions ['ros']
[0.253s] Level 1:colcon.colcon_core.package_identification:_identify(otos_env/lib/python3.12/site-packages/numpy/_core) by extension 'ros'
[0.253s] Level 1:colcon.colcon_core.package_identification:_identify(otos_env/lib/python3.12/site-packages/numpy/_core) by extensions ['cmake', 'python']
[0.253s] Level 1:colcon.colcon_core.package_identification:_identify(otos_env/lib/python3.12/site-packages/numpy/_core) by extension 'cmake'
[0.253s] Level 1:colcon.colcon_core.package_identification:_identify(otos_env/lib/python3.12/site-packages/numpy/_core) by extension 'python'
[0.253s] Level 1:colcon.colcon_core.package_identification:_identify(otos_env/lib/python3.12/site-packages/numpy/_core) by extensions ['python_setup_py']
[0.253s] Level 1:colcon.colcon_core.package_identification:_identify(otos_env/lib/python3.12/site-packages/numpy/_core) by extension 'python_setup_py'
[0.253s] Level 1:colcon.colcon_core.package_identification:_identify(otos_env/lib/python3.12/site-packages/numpy/_core/__pycache__) by extensions ['ignore', 'ignore_ament_install']
[0.253s] Level 1:colcon.colcon_core.package_identification:_identify(otos_env/lib/python3.12/site-packages/numpy/_core/__pycache__) by extension 'ignore'
[0.253s] Level 1:colcon.colcon_core.package_identification:_identify(otos_env/lib/python3.12/site-packages/numpy/_core/__pycache__) by extension 'ignore_ament_install'
[0.253s] Level 1:colcon.colcon_core.package_identification:_identify(otos_env/lib/python3.12/site-packages/numpy/_core/__pycache__) by extensions ['colcon_pkg']
[0.253s] Level 1:colcon.colcon_core.package_identification:_identify(otos_env/lib/python3.12/site-packages/numpy/_core/__pycache__) by extension 'colcon_pkg'
[0.253s] Level 1:colcon.colcon_core.package_identification:_identify(otos_env/lib/python3.12/site-packages/numpy/_core/__pycache__) by extensions ['colcon_meta']
[0.254s] Level 1:colcon.colcon_core.package_identification:_identify(otos_env/lib/python3.12/site-packages/numpy/_core/__pycache__) by extension 'colcon_meta'
[0.254s] Level 1:colcon.colcon_core.package_identification:_identify(otos_env/lib/python3.12/site-packages/numpy/_core/__pycache__) by extensions ['ros']
[0.254s] Level 1:colcon.colcon_core.package_identification:_identify(otos_env/lib/python3.12/site-packages/numpy/_core/__pycache__) by extension 'ros'
[0.254s] Level 1:colcon.colcon_core.package_identification:_identify(otos_env/lib/python3.12/site-packages/numpy/_core/__pycache__) by extensions ['cmake', 'python']
[0.254s] Level 1:colcon.colcon_core.package_identification:_identify(otos_env/lib/python3.12/site-packages/numpy/_core/__pycache__) by extension 'cmake'
[0.254s] Level 1:colcon.colcon_core.package_identification:_identify(otos_env/lib/python3.12/site-packages/numpy/_core/__pycache__) by extension 'python'
[0.254s] Level 1:colcon.colcon_core.package_identification:_identify(otos_env/lib/python3.12/site-packages/numpy/_core/__pycache__) by extensions ['python_setup_py']
[0.254s] Level 1:colcon.colcon_core.package_identification:_identify(otos_env/lib/python3.12/site-packages/numpy/_core/__pycache__) by extension 'python_setup_py'
[0.254s] Level 1:colcon.colcon_core.package_identification:_identify(otos_env/lib/python3.12/site-packages/numpy/_core/include) by extensions ['ignore', 'ignore_ament_install']
[0.254s] Level 1:colcon.colcon_core.package_identification:_identify(otos_env/lib/python3.12/site-packages/numpy/_core/include) by extension 'ignore'
[0.254s] Level 1:colcon.colcon_core.package_identification:_identify(otos_env/lib/python3.12/site-packages/numpy/_core/include) by extension 'ignore_ament_install'
[0.254s] Level 1:colcon.colcon_core.package_identification:_identify(otos_env/lib/python3.12/site-packages/numpy/_core/include) by extensions ['colcon_pkg']
[0.254s] Level 1:colcon.colcon_core.package_identification:_identify(otos_env/lib/python3.12/site-packages/numpy/_core/include) by extension 'colcon_pkg'
[0.254s] Level 1:colcon.colcon_core.package_identification:_identify(otos_env/lib/python3.12/site-packages/numpy/_core/include) by extensions ['colcon_meta']
[0.254s] Level 1:colcon.colcon_core.package_identification:_identify(otos_env/lib/python3.12/site-packages/numpy/_core/include) by extension 'colcon_meta'
[0.254s] Level 1:colcon.colcon_core.package_identification:_identify(otos_env/lib/python3.12/site-packages/numpy/_core/include) by extensions ['ros']
[0.254s] Level 1:colcon.colcon_core.package_identification:_identify(otos_env/lib/python3.12/site-packages/numpy/_core/include) by extension 'ros'
[0.254s] Level 1:colcon.colcon_core.package_identification:_identify(otos_env/lib/python3.12/site-packages/numpy/_core/include) by extensions ['cmake', 'python']
[0.254s] Level 1:colcon.colcon_core.package_identification:_identify(otos_env/lib/python3.12/site-packages/numpy/_core/include) by extension 'cmake'
[0.255s] Level 1:colcon.colcon_core.package_identification:_identify(otos_env/lib/python3.12/site-packages/numpy/_core/include) by extension 'python'
[0.255s] Level 1:colcon.colcon_core.package_identification:_identify(otos_env/lib/python3.12/site-packages/numpy/_core/include) by extensions ['python_setup_py']
[0.255s] Level 1:colcon.colcon_core.package_identification:_identify(otos_env/lib/python3.12/site-packages/numpy/_core/include) by extension 'python_setup_py'
[0.255s] Level 1:colcon.colcon_core.package_identification:_identify(otos_env/lib/python3.12/site-packages/numpy/_core/include/numpy) by extensions ['ignore', 'ignore_ament_install']
[0.255s] Level 1:colcon.colcon_core.package_identification:_identify(otos_env/lib/python3.12/site-packages/numpy/_core/include/numpy) by extension 'ignore'
[0.255s] Level 1:colcon.colcon_core.package_identification:_identify(otos_env/lib/python3.12/site-packages/numpy/_core/include/numpy) by extension 'ignore_ament_install'
[0.255s] Level 1:colcon.colcon_core.package_identification:_identify(otos_env/lib/python3.12/site-packages/numpy/_core/include/numpy) by extensions ['colcon_pkg']
[0.255s] Level 1:colcon.colcon_core.package_identification:_identify(otos_env/lib/python3.12/site-packages/numpy/_core/include/numpy) by extension 'colcon_pkg'
[0.255s] Level 1:colcon.colcon_core.package_identification:_identify(otos_env/lib/python3.12/site-packages/numpy/_core/include/numpy) by extensions ['colcon_meta']
[0.255s] Level 1:colcon.colcon_core.package_identification:_identify(otos_env/lib/python3.12/site-packages/numpy/_core/include/numpy) by extension 'colcon_meta'
[0.255s] Level 1:colcon.colcon_core.package_identification:_identify(otos_env/lib/python3.12/site-packages/numpy/_core/include/numpy) by extensions ['ros']
[0.255s] Level 1:colcon.colcon_core.package_identification:_identify(otos_env/lib/python3.12/site-packages/numpy/_core/include/numpy) by extension 'ros'
[0.255s] Level 1:colcon.colcon_core.package_identification:_identify(otos_env/lib/python3.12/site-packages/numpy/_core/include/numpy) by extensions ['cmake', 'python']
[0.255s] Level 1:colcon.colcon_core.package_identification:_identify(otos_env/lib/python3.12/site-packages/numpy/_core/include/numpy) by extension 'cmake'
[0.255s] Level 1:colcon.colcon_core.package_identification:_identify(otos_env/lib/python3.12/site-packages/numpy/_core/include/numpy) by extension 'python'
[0.255s] Level 1:colcon.colcon_core.package_identification:_identify(otos_env/lib/python3.12/site-packages/numpy/_core/include/numpy) by extensions ['python_setup_py']
[0.255s] Level 1:colcon.colcon_core.package_identification:_identify(otos_env/lib/python3.12/site-packages/numpy/_core/include/numpy) by extension 'python_setup_py'
[0.256s] Level 1:colcon.colcon_core.package_identification:_identify(otos_env/lib/python3.12/site-packages/numpy/_core/include/numpy/random) by extensions ['ignore', 'ignore_ament_install']
[0.256s] Level 1:colcon.colcon_core.package_identification:_identify(otos_env/lib/python3.12/site-packages/numpy/_core/include/numpy/random) by extension 'ignore'
[0.256s] Level 1:colcon.colcon_core.package_identification:_identify(otos_env/lib/python3.12/site-packages/numpy/_core/include/numpy/random) by extension 'ignore_ament_install'
[0.256s] Level 1:colcon.colcon_core.package_identification:_identify(otos_env/lib/python3.12/site-packages/numpy/_core/include/numpy/random) by extensions ['colcon_pkg']
[0.256s] Level 1:colcon.colcon_core.package_identification:_identify(otos_env/lib/python3.12/site-packages/numpy/_core/include/numpy/random) by extension 'colcon_pkg'
[0.256s] Level 1:colcon.colcon_core.package_identification:_identify(otos_env/lib/python3.12/site-packages/numpy/_core/include/numpy/random) by extensions ['colcon_meta']
[0.256s] Level 1:colcon.colcon_core.package_identification:_identify(otos_env/lib/python3.12/site-packages/numpy/_core/include/numpy/random) by extension 'colcon_meta'
[0.256s] Level 1:colcon.colcon_core.package_identification:_identify(otos_env/lib/python3.12/site-packages/numpy/_core/include/numpy/random) by extensions ['ros']
[0.256s] Level 1:colcon.colcon_core.package_identification:_identify(otos_env/lib/python3.12/site-packages/numpy/_core/include/numpy/random) by extension 'ros'
[0.256s] Level 1:colcon.colcon_core.package_identification:_identify(otos_env/lib/python3.12/site-packages/numpy/_core/include/numpy/random) by extensions ['cmake', 'python']
[0.256s] Level 1:colcon.colcon_core.package_identification:_identify(otos_env/lib/python3.12/site-packages/numpy/_core/include/numpy/random) by extension 'cmake'
[0.256s] Level 1:colcon.colcon_core.package_identification:_identify(otos_env/lib/python3.12/site-packages/numpy/_core/include/numpy/random) by extension 'python'
[0.256s] Level 1:colcon.colcon_core.package_identification:_identify(otos_env/lib/python3.12/site-packages/numpy/_core/include/numpy/random) by extensions ['python_setup_py']
[0.256s] Level 1:colcon.colcon_core.package_identification:_identify(otos_env/lib/python3.12/site-packages/numpy/_core/include/numpy/random) by extension 'python_setup_py'
[0.256s] Level 1:colcon.colcon_core.package_identification:_identify(otos_env/lib/python3.12/site-packages/numpy/_core/lib) by extensions ['ignore', 'ignore_ament_install']
[0.256s] Level 1:colcon.colcon_core.package_identification:_identify(otos_env/lib/python3.12/site-packages/numpy/_core/lib) by extension 'ignore'
[0.256s] Level 1:colcon.colcon_core.package_identification:_identify(otos_env/lib/python3.12/site-packages/numpy/_core/lib) by extension 'ignore_ament_install'
[0.256s] Level 1:colcon.colcon_core.package_identification:_identify(otos_env/lib/python3.12/site-packages/numpy/_core/lib) by extensions ['colcon_pkg']
[0.256s] Level 1:colcon.colcon_core.package_identification:_identify(otos_env/lib/python3.12/site-packages/numpy/_core/lib) by extension 'colcon_pkg'
[0.257s] Level 1:colcon.colcon_core.package_identification:_identify(otos_env/lib/python3.12/site-packages/numpy/_core/lib) by extensions ['colcon_meta']
[0.257s] Level 1:colcon.colcon_core.package_identification:_identify(otos_env/lib/python3.12/site-packages/numpy/_core/lib) by extension 'colcon_meta'
[0.257s] Level 1:colcon.colcon_core.package_identification:_identify(otos_env/lib/python3.12/site-packages/numpy/_core/lib) by extensions ['ros']
[0.257s] Level 1:colcon.colcon_core.package_identification:_identify(otos_env/lib/python3.12/site-packages/numpy/_core/lib) by extension 'ros'
[0.257s] Level 1:colcon.colcon_core.package_identification:_identify(otos_env/lib/python3.12/site-packages/numpy/_core/lib) by extensions ['cmake', 'python']
[0.257s] Level 1:colcon.colcon_core.package_identification:_identify(otos_env/lib/python3.12/site-packages/numpy/_core/lib) by extension 'cmake'
[0.257s] Level 1:colcon.colcon_core.package_identification:_identify(otos_env/lib/python3.12/site-packages/numpy/_core/lib) by extension 'python'
[0.257s] Level 1:colcon.colcon_core.package_identification:_identify(otos_env/lib/python3.12/site-packages/numpy/_core/lib) by extensions ['python_setup_py']
[0.257s] Level 1:colcon.colcon_core.package_identification:_identify(otos_env/lib/python3.12/site-packages/numpy/_core/lib) by extension 'python_setup_py'
[0.257s] Level 1:colcon.colcon_core.package_identification:_identify(otos_env/lib/python3.12/site-packages/numpy/_core/lib/npy-pkg-config) by extensions ['ignore', 'ignore_ament_install']
[0.257s] Level 1:colcon.colcon_core.package_identification:_identify(otos_env/lib/python3.12/site-packages/numpy/_core/lib/npy-pkg-config) by extension 'ignore'
[0.257s] Level 1:colcon.colcon_core.package_identification:_identify(otos_env/lib/python3.12/site-packages/numpy/_core/lib/npy-pkg-config) by extension 'ignore_ament_install'
[0.257s] Level 1:colcon.colcon_core.package_identification:_identify(otos_env/lib/python3.12/site-packages/numpy/_core/lib/npy-pkg-config) by extensions ['colcon_pkg']
[0.257s] Level 1:colcon.colcon_core.package_identification:_identify(otos_env/lib/python3.12/site-packages/numpy/_core/lib/npy-pkg-config) by extension 'colcon_pkg'
[0.257s] Level 1:colcon.colcon_core.package_identification:_identify(otos_env/lib/python3.12/site-packages/numpy/_core/lib/npy-pkg-config) by extensions ['colcon_meta']
[0.257s] Level 1:colcon.colcon_core.package_identification:_identify(otos_env/lib/python3.12/site-packages/numpy/_core/lib/npy-pkg-config) by extension 'colcon_meta'
[0.257s] Level 1:colcon.colcon_core.package_identification:_identify(otos_env/lib/python3.12/site-packages/numpy/_core/lib/npy-pkg-config) by extensions ['ros']
[0.257s] Level 1:colcon.colcon_core.package_identification:_identify(otos_env/lib/python3.12/site-packages/numpy/_core/lib/npy-pkg-config) by extension 'ros'
[0.258s] Level 1:colcon.colcon_core.package_identification:_identify(otos_env/lib/python3.12/site-packages/numpy/_core/lib/npy-pkg-config) by extensions ['cmake', 'python']
[0.258s] Level 1:colcon.colcon_core.package_identification:_identify(otos_env/lib/python3.12/site-packages/numpy/_core/lib/npy-pkg-config) by extension 'cmake'
[0.258s] Level 1:colcon.colcon_core.package_identification:_identify(otos_env/lib/python3.12/site-packages/numpy/_core/lib/npy-pkg-config) by extension 'python'
[0.258s] Level 1:colcon.colcon_core.package_identification:_identify(otos_env/lib/python3.12/site-packages/numpy/_core/lib/npy-pkg-config) by extensions ['python_setup_py']
[0.258s] Level 1:colcon.colcon_core.package_identification:_identify(otos_env/lib/python3.12/site-packages/numpy/_core/lib/npy-pkg-config) by extension 'python_setup_py'
[0.258s] Level 1:colcon.colcon_core.package_identification:_identify(otos_env/lib/python3.12/site-packages/numpy/_core/lib/pkgconfig) by extensions ['ignore', 'ignore_ament_install']
[0.258s] Level 1:colcon.colcon_core.package_identification:_identify(otos_env/lib/python3.12/site-packages/numpy/_core/lib/pkgconfig) by extension 'ignore'
[0.258s] Level 1:colcon.colcon_core.package_identification:_identify(otos_env/lib/python3.12/site-packages/numpy/_core/lib/pkgconfig) by extension 'ignore_ament_install'
[0.258s] Level 1:colcon.colcon_core.package_identification:_identify(otos_env/lib/python3.12/site-packages/numpy/_core/lib/pkgconfig) by extensions ['colcon_pkg']
[0.258s] Level 1:colcon.colcon_core.package_identification:_identify(otos_env/lib/python3.12/site-packages/numpy/_core/lib/pkgconfig) by extension 'colcon_pkg'
[0.258s] Level 1:colcon.colcon_core.package_identification:_identify(otos_env/lib/python3.12/site-packages/numpy/_core/lib/pkgconfig) by extensions ['colcon_meta']
[0.258s] Level 1:colcon.colcon_core.package_identification:_identify(otos_env/lib/python3.12/site-packages/numpy/_core/lib/pkgconfig) by extension 'colcon_meta'
[0.258s] Level 1:colcon.colcon_core.package_identification:_identify(otos_env/lib/python3.12/site-packages/numpy/_core/lib/pkgconfig) by extensions ['ros']
[0.258s] Level 1:colcon.colcon_core.package_identification:_identify(otos_env/lib/python3.12/site-packages/numpy/_core/lib/pkgconfig) by extension 'ros'
[0.258s] Level 1:colcon.colcon_core.package_identification:_identify(otos_env/lib/python3.12/site-packages/numpy/_core/lib/pkgconfig) by extensions ['cmake', 'python']
[0.258s] Level 1:colcon.colcon_core.package_identification:_identify(otos_env/lib/python3.12/site-packages/numpy/_core/lib/pkgconfig) by extension 'cmake'
[0.258s] Level 1:colcon.colcon_core.package_identification:_identify(otos_env/lib/python3.12/site-packages/numpy/_core/lib/pkgconfig) by extension 'python'
[0.258s] Level 1:colcon.colcon_core.package_identification:_identify(otos_env/lib/python3.12/site-packages/numpy/_core/lib/pkgconfig) by extensions ['python_setup_py']
[0.258s] Level 1:colcon.colcon_core.package_identification:_identify(otos_env/lib/python3.12/site-packages/numpy/_core/lib/pkgconfig) by extension 'python_setup_py'
[0.259s] Level 1:colcon.colcon_core.package_identification:_identify(otos_env/lib/python3.12/site-packages/numpy/_core/tests) by extensions ['ignore', 'ignore_ament_install']
[0.259s] Level 1:colcon.colcon_core.package_identification:_identify(otos_env/lib/python3.12/site-packages/numpy/_core/tests) by extension 'ignore'
[0.259s] Level 1:colcon.colcon_core.package_identification:_identify(otos_env/lib/python3.12/site-packages/numpy/_core/tests) by extension 'ignore_ament_install'
[0.259s] Level 1:colcon.colcon_core.package_identification:_identify(otos_env/lib/python3.12/site-packages/numpy/_core/tests) by extensions ['colcon_pkg']
[0.259s] Level 1:colcon.colcon_core.package_identification:_identify(otos_env/lib/python3.12/site-packages/numpy/_core/tests) by extension 'colcon_pkg'
[0.259s] Level 1:colcon.colcon_core.package_identification:_identify(otos_env/lib/python3.12/site-packages/numpy/_core/tests) by extensions ['colcon_meta']
[0.259s] Level 1:colcon.colcon_core.package_identification:_identify(otos_env/lib/python3.12/site-packages/numpy/_core/tests) by extension 'colcon_meta'
[0.259s] Level 1:colcon.colcon_core.package_identification:_identify(otos_env/lib/python3.12/site-packages/numpy/_core/tests) by extensions ['ros']
[0.259s] Level 1:colcon.colcon_core.package_identification:_identify(otos_env/lib/python3.12/site-packages/numpy/_core/tests) by extension 'ros'
[0.259s] Level 1:colcon.colcon_core.package_identification:_identify(otos_env/lib/python3.12/site-packages/numpy/_core/tests) by extensions ['cmake', 'python']
[0.259s] Level 1:colcon.colcon_core.package_identification:_identify(otos_env/lib/python3.12/site-packages/numpy/_core/tests) by extension 'cmake'
[0.259s] Level 1:colcon.colcon_core.package_identification:_identify(otos_env/lib/python3.12/site-packages/numpy/_core/tests) by extension 'python'
[0.259s] Level 1:colcon.colcon_core.package_identification:_identify(otos_env/lib/python3.12/site-packages/numpy/_core/tests) by extensions ['python_setup_py']
[0.259s] Level 1:colcon.colcon_core.package_identification:_identify(otos_env/lib/python3.12/site-packages/numpy/_core/tests) by extension 'python_setup_py'
[0.259s] Level 1:colcon.colcon_core.package_identification:_identify(otos_env/lib/python3.12/site-packages/numpy/_core/tests/__pycache__) by extensions ['ignore', 'ignore_ament_install']
[0.259s] Level 1:colcon.colcon_core.package_identification:_identify(otos_env/lib/python3.12/site-packages/numpy/_core/tests/__pycache__) by extension 'ignore'
[0.260s] Level 1:colcon.colcon_core.package_identification:_identify(otos_env/lib/python3.12/site-packages/numpy/_core/tests/__pycache__) by extension 'ignore_ament_install'
[0.260s] Level 1:colcon.colcon_core.package_identification:_identify(otos_env/lib/python3.12/site-packages/numpy/_core/tests/__pycache__) by extensions ['colcon_pkg']
[0.260s] Level 1:colcon.colcon_core.package_identification:_identify(otos_env/lib/python3.12/site-packages/numpy/_core/tests/__pycache__) by extension 'colcon_pkg'
[0.260s] Level 1:colcon.colcon_core.package_identification:_identify(otos_env/lib/python3.12/site-packages/numpy/_core/tests/__pycache__) by extensions ['colcon_meta']
[0.260s] Level 1:colcon.colcon_core.package_identification:_identify(otos_env/lib/python3.12/site-packages/numpy/_core/tests/__pycache__) by extension 'colcon_meta'
[0.260s] Level 1:colcon.colcon_core.package_identification:_identify(otos_env/lib/python3.12/site-packages/numpy/_core/tests/__pycache__) by extensions ['ros']
[0.260s] Level 1:colcon.colcon_core.package_identification:_identify(otos_env/lib/python3.12/site-packages/numpy/_core/tests/__pycache__) by extension 'ros'
[0.260s] Level 1:colcon.colcon_core.package_identification:_identify(otos_env/lib/python3.12/site-packages/numpy/_core/tests/__pycache__) by extensions ['cmake', 'python']
[0.260s] Level 1:colcon.colcon_core.package_identification:_identify(otos_env/lib/python3.12/site-packages/numpy/_core/tests/__pycache__) by extension 'cmake'
[0.260s] Level 1:colcon.colcon_core.package_identification:_identify(otos_env/lib/python3.12/site-packages/numpy/_core/tests/__pycache__) by extension 'python'
[0.260s] Level 1:colcon.colcon_core.package_identification:_identify(otos_env/lib/python3.12/site-packages/numpy/_core/tests/__pycache__) by extensions ['python_setup_py']
[0.260s] Level 1:colcon.colcon_core.package_identification:_identify(otos_env/lib/python3.12/site-packages/numpy/_core/tests/__pycache__) by extension 'python_setup_py'
[0.260s] Level 1:colcon.colcon_core.package_identification:_identify(otos_env/lib/python3.12/site-packages/numpy/_core/tests/data) by extensions ['ignore', 'ignore_ament_install']
[0.260s] Level 1:colcon.colcon_core.package_identification:_identify(otos_env/lib/python3.12/site-packages/numpy/_core/tests/data) by extension 'ignore'
[0.260s] Level 1:colcon.colcon_core.package_identification:_identify(otos_env/lib/python3.12/site-packages/numpy/_core/tests/data) by extension 'ignore_ament_install'
[0.260s] Level 1:colcon.colcon_core.package_identification:_identify(otos_env/lib/python3.12/site-packages/numpy/_core/tests/data) by extensions ['colcon_pkg']
[0.260s] Level 1:colcon.colcon_core.package_identification:_identify(otos_env/lib/python3.12/site-packages/numpy/_core/tests/data) by extension 'colcon_pkg'
[0.261s] Level 1:colcon.colcon_core.package_identification:_identify(otos_env/lib/python3.12/site-packages/numpy/_core/tests/data) by extensions ['colcon_meta']
[0.261s] Level 1:colcon.colcon_core.package_identification:_identify(otos_env/lib/python3.12/site-packages/numpy/_core/tests/data) by extension 'colcon_meta'
[0.261s] Level 1:colcon.colcon_core.package_identification:_identify(otos_env/lib/python3.12/site-packages/numpy/_core/tests/data) by extensions ['ros']
[0.261s] Level 1:colcon.colcon_core.package_identification:_identify(otos_env/lib/python3.12/site-packages/numpy/_core/tests/data) by extension 'ros'
[0.261s] Level 1:colcon.colcon_core.package_identification:_identify(otos_env/lib/python3.12/site-packages/numpy/_core/tests/data) by extensions ['cmake', 'python']
[0.261s] Level 1:colcon.colcon_core.package_identification:_identify(otos_env/lib/python3.12/site-packages/numpy/_core/tests/data) by extension 'cmake'
[0.261s] Level 1:colcon.colcon_core.package_identification:_identify(otos_env/lib/python3.12/site-packages/numpy/_core/tests/data) by extension 'python'
[0.261s] Level 1:colcon.colcon_core.package_identification:_identify(otos_env/lib/python3.12/site-packages/numpy/_core/tests/data) by extensions ['python_setup_py']
[0.261s] Level 1:colcon.colcon_core.package_identification:_identify(otos_env/lib/python3.12/site-packages/numpy/_core/tests/data) by extension 'python_setup_py'
[0.261s] Level 1:colcon.colcon_core.package_identification:_identify(otos_env/lib/python3.12/site-packages/numpy/_core/tests/examples) by extensions ['ignore', 'ignore_ament_install']
[0.261s] Level 1:colcon.colcon_core.package_identification:_identify(otos_env/lib/python3.12/site-packages/numpy/_core/tests/examples) by extension 'ignore'
[0.261s] Level 1:colcon.colcon_core.package_identification:_identify(otos_env/lib/python3.12/site-packages/numpy/_core/tests/examples) by extension 'ignore_ament_install'
[0.261s] Level 1:colcon.colcon_core.package_identification:_identify(otos_env/lib/python3.12/site-packages/numpy/_core/tests/examples) by extensions ['colcon_pkg']
[0.261s] Level 1:colcon.colcon_core.package_identification:_identify(otos_env/lib/python3.12/site-packages/numpy/_core/tests/examples) by extension 'colcon_pkg'
[0.261s] Level 1:colcon.colcon_core.package_identification:_identify(otos_env/lib/python3.12/site-packages/numpy/_core/tests/examples) by extensions ['colcon_meta']
[0.261s] Level 1:colcon.colcon_core.package_identification:_identify(otos_env/lib/python3.12/site-packages/numpy/_core/tests/examples) by extension 'colcon_meta'
[0.261s] Level 1:colcon.colcon_core.package_identification:_identify(otos_env/lib/python3.12/site-packages/numpy/_core/tests/examples) by extensions ['ros']
[0.261s] Level 1:colcon.colcon_core.package_identification:_identify(otos_env/lib/python3.12/site-packages/numpy/_core/tests/examples) by extension 'ros'
[0.261s] Level 1:colcon.colcon_core.package_identification:_identify(otos_env/lib/python3.12/site-packages/numpy/_core/tests/examples) by extensions ['cmake', 'python']
[0.261s] Level 1:colcon.colcon_core.package_identification:_identify(otos_env/lib/python3.12/site-packages/numpy/_core/tests/examples) by extension 'cmake'
[0.262s] Level 1:colcon.colcon_core.package_identification:_identify(otos_env/lib/python3.12/site-packages/numpy/_core/tests/examples) by extension 'python'
[0.262s] Level 1:colcon.colcon_core.package_identification:_identify(otos_env/lib/python3.12/site-packages/numpy/_core/tests/examples) by extensions ['python_setup_py']
[0.262s] Level 1:colcon.colcon_core.package_identification:_identify(otos_env/lib/python3.12/site-packages/numpy/_core/tests/examples) by extension 'python_setup_py'
[0.262s] Level 1:colcon.colcon_core.package_identification:_identify(otos_env/lib/python3.12/site-packages/numpy/_core/tests/examples/cython) by extensions ['ignore', 'ignore_ament_install']
[0.262s] Level 1:colcon.colcon_core.package_identification:_identify(otos_env/lib/python3.12/site-packages/numpy/_core/tests/examples/cython) by extension 'ignore'
[0.262s] Level 1:colcon.colcon_core.package_identification:_identify(otos_env/lib/python3.12/site-packages/numpy/_core/tests/examples/cython) by extension 'ignore_ament_install'
[0.262s] Level 1:colcon.colcon_core.package_identification:_identify(otos_env/lib/python3.12/site-packages/numpy/_core/tests/examples/cython) by extensions ['colcon_pkg']
[0.262s] Level 1:colcon.colcon_core.package_identification:_identify(otos_env/lib/python3.12/site-packages/numpy/_core/tests/examples/cython) by extension 'colcon_pkg'
[0.262s] Level 1:colcon.colcon_core.package_identification:_identify(otos_env/lib/python3.12/site-packages/numpy/_core/tests/examples/cython) by extensions ['colcon_meta']
[0.262s] Level 1:colcon.colcon_core.package_identification:_identify(otos_env/lib/python3.12/site-packages/numpy/_core/tests/examples/cython) by extension 'colcon_meta'
[0.262s] Level 1:colcon.colcon_core.package_identification:_identify(otos_env/lib/python3.12/site-packages/numpy/_core/tests/examples/cython) by extensions ['ros']
[0.262s] Level 1:colcon.colcon_core.package_identification:_identify(otos_env/lib/python3.12/site-packages/numpy/_core/tests/examples/cython) by extension 'ros'
[0.262s] Level 1:colcon.colcon_core.package_identification:_identify(otos_env/lib/python3.12/site-packages/numpy/_core/tests/examples/cython) by extensions ['cmake', 'python']
[0.262s] Level 1:colcon.colcon_core.package_identification:_identify(otos_env/lib/python3.12/site-packages/numpy/_core/tests/examples/cython) by extension 'cmake'
[0.262s] Level 1:colcon.colcon_core.package_identification:_identify(otos_env/lib/python3.12/site-packages/numpy/_core/tests/examples/cython) by extension 'python'
[0.262s] Level 1:colcon.colcon_core.package_identification:_identify(otos_env/lib/python3.12/site-packages/numpy/_core/tests/examples/cython) by extensions ['python_setup_py']
[0.262s] Level 1:colcon.colcon_core.package_identification:_identify(otos_env/lib/python3.12/site-packages/numpy/_core/tests/examples/cython) by extension 'python_setup_py'
