-- The C compiler identification is GNU 13.3.0
-- The CXX compiler identification is GNU 13.3.0
-- Detecting C compiler ABI info
-- Detecting C compiler ABI info - done
-- Check for working C compiler: /usr/bin/cc - skipped
-- Detecting C compile features
-- Detecting C compile features - done
-- Detecting CXX compiler ABI info
-- Detecting CXX compiler ABI info - done
-- Check for working CXX compiler: /usr/bin/c++ - skipped
-- Detecting CXX compile features
-- Detecting CXX compile features - done
-- Found ament_cmake: 2.7.3 (/opt/ros/kilted/share/ament_cmake/cmake)
-- Found Python3: /usr/bin/python3 (found version "3.12.3") found components: Interpreter 
-- Found rclcpp: 29.5.2 (/opt/ros/kilted/share/rclcpp/cmake)
-- Found rosidl_generator_c: 4.9.5 (/opt/ros/kilted/share/rosidl_generator_c/cmake)
-- Found rosidl_generator_cpp: 4.9.5 (/opt/ros/kilted/share/rosidl_generator_cpp/cmake)
-- Using all available rosidl_typesupport_c: rosidl_typesupport_fastrtps_c;rosidl_typesupport_introspection_c
-- Using all available rosidl_typesupport_cpp: rosidl_typesupport_fastrtps_cpp;rosidl_typesupport_introspection_cpp
-- Found rmw_implementation_cmake: 7.8.2 (/opt/ros/kilted/share/rmw_implementation_cmake/cmake)
-- Found rmw_fastrtps_cpp: 9.3.2 (/opt/ros/kilted/share/rmw_fastrtps_cpp/cmake)
-- Found OpenSSL: /usr/lib/aarch64-linux-gnu/libcrypto.so (found version "3.0.13")  
-- Using RMW implementation 'rmw_fastrtps_cpp' as default
-- Found std_msgs: 5.5.0 (/opt/ros/kilted/share/std_msgs/cmake)
-- Configuring done (1.6s)
-- Generating done (0.0s)
-- Build files have been written to: /home/chabots/ros2_ws/build/teensy_communication
[ 50%] [32mBuilding CXX object CMakeFiles/teensy_comm_node.dir/src/teensy_comm_node.cpp.o[0m
[100%] [32m[1mLinking CXX executable teensy_comm_node[0m
[100%] Built target teensy_comm_node
-- Install configuration: ""
-- Installing: /home/chabots/ros2_ws/install/teensy_communication/lib/teensy_communication/teensy_comm_node
-- Set non-toolchain portion of runtime path of "/home/chabots/ros2_ws/install/teensy_communication/lib/teensy_communication/teensy_comm_node" to ""
-- Installing: /home/chabots/ros2_ws/install/teensy_communication/share/teensy_communication//launch
-- Installing: /home/chabots/ros2_ws/install/teensy_communication/share/teensy_communication//launch/teensy_communication.launch.py
-- Installing: /home/chabots/ros2_ws/install/teensy_communication/share/ament_index/resource_index/package_run_dependencies/teensy_communication
-- Installing: /home/chabots/ros2_ws/install/teensy_communication/share/ament_index/resource_index/parent_prefix_path/teensy_communication
-- Installing: /home/chabots/ros2_ws/install/teensy_communication/share/teensy_communication/environment/ament_prefix_path.sh
-- Installing: /home/chabots/ros2_ws/install/teensy_communication/share/teensy_communication/environment/ament_prefix_path.dsv
-- Installing: /home/chabots/ros2_ws/install/teensy_communication/share/teensy_communication/environment/path.sh
-- Installing: /home/chabots/ros2_ws/install/teensy_communication/share/teensy_communication/environment/path.dsv
-- Installing: /home/chabots/ros2_ws/install/teensy_communication/share/teensy_communication/local_setup.bash
-- Installing: /home/chabots/ros2_ws/install/teensy_communication/share/teensy_communication/local_setup.sh
-- Installing: /home/chabots/ros2_ws/install/teensy_communication/share/teensy_communication/local_setup.zsh
-- Installing: /home/chabots/ros2_ws/install/teensy_communication/share/teensy_communication/local_setup.dsv
-- Installing: /home/chabots/ros2_ws/install/teensy_communication/share/teensy_communication/package.dsv
-- Installing: /home/chabots/ros2_ws/install/teensy_communication/share/ament_index/resource_index/packages/teensy_communication
-- Installing: /home/chabots/ros2_ws/install/teensy_communication/share/teensy_communication/cmake/teensy_communicationConfig.cmake
-- Installing: /home/chabots/ros2_ws/install/teensy_communication/share/teensy_communication/cmake/teensy_communicationConfig-version.cmake
-- Installing: /home/chabots/ros2_ws/install/teensy_communication/share/teensy_communication/package.xml
