[0.016s] Invoking command in '/home/chabots/ros2_ws/build/teensy_communication': DEBUGINFOD_URLS=https://debuginfod.ubuntu.com /usr/bin/cmake /home/chabots/ros2_ws/src/teensy_communication -DCATKIN_INSTALL_INTO_PREFIX_ROOT=0 -DCMAKE_INSTALL_PREFIX=/home/chabots/ros2_ws/install/teensy_communication
[0.124s] -- The C compiler identification is GNU 13.3.0
[0.230s] -- The CXX compiler identification is GNU 13.3.0
[0.256s] -- Detecting C compiler ABI info
[0.421s] -- Detecting C compiler ABI info - done
[0.438s] -- Check for working C compiler: /usr/bin/cc - skipped
[0.438s] -- Detecting C compile features
[0.439s] -- Detecting C compile features - done
[0.453s] -- Detecting CXX compiler ABI info
[0.632s] -- Detecting CXX compiler ABI info - done
[0.649s] -- Check for working CXX compiler: /usr/bin/c++ - skipped
[0.650s] -- Detecting CXX compile features
[0.650s] -- Detecting CXX compile features - done
[0.654s] -- Found ament_cmake: 2.7.3 (/opt/ros/kilted/share/ament_cmake/cmake)
[0.868s] -- Found Python3: /usr/bin/python3 (found version "3.12.3") found components: Interpreter 
[1.028s] -- Found rclcpp: 29.5.2 (/opt/ros/kilted/share/rclcpp/cmake)
[1.076s] -- Found rosidl_generator_c: 4.9.5 (/opt/ros/kilted/share/rosidl_generator_c/cmake)
[1.095s] -- Found rosidl_generator_cpp: 4.9.5 (/opt/ros/kilted/share/rosidl_generator_cpp/cmake)
[1.119s] -- Using all available rosidl_typesupport_c: rosidl_typesupport_fastrtps_c;rosidl_typesupport_introspection_c
[1.144s] -- Using all available rosidl_typesupport_cpp: rosidl_typesupport_fastrtps_cpp;rosidl_typesupport_introspection_cpp
[1.245s] -- Found rmw_implementation_cmake: 7.8.2 (/opt/ros/kilted/share/rmw_implementation_cmake/cmake)
[1.248s] -- Found rmw_fastrtps_cpp: 9.3.2 (/opt/ros/kilted/share/rmw_fastrtps_cpp/cmake)
[1.383s] -- Found OpenSSL: /usr/lib/aarch64-linux-gnu/libcrypto.so (found version "3.0.13")  
[1.402s] -- Using RMW implementation 'rmw_fastrtps_cpp' as default
[1.499s] -- Found std_msgs: 5.5.0 (/opt/ros/kilted/share/std_msgs/cmake)
[1.518s] [0mCMake Deprecation Warning at /opt/ros/kilted/share/ament_cmake_target_dependencies/cmake/ament_target_dependencies.cmake:87 (message):
[1.518s]   ament_target_dependencies() is deprecated.  Use target_link_libraries()
[1.518s]   with modern CMake targets instead.  Try replacing this call with:
[1.519s] 
[1.519s]     target_link_libraries(teensy_comm_node PUBLIC
[1.519s]       ${std_msgs_TARGETS}
[1.519s]       rclcpp::rclcpp
[1.519s]     )
[1.519s] 
[1.519s] Call Stack (most recent call first):
[1.519s]   CMakeLists.txt:13 (ament_target_dependencies)
[1.519s] 
[1.519s] [0m
[1.668s] -- Configuring done (1.6s)
[1.685s] -- Generating done (0.0s)
[1.687s] [33mCMake Warning:
[1.687s]   Manually-specified variables were not used by the project:
[1.687s] 
[1.687s]     CATKIN_INSTALL_INTO_PREFIX_ROOT
[1.687s] 
[1.687s] [0m
[1.690s] -- Build files have been written to: /home/chabots/ros2_ws/build/teensy_communication
[1.708s] Invoked command in '/home/chabots/ros2_ws/build/teensy_communication' returned '0': DEBUGINFOD_URLS=https://debuginfod.ubuntu.com /usr/bin/cmake /home/chabots/ros2_ws/src/teensy_communication -DCATKIN_INSTALL_INTO_PREFIX_ROOT=0 -DCMAKE_INSTALL_PREFIX=/home/chabots/ros2_ws/install/teensy_communication
[1.711s] Invoking command in '/home/chabots/ros2_ws/build/teensy_communication': DEBUGINFOD_URLS=https://debuginfod.ubuntu.com /usr/bin/cmake --build /home/chabots/ros2_ws/build/teensy_communication -- -j4 -l4
[1.800s] [ 50%] [32mBuilding CXX object CMakeFiles/teensy_comm_node.dir/src/teensy_comm_node.cpp.o[0m
[13.210s] [100%] [32m[1mLinking CXX executable teensy_comm_node[0m
[13.837s] [100%] Built target teensy_comm_node
[13.862s] Invoked command in '/home/chabots/ros2_ws/build/teensy_communication' returned '0': DEBUGINFOD_URLS=https://debuginfod.ubuntu.com /usr/bin/cmake --build /home/chabots/ros2_ws/build/teensy_communication -- -j4 -l4
[13.879s] Invoking command in '/home/chabots/ros2_ws/build/teensy_communication': DEBUGINFOD_URLS=https://debuginfod.ubuntu.com /usr/bin/cmake --install /home/chabots/ros2_ws/build/teensy_communication
[13.893s] -- Install configuration: ""
[13.894s] -- Installing: /home/chabots/ros2_ws/install/teensy_communication/lib/teensy_communication/teensy_comm_node
[13.901s] -- Set non-toolchain portion of runtime path of "/home/chabots/ros2_ws/install/teensy_communication/lib/teensy_communication/teensy_comm_node" to ""
[13.901s] -- Installing: /home/chabots/ros2_ws/install/teensy_communication/share/teensy_communication//launch
[13.901s] -- Installing: /home/chabots/ros2_ws/install/teensy_communication/share/teensy_communication//launch/teensy_communication.launch.py
[13.902s] -- Installing: /home/chabots/ros2_ws/install/teensy_communication/share/ament_index/resource_index/package_run_dependencies/teensy_communication
[13.902s] -- Installing: /home/chabots/ros2_ws/install/teensy_communication/share/ament_index/resource_index/parent_prefix_path/teensy_communication
[13.902s] -- Installing: /home/chabots/ros2_ws/install/teensy_communication/share/teensy_communication/environment/ament_prefix_path.sh
[13.902s] -- Installing: /home/chabots/ros2_ws/install/teensy_communication/share/teensy_communication/environment/ament_prefix_path.dsv
[13.902s] -- Installing: /home/chabots/ros2_ws/install/teensy_communication/share/teensy_communication/environment/path.sh
[13.902s] -- Installing: /home/chabots/ros2_ws/install/teensy_communication/share/teensy_communication/environment/path.dsv
[13.903s] -- Installing: /home/chabots/ros2_ws/install/teensy_communication/share/teensy_communication/local_setup.bash
[13.903s] -- Installing: /home/chabots/ros2_ws/install/teensy_communication/share/teensy_communication/local_setup.sh
[13.903s] -- Installing: /home/chabots/ros2_ws/install/teensy_communication/share/teensy_communication/local_setup.zsh
[13.903s] -- Installing: /home/chabots/ros2_ws/install/teensy_communication/share/teensy_communication/local_setup.dsv
[13.903s] -- Installing: /home/chabots/ros2_ws/install/teensy_communication/share/teensy_communication/package.dsv
[13.903s] -- Installing: /home/chabots/ros2_ws/install/teensy_communication/share/ament_index/resource_index/packages/teensy_communication
[13.904s] -- Installing: /home/chabots/ros2_ws/install/teensy_communication/share/teensy_communication/cmake/teensy_communicationConfig.cmake
[13.904s] -- Installing: /home/chabots/ros2_ws/install/teensy_communication/share/teensy_communication/cmake/teensy_communicationConfig-version.cmake
[13.904s] -- Installing: /home/chabots/ros2_ws/install/teensy_communication/share/teensy_communication/package.xml
[13.907s] Invoked command in '/home/chabots/ros2_ws/build/teensy_communication' returned '0': DEBUGINFOD_URLS=https://debuginfod.ubuntu.com /usr/bin/cmake --install /home/chabots/ros2_ws/build/teensy_communication
