[0mCMake Deprecation Warning at /opt/ros/kilted/share/ament_cmake_target_dependencies/cmake/ament_target_dependencies.cmake:87 (message):
  ament_target_dependencies() is deprecated.  Use target_link_libraries()
  with modern CMake targets instead.  Try replacing this call with:

    target_link_libraries(teensy_comm_node PUBLIC
      ${geometry_msgs_TARGETS}
      ${sensor_msgs_TARGETS}
      ${std_msgs_TARGETS}
      rclcpp::rclcpp
      sensor_msgs::sensor_msgs_library
    )

Call Stack (most recent call first):
  CMakeLists.txt:16 (ament_target_dependencies)

[0m
[01m[K/home/chabots/ros2_ws/src/teensy_communication/src/teensy_comm_node.cpp:4:10:[m[K [01;31m[Kfatal error: [m[Kgeometry_msgs/msg/vector2.hpp: No such file or directory
    4 | #include [01;31m[K<geometry_msgs/msg/vector2.hpp>[m[K
      |          [01;31m[K^~~~~~~~~~~~~~~~~~~~~~~~~~~~~~~[m[K
compilation terminated.
gmake[2]: *** [CMakeFiles/teensy_comm_node.dir/build.make:76: CMakeFiles/teensy_comm_node.dir/src/teensy_comm_node.cpp.o] Error 1
gmake[1]: *** [CMakeFiles/Makefile2:137: CMakeFiles/teensy_comm_node.dir/all] Error 2
gmake: *** [Makefile:146: all] Error 2
