[0mCMake Deprecation Warning at /opt/ros/kilted/share/ament_cmake_target_dependencies/cmake/ament_target_dependencies.cmake:87 (message):
  ament_target_dependencies() is deprecated.  Use target_link_libraries()
  with modern CMake targets instead.  Try replacing this call with:

    target_link_libraries(rplidar_node PUBLIC
      ${sensor_msgs_TARGETS}
      ${std_srvs_TARGETS}
      rclcpp::rclcpp
      sensor_msgs::sensor_msgs_library
    )

Call Stack (most recent call first):
  CMakeLists.txt:61 (ament_target_dependencies)

[0m
[0mCMake Deprecation Warning at /opt/ros/kilted/share/ament_cmake_target_dependencies/cmake/ament_target_dependencies.cmake:87 (message):
  ament_target_dependencies() is deprecated.  Use target_link_libraries()
  with modern CMake targets instead.  Try replacing this call with:

    target_link_libraries(rplidar_composition PUBLIC
      ${sensor_msgs_TARGETS}
      ${std_srvs_TARGETS}
      rclcpp::rclcpp
      sensor_msgs::sensor_msgs_library
    )

Call Stack (most recent call first):
  CMakeLists.txt:68 (ament_target_dependencies)

[0m
[0mCMake Deprecation Warning at /opt/ros/kilted/share/ament_cmake_target_dependencies/cmake/ament_target_dependencies.cmake:87 (message):
  ament_target_dependencies() is deprecated.  Use target_link_libraries()
  with modern CMake targets instead.  Try replacing this call with:

    target_link_libraries(rplidar_client PUBLIC
      ${sensor_msgs_TARGETS}
      ${std_srvs_TARGETS}
      rclcpp::rclcpp
      sensor_msgs::sensor_msgs_library
    )

Call Stack (most recent call first):
  CMakeLists.txt:75 (ament_target_dependencies)

[0m
