[0.043s] Invoking command in '/home/chabots/ros2_ws/build/rplidar_ros': CMAKE_PREFIX_PATH=${CMAKE_PREFIX_PATH}:/home/chabots/ros2_ws/install/wall_follower:/opt/ros/kilted DEBUGINFOD_URLS=https://debuginfod.ubuntu.com /usr/bin/cmake /home/chabots/ros2_ws/src/rplidar_ros -DAMENT_CMAKE_SYMLINK_INSTALL=1 -DCMAKE_INSTALL_PREFIX=/home/chabots/ros2_ws/install/rplidar_ros
[0.227s] -- Found ament_cmake: 2.7.3 (/opt/ros/kilted/share/ament_cmake/cmake)
[0.691s] -- Override CMake install command with custom implementation using symlinks instead of copying resources
[0.736s] -- Found rclcpp: 29.5.2 (/opt/ros/kilted/share/rclcpp/cmake)
[0.793s] -- Found rosidl_generator_c: 4.9.5 (/opt/ros/kilted/share/rosidl_generator_c/cmake)
[0.814s] -- Found rosidl_generator_cpp: 4.9.5 (/opt/ros/kilted/share/rosidl_generator_cpp/cmake)
[0.839s] -- Using all available rosidl_typesupport_c: rosidl_typesupport_fastrtps_c;rosidl_typesupport_introspection_c
[0.866s] -- Using all available rosidl_typesupport_cpp: rosidl_typesupport_fastrtps_cpp;rosidl_typesupport_introspection_cpp
[0.991s] -- Found rmw_implementation_cmake: 7.8.2 (/opt/ros/kilted/share/rmw_implementation_cmake/cmake)
[0.995s] -- Found rmw_fastrtps_cpp: 9.3.2 (/opt/ros/kilted/share/rmw_fastrtps_cpp/cmake)
[1.097s] -- Using RMW implementation 'rmw_fastrtps_cpp' as default
[1.236s] -- Found sensor_msgs: 5.5.0 (/opt/ros/kilted/share/sensor_msgs/cmake)
[1.346s] -- Found std_srvs: 5.5.0 (/opt/ros/kilted/share/std_srvs/cmake)
[1.381s] [0mCMake Deprecation Warning at /opt/ros/kilted/share/ament_cmake_target_dependencies/cmake/ament_target_dependencies.cmake:87 (message):
[1.381s]   ament_target_dependencies() is deprecated.  Use target_link_libraries()
[1.381s]   with modern CMake targets instead.  Try replacing this call with:
[1.382s] 
[1.382s]     target_link_libraries(rplidar_node PUBLIC
[1.382s]       ${sensor_msgs_TARGETS}
[1.382s]       ${std_srvs_TARGETS}
[1.382s]       rclcpp::rclcpp
[1.382s]       sensor_msgs::sensor_msgs_library
[1.382s]     )
[1.382s] 
[1.382s] Call Stack (most recent call first):
[1.382s]   CMakeLists.txt:61 (ament_target_dependencies)
[1.382s] 
[1.383s] [0m
[1.384s] [0mCMake Deprecation Warning at /opt/ros/kilted/share/ament_cmake_target_dependencies/cmake/ament_target_dependencies.cmake:87 (message):
[1.384s]   ament_target_dependencies() is deprecated.  Use target_link_libraries()
[1.384s]   with modern CMake targets instead.  Try replacing this call with:
[1.385s] 
[1.385s]     target_link_libraries(rplidar_composition PUBLIC
[1.385s]       ${sensor_msgs_TARGETS}
[1.385s]       ${std_srvs_TARGETS}
[1.385s]       rclcpp::rclcpp
[1.385s]       sensor_msgs::sensor_msgs_library
[1.385s]     )
[1.385s] 
[1.385s] Call Stack (most recent call first):
[1.385s]   CMakeLists.txt:68 (ament_target_dependencies)
[1.385s] 
[1.386s] [0m
[1.387s] [0mCMake Deprecation Warning at /opt/ros/kilted/share/ament_cmake_target_dependencies/cmake/ament_target_dependencies.cmake:87 (message):
[1.387s]   ament_target_dependencies() is deprecated.  Use target_link_libraries()
[1.387s]   with modern CMake targets instead.  Try replacing this call with:
[1.388s] 
[1.388s]     target_link_libraries(rplidar_client PUBLIC
[1.388s]       ${sensor_msgs_TARGETS}
[1.388s]       ${std_srvs_TARGETS}
[1.388s]       rclcpp::rclcpp
[1.388s]       sensor_msgs::sensor_msgs_library
[1.388s]     )
[1.388s] 
[1.388s] Call Stack (most recent call first):
[1.388s]   CMakeLists.txt:75 (ament_target_dependencies)
[1.388s] 
[1.388s] [0m
[1.606s] -- Configuring done (1.4s)
[1.694s] -- Generating done (0.1s)
[1.710s] -- Build files have been written to: /home/chabots/ros2_ws/build/rplidar_ros
[1.736s] Invoked command in '/home/chabots/ros2_ws/build/rplidar_ros' returned '0': CMAKE_PREFIX_PATH=${CMAKE_PREFIX_PATH}:/home/chabots/ros2_ws/install/wall_follower:/opt/ros/kilted DEBUGINFOD_URLS=https://debuginfod.ubuntu.com /usr/bin/cmake /home/chabots/ros2_ws/src/rplidar_ros -DAMENT_CMAKE_SYMLINK_INSTALL=1 -DCMAKE_INSTALL_PREFIX=/home/chabots/ros2_ws/install/rplidar_ros
[1.739s] Invoking command in '/home/chabots/ros2_ws/build/rplidar_ros': CMAKE_PREFIX_PATH=${CMAKE_PREFIX_PATH}:/home/chabots/ros2_ws/install/wall_follower:/opt/ros/kilted DEBUGINFOD_URLS=https://debuginfod.ubuntu.com /usr/bin/cmake --build /home/chabots/ros2_ws/build/rplidar_ros -- -j4 -l4
[1.964s] [ 47%] Built target rplidar_node
[1.965s] [ 52%] Built target rplidar_client
[1.969s] [100%] Built target rplidar_composition
[1.994s] Invoked command in '/home/chabots/ros2_ws/build/rplidar_ros' returned '0': CMAKE_PREFIX_PATH=${CMAKE_PREFIX_PATH}:/home/chabots/ros2_ws/install/wall_follower:/opt/ros/kilted DEBUGINFOD_URLS=https://debuginfod.ubuntu.com /usr/bin/cmake --build /home/chabots/ros2_ws/build/rplidar_ros -- -j4 -l4
[2.016s] Invoking command in '/home/chabots/ros2_ws/build/rplidar_ros': CMAKE_PREFIX_PATH=${CMAKE_PREFIX_PATH}:/home/chabots/ros2_ws/install/wall_follower:/opt/ros/kilted DEBUGINFOD_URLS=https://debuginfod.ubuntu.com /usr/bin/cmake --install /home/chabots/ros2_ws/build/rplidar_ros
[2.041s] -- Install configuration: ""
[2.041s] -- Execute custom install script
[2.044s] -- Up-to-date symlink: /home/chabots/ros2_ws/install/rplidar_ros/share/rplidar_ros/launch/rplidar_a1_launch.py
[2.045s] -- Up-to-date symlink: /home/chabots/ros2_ws/install/rplidar_ros/share/rplidar_ros/launch/rplidar_a2m12_launch.py
[2.045s] -- Up-to-date symlink: /home/chabots/ros2_ws/install/rplidar_ros/share/rplidar_ros/launch/rplidar_a2m7_launch.py
[2.045s] -- Up-to-date symlink: /home/chabots/ros2_ws/install/rplidar_ros/share/rplidar_ros/launch/rplidar_a2m8_launch.py
[2.046s] -- Up-to-date symlink: /home/chabots/ros2_ws/install/rplidar_ros/share/rplidar_ros/launch/rplidar_a3_launch.py
[2.046s] -- Up-to-date symlink: /home/chabots/ros2_ws/install/rplidar_ros/share/rplidar_ros/launch/rplidar_c1_launch.py
[2.047s] -- Up-to-date symlink: /home/chabots/ros2_ws/install/rplidar_ros/share/rplidar_ros/launch/rplidar_s1_launch.py
[2.047s] -- Up-to-date symlink: /home/chabots/ros2_ws/install/rplidar_ros/share/rplidar_ros/launch/rplidar_s1_tcp_launch.py
[2.047s] -- Up-to-date symlink: /home/chabots/ros2_ws/install/rplidar_ros/share/rplidar_ros/launch/rplidar_s2_launch.py
[2.048s] -- Up-to-date symlink: /home/chabots/ros2_ws/install/rplidar_ros/share/rplidar_ros/launch/rplidar_s2e_launch.py
[2.048s] -- Up-to-date symlink: /home/chabots/ros2_ws/install/rplidar_ros/share/rplidar_ros/launch/rplidar_s3_launch.py
[2.048s] -- Up-to-date symlink: /home/chabots/ros2_ws/install/rplidar_ros/share/rplidar_ros/launch/rplidar_t1_launch.py
[2.049s] -- Up-to-date symlink: /home/chabots/ros2_ws/install/rplidar_ros/share/rplidar_ros/launch/view_rplidar_a1_launch.py
[2.049s] -- Up-to-date symlink: /home/chabots/ros2_ws/install/rplidar_ros/share/rplidar_ros/launch/view_rplidar_a2m12_launch.py
[2.049s] -- Up-to-date symlink: /home/chabots/ros2_ws/install/rplidar_ros/share/rplidar_ros/launch/view_rplidar_a2m7_launch.py
[2.050s] -- Up-to-date symlink: /home/chabots/ros2_ws/install/rplidar_ros/share/rplidar_ros/launch/view_rplidar_a2m8_launch.py
[2.050s] -- Up-to-date symlink: /home/chabots/ros2_ws/install/rplidar_ros/share/rplidar_ros/launch/view_rplidar_a3_launch.py
[2.051s] -- Up-to-date symlink: /home/chabots/ros2_ws/install/rplidar_ros/share/rplidar_ros/launch/view_rplidar_c1_launch.py
[2.051s] -- Up-to-date symlink: /home/chabots/ros2_ws/install/rplidar_ros/share/rplidar_ros/launch/view_rplidar_s1_launch.py
[2.051s] -- Up-to-date symlink: /home/chabots/ros2_ws/install/rplidar_ros/share/rplidar_ros/launch/view_rplidar_s1_tcp_launch.py
[2.052s] -- Up-to-date symlink: /home/chabots/ros2_ws/install/rplidar_ros/share/rplidar_ros/launch/view_rplidar_s2_launch.py
[2.052s] -- Up-to-date symlink: /home/chabots/ros2_ws/install/rplidar_ros/share/rplidar_ros/launch/view_rplidar_s2e_launch.py
[2.052s] -- Up-to-date symlink: /home/chabots/ros2_ws/install/rplidar_ros/share/rplidar_ros/launch/view_rplidar_s3_launch.py
[2.053s] -- Up-to-date symlink: /home/chabots/ros2_ws/install/rplidar_ros/share/rplidar_ros/launch/view_rplidar_t1_launch.py
[2.054s] -- Up-to-date symlink: /home/chabots/ros2_ws/install/rplidar_ros/share/rplidar_ros/rviz/rplidar_ros.rviz
[2.054s] -- Up-to-date symlink: /home/chabots/ros2_ws/install/rplidar_ros/lib/rplidar_ros/rplidar_node
[2.055s] -- Up-to-date symlink: /home/chabots/ros2_ws/install/rplidar_ros/lib/rplidar_ros/rplidar_composition
[2.055s] -- Up-to-date symlink: /home/chabots/ros2_ws/install/rplidar_ros/lib/rplidar_ros/rplidar_client
[2.055s] -- Up-to-date symlink: /home/chabots/ros2_ws/install/rplidar_ros/share/ament_index/resource_index/package_run_dependencies/rplidar_ros
[2.056s] -- Up-to-date symlink: /home/chabots/ros2_ws/install/rplidar_ros/share/ament_index/resource_index/parent_prefix_path/rplidar_ros
[2.057s] -- Up-to-date symlink: /home/chabots/ros2_ws/install/rplidar_ros/share/rplidar_ros/environment/ament_prefix_path.sh
[2.057s] -- Up-to-date symlink: /home/chabots/ros2_ws/install/rplidar_ros/share/rplidar_ros/environment/ament_prefix_path.dsv
[2.058s] -- Up-to-date symlink: /home/chabots/ros2_ws/install/rplidar_ros/share/rplidar_ros/environment/path.sh
[2.058s] -- Up-to-date symlink: /home/chabots/ros2_ws/install/rplidar_ros/share/rplidar_ros/environment/path.dsv
[2.059s] -- Up-to-date symlink: /home/chabots/ros2_ws/install/rplidar_ros/share/rplidar_ros/local_setup.bash
[2.059s] -- Up-to-date symlink: /home/chabots/ros2_ws/install/rplidar_ros/share/rplidar_ros/local_setup.sh
[2.060s] -- Up-to-date symlink: /home/chabots/ros2_ws/install/rplidar_ros/share/rplidar_ros/local_setup.zsh
[2.060s] -- Up-to-date symlink: /home/chabots/ros2_ws/install/rplidar_ros/share/rplidar_ros/local_setup.dsv
[2.060s] -- Symlinking: /home/chabots/ros2_ws/install/rplidar_ros/share/rplidar_ros/package.dsv
[2.081s] -- Up-to-date symlink: /home/chabots/ros2_ws/install/rplidar_ros/share/ament_index/resource_index/packages/rplidar_ros
[2.081s] -- Up-to-date symlink: /home/chabots/ros2_ws/install/rplidar_ros/share/rplidar_ros/cmake/ament_cmake_export_dependencies-extras.cmake
[2.082s] -- Up-to-date symlink: /home/chabots/ros2_ws/install/rplidar_ros/share/rplidar_ros/cmake/ament_cmake_export_include_directories-extras.cmake
[2.082s] -- Up-to-date symlink: /home/chabots/ros2_ws/install/rplidar_ros/share/rplidar_ros/cmake/rplidar_rosConfig.cmake
[2.083s] -- Up-to-date symlink: /home/chabots/ros2_ws/install/rplidar_ros/share/rplidar_ros/cmake/rplidar_rosConfig-version.cmake
[2.083s] -- Up-to-date symlink: /home/chabots/ros2_ws/install/rplidar_ros/share/rplidar_ros/package.xml
[2.087s] Invoked command in '/home/chabots/ros2_ws/build/rplidar_ros' returned '0': CMAKE_PREFIX_PATH=${CMAKE_PREFIX_PATH}:/home/chabots/ros2_ws/install/wall_follower:/opt/ros/kilted DEBUGINFOD_URLS=https://debuginfod.ubuntu.com /usr/bin/cmake --install /home/chabots/ros2_ws/build/rplidar_ros
