running egg_info
creating ../../../../../../../build/sparkfun_ublox_gps/sparkfun_ublox_gps.egg-info
writing ../../../../../../../build/sparkfun_ublox_gps/sparkfun_ublox_gps.egg-info/PKG-INFO
writing dependency_links to ../../../../../../../build/sparkfun_ublox_gps/sparkfun_ublox_gps.egg-info/dependency_links.txt
writing top-level names to ../../../../../../../build/sparkfun_ublox_gps/sparkfun_ublox_gps.egg-info/top_level.txt
writing manifest file '../../../../../../../build/sparkfun_ublox_gps/sparkfun_ublox_gps.egg-info/SOURCES.txt'
reading manifest file '../../../../../../../build/sparkfun_ublox_gps/sparkfun_ublox_gps.egg-info/SOURCES.txt'
adding license file 'LICENSE'
writing manifest file '../../../../../../../build/sparkfun_ublox_gps/sparkfun_ublox_gps.egg-info/SOURCES.txt'
running build
running build_py
creating /home/chabots/ros2_ws/build/sparkfun_ublox_gps/build
creating /home/chabots/ros2_ws/build/sparkfun_ublox_gps/build/lib
creating /home/chabots/ros2_ws/build/sparkfun_ublox_gps/build/lib/ublox_gps
copying ublox_gps/ublox_gps.py -> /home/chabots/ros2_ws/build/sparkfun_ublox_gps/build/lib/ublox_gps
copying ublox_gps/sparkfun_predefines.py -> /home/chabots/ros2_ws/build/sparkfun_ublox_gps/build/lib/ublox_gps
copying ublox_gps/__init__.py -> /home/chabots/ros2_ws/build/sparkfun_ublox_gps/build/lib/ublox_gps
copying ublox_gps/core.py -> /home/chabots/ros2_ws/build/sparkfun_ublox_gps/build/lib/ublox_gps
copying ublox_gps/sfeSpiWrapper.py -> /home/chabots/ros2_ws/build/sparkfun_ublox_gps/build/lib/ublox_gps
running install
running install_lib
creating /home/chabots/ros2_ws/install/sparkfun_ublox_gps/lib/python3.12/site-packages/ublox_gps
copying /home/chabots/ros2_ws/build/sparkfun_ublox_gps/build/lib/ublox_gps/ublox_gps.py -> /home/chabots/ros2_ws/install/sparkfun_ublox_gps/lib/python3.12/site-packages/ublox_gps
copying /home/chabots/ros2_ws/build/sparkfun_ublox_gps/build/lib/ublox_gps/sparkfun_predefines.py -> /home/chabots/ros2_ws/install/sparkfun_ublox_gps/lib/python3.12/site-packages/ublox_gps
copying /home/chabots/ros2_ws/build/sparkfun_ublox_gps/build/lib/ublox_gps/__init__.py -> /home/chabots/ros2_ws/install/sparkfun_ublox_gps/lib/python3.12/site-packages/ublox_gps
copying /home/chabots/ros2_ws/build/sparkfun_ublox_gps/build/lib/ublox_gps/core.py -> /home/chabots/ros2_ws/install/sparkfun_ublox_gps/lib/python3.12/site-packages/ublox_gps
copying /home/chabots/ros2_ws/build/sparkfun_ublox_gps/build/lib/ublox_gps/sfeSpiWrapper.py -> /home/chabots/ros2_ws/install/sparkfun_ublox_gps/lib/python3.12/site-packages/ublox_gps
byte-compiling /home/chabots/ros2_ws/install/sparkfun_ublox_gps/lib/python3.12/site-packages/ublox_gps/ublox_gps.py to ublox_gps.cpython-312.pyc
byte-compiling /home/chabots/ros2_ws/install/sparkfun_ublox_gps/lib/python3.12/site-packages/ublox_gps/sparkfun_predefines.py to sparkfun_predefines.cpython-312.pyc
byte-compiling /home/chabots/ros2_ws/install/sparkfun_ublox_gps/lib/python3.12/site-packages/ublox_gps/__init__.py to __init__.cpython-312.pyc
byte-compiling /home/chabots/ros2_ws/install/sparkfun_ublox_gps/lib/python3.12/site-packages/ublox_gps/core.py to core.cpython-312.pyc
byte-compiling /home/chabots/ros2_ws/install/sparkfun_ublox_gps/lib/python3.12/site-packages/ublox_gps/sfeSpiWrapper.py to sfeSpiWrapper.cpython-312.pyc
running install_egg_info
Copying ../../../../../../../build/sparkfun_ublox_gps/sparkfun_ublox_gps.egg-info to /home/chabots/ros2_ws/install/sparkfun_ublox_gps/lib/python3.12/site-packages/sparkfun_ublox_gps-1.1.4-py3.12.egg-info
running install_scripts
writing list of installed files to '/home/chabots/ros2_ws/build/sparkfun_ublox_gps/install.log'
