[4.915s] Invoking command in '/home/chabots/ros2_ws/otos_env/lib/python3.12/site-packages/qwiic/drivers_linux_only/ublox_gps': DEBUGINFOD_URLS=https://debuginfod.ubuntu.com PYTHONPATH=/home/chabots/ros2_ws/build/sparkfun_ublox_gps/prefix_override:/usr/lib/python3/dist-packages/colcon_core/task/python/colcon_distutils_commands:/home/chabots/ros2_ws/install/sparkfun_ublox_gps/lib/python3.12/site-packages:${PYTHONPATH} /usr/bin/python3 -W ignore:setup.py install is deprecated -W ignore:easy_install command is deprecated setup.py egg_info --egg-base ../../../../../../../build/sparkfun_ublox_gps build --build-base /home/chabots/ros2_ws/build/sparkfun_ublox_gps/build install --record /home/chabots/ros2_ws/build/sparkfun_ublox_gps/install.log --single-version-externally-managed
[6.233s] running egg_info
[6.235s] creating ../../../../../../../build/sparkfun_ublox_gps/sparkfun_ublox_gps.egg-info
[6.371s] writing ../../../../../../../build/sparkfun_ublox_gps/sparkfun_ublox_gps.egg-info/PKG-INFO
[6.375s] writing dependency_links to ../../../../../../../build/sparkfun_ublox_gps/sparkfun_ublox_gps.egg-info/dependency_links.txt
[6.375s] writing top-level names to ../../../../../../../build/sparkfun_ublox_gps/sparkfun_ublox_gps.egg-info/top_level.txt
[6.379s] writing manifest file '../../../../../../../build/sparkfun_ublox_gps/sparkfun_ublox_gps.egg-info/SOURCES.txt'
[6.691s] reading manifest file '../../../../../../../build/sparkfun_ublox_gps/sparkfun_ublox_gps.egg-info/SOURCES.txt'
[6.691s] adding license file 'LICENSE'
[6.698s] writing manifest file '../../../../../../../build/sparkfun_ublox_gps/sparkfun_ublox_gps.egg-info/SOURCES.txt'
[6.698s] running build
[6.698s] running build_py
[6.699s] creating /home/chabots/ros2_ws/build/sparkfun_ublox_gps/build
[6.699s] creating /home/chabots/ros2_ws/build/sparkfun_ublox_gps/build/lib
[6.699s] creating /home/chabots/ros2_ws/build/sparkfun_ublox_gps/build/lib/ublox_gps
[6.699s] copying ublox_gps/ublox_gps.py -> /home/chabots/ros2_ws/build/sparkfun_ublox_gps/build/lib/ublox_gps
[6.701s] copying ublox_gps/sparkfun_predefines.py -> /home/chabots/ros2_ws/build/sparkfun_ublox_gps/build/lib/ublox_gps
[6.702s] copying ublox_gps/__init__.py -> /home/chabots/ros2_ws/build/sparkfun_ublox_gps/build/lib/ublox_gps
[6.704s] copying ublox_gps/core.py -> /home/chabots/ros2_ws/build/sparkfun_ublox_gps/build/lib/ublox_gps
[6.707s] copying ublox_gps/sfeSpiWrapper.py -> /home/chabots/ros2_ws/build/sparkfun_ublox_gps/build/lib/ublox_gps
[6.708s] running install
[6.737s] running install_lib
[6.804s] creating /home/chabots/ros2_ws/install/sparkfun_ublox_gps/lib/python3.12/site-packages/ublox_gps
[6.805s] copying /home/chabots/ros2_ws/build/sparkfun_ublox_gps/build/lib/ublox_gps/ublox_gps.py -> /home/chabots/ros2_ws/install/sparkfun_ublox_gps/lib/python3.12/site-packages/ublox_gps
[6.806s] copying /home/chabots/ros2_ws/build/sparkfun_ublox_gps/build/lib/ublox_gps/sparkfun_predefines.py -> /home/chabots/ros2_ws/install/sparkfun_ublox_gps/lib/python3.12/site-packages/ublox_gps
[6.807s] copying /home/chabots/ros2_ws/build/sparkfun_ublox_gps/build/lib/ublox_gps/__init__.py -> /home/chabots/ros2_ws/install/sparkfun_ublox_gps/lib/python3.12/site-packages/ublox_gps
[6.808s] copying /home/chabots/ros2_ws/build/sparkfun_ublox_gps/build/lib/ublox_gps/core.py -> /home/chabots/ros2_ws/install/sparkfun_ublox_gps/lib/python3.12/site-packages/ublox_gps
[6.810s] copying /home/chabots/ros2_ws/build/sparkfun_ublox_gps/build/lib/ublox_gps/sfeSpiWrapper.py -> /home/chabots/ros2_ws/install/sparkfun_ublox_gps/lib/python3.12/site-packages/ublox_gps
[6.811s] byte-compiling /home/chabots/ros2_ws/install/sparkfun_ublox_gps/lib/python3.12/site-packages/ublox_gps/ublox_gps.py to ublox_gps.cpython-312.pyc
[6.820s] byte-compiling /home/chabots/ros2_ws/install/sparkfun_ublox_gps/lib/python3.12/site-packages/ublox_gps/sparkfun_predefines.py to sparkfun_predefines.cpython-312.pyc
[6.839s] byte-compiling /home/chabots/ros2_ws/install/sparkfun_ublox_gps/lib/python3.12/site-packages/ublox_gps/__init__.py to __init__.cpython-312.pyc
[6.841s] byte-compiling /home/chabots/ros2_ws/install/sparkfun_ublox_gps/lib/python3.12/site-packages/ublox_gps/core.py to core.cpython-312.pyc
[6.850s] byte-compiling /home/chabots/ros2_ws/install/sparkfun_ublox_gps/lib/python3.12/site-packages/ublox_gps/sfeSpiWrapper.py to sfeSpiWrapper.cpython-312.pyc
[6.850s] running install_egg_info
[6.927s] Copying ../../../../../../../build/sparkfun_ublox_gps/sparkfun_ublox_gps.egg-info to /home/chabots/ros2_ws/install/sparkfun_ublox_gps/lib/python3.12/site-packages/sparkfun_ublox_gps-1.1.4-py3.12.egg-info
[6.929s] running install_scripts
[7.632s] writing list of installed files to '/home/chabots/ros2_ws/build/sparkfun_ublox_gps/install.log'
[7.944s] Invoked command in '/home/chabots/ros2_ws/otos_env/lib/python3.12/site-packages/qwiic/drivers_linux_only/ublox_gps' returned '0': DEBUGINFOD_URLS=https://debuginfod.ubuntu.com PYTHONPATH=/home/chabots/ros2_ws/build/sparkfun_ublox_gps/prefix_override:/usr/lib/python3/dist-packages/colcon_core/task/python/colcon_distutils_commands:/home/chabots/ros2_ws/install/sparkfun_ublox_gps/lib/python3.12/site-packages:${PYTHONPATH} /usr/bin/python3 -W ignore:setup.py install is deprecated -W ignore:easy_install command is deprecated setup.py egg_info --egg-base ../../../../../../../build/sparkfun_ublox_gps build --build-base /home/chabots/ros2_ws/build/sparkfun_ublox_gps/build install --record /home/chabots/ros2_ws/build/sparkfun_ublox_gps/install.log --single-version-externally-managed
