[0.016s] Invoking command in '/home/chabots/ros2_ws/build/teensy_communication': CMAKE_PREFIX_PATH=${CMAKE_PREFIX_PATH}:/home/chabots/ros2_ws/install/otos_reader:/opt/ros/kilted DEBUGINFOD_URLS=https://debuginfod.ubuntu.com /usr/bin/cmake --build /home/chabots/ros2_ws/build/teensy_communication -- -j4 -l4
[0.068s] -- Found ament_cmake: 2.7.3 (/opt/ros/kilted/share/ament_cmake/cmake)
[0.427s] -- Found rclcpp: 29.5.2 (/opt/ros/kilted/share/rclcpp/cmake)
[0.461s] -- Found rosidl_generator_c: 4.9.5 (/opt/ros/kilted/share/rosidl_generator_c/cmake)
[0.474s] -- Found rosidl_generator_cpp: 4.9.5 (/opt/ros/kilted/share/rosidl_generator_cpp/cmake)
[0.490s] -- Using all available rosidl_typesupport_c: rosidl_typesupport_fastrtps_c;rosidl_typesupport_introspection_c
[0.510s] -- Using all available rosidl_typesupport_cpp: rosidl_typesupport_fastrtps_cpp;rosidl_typesupport_introspection_cpp
[0.589s] -- Found rmw_implementation_cmake: 7.8.2 (/opt/ros/kilted/share/rmw_implementation_cmake/cmake)
[0.591s] -- Found rmw_fastrtps_cpp: 9.3.2 (/opt/ros/kilted/share/rmw_fastrtps_cpp/cmake)
[0.650s] -- Using RMW implementation 'rmw_fastrtps_cpp' as default
[0.732s] -- Found std_msgs: 5.5.0 (/opt/ros/kilted/share/std_msgs/cmake)
[0.748s] -- Found sensor_msgs: 5.5.0 (/opt/ros/kilted/share/sensor_msgs/cmake)
[0.794s] -- Found visualization_msgs: 5.5.0 (/opt/ros/kilted/share/visualization_msgs/cmake)
[0.831s] [0mCMake Deprecation Warning at /opt/ros/kilted/share/ament_cmake_target_dependencies/cmake/ament_target_dependencies.cmake:87 (message):
[0.831s]   ament_target_dependencies() is deprecated.  Use target_link_libraries()
[0.831s]   with modern CMake targets instead.  Try replacing this call with:
[0.831s] 
[0.831s]     target_link_libraries(teensy_comm_node PUBLIC
[0.831s]       ${geometry_msgs_TARGETS}
[0.831s]       ${sensor_msgs_TARGETS}
[0.831s]       ${std_msgs_TARGETS}
[0.831s]       ${visualization_msgs_TARGETS}
[0.831s]       rclcpp::rclcpp
[0.831s]       sensor_msgs::sensor_msgs_library
[0.832s]     )
[0.832s] 
[0.832s] Call Stack (most recent call first):
[0.832s]   CMakeLists.txt:17 (ament_target_dependencies)
[0.832s] 
[0.832s] [0m
[0.985s] -- Configuring done (0.9s)
[1.006s] -- Generating done (0.0s)
[1.014s] -- Build files have been written to: /home/chabots/ros2_ws/build/teensy_communication
[1.098s] [100%] Built target teensy_comm_node
[1.124s] Invoked command in '/home/chabots/ros2_ws/build/teensy_communication' returned '0': CMAKE_PREFIX_PATH=${CMAKE_PREFIX_PATH}:/home/chabots/ros2_ws/install/otos_reader:/opt/ros/kilted DEBUGINFOD_URLS=https://debuginfod.ubuntu.com /usr/bin/cmake --build /home/chabots/ros2_ws/build/teensy_communication -- -j4 -l4
[1.143s] Invoking command in '/home/chabots/ros2_ws/build/teensy_communication': CMAKE_PREFIX_PATH=${CMAKE_PREFIX_PATH}:/home/chabots/ros2_ws/install/otos_reader:/opt/ros/kilted DEBUGINFOD_URLS=https://debuginfod.ubuntu.com /usr/bin/cmake --install /home/chabots/ros2_ws/build/teensy_communication
[1.158s] -- Install configuration: ""
[1.158s] -- Up-to-date: /home/chabots/ros2_ws/install/teensy_communication/lib/teensy_communication/teensy_comm_node
[1.158s] -- Installing: /home/chabots/ros2_ws/install/teensy_communication/share/teensy_communication/config
[1.159s] -- Installing: /home/chabots/ros2_ws/install/teensy_communication/share/teensy_communication/config/scan_filters.yaml
[1.160s] -- Up-to-date: /home/chabots/ros2_ws/install/teensy_communication/share/teensy_communication//launch
[1.160s] -- Up-to-date: /home/chabots/ros2_ws/install/teensy_communication/share/teensy_communication//launch/robot.launch.py
[1.160s] -- Up-to-date: /home/chabots/ros2_ws/install/teensy_communication/share/teensy_communication//launch/teensy_communication.launch.py
[1.160s] -- Up-to-date: /home/chabots/ros2_ws/install/teensy_communication/share/teensy_communication//urdf
[1.160s] -- Up-to-date: /home/chabots/ros2_ws/install/teensy_communication/share/teensy_communication//urdf/robot.urdf
[1.160s] -- Up-to-date: /home/chabots/ros2_ws/install/teensy_communication/share/teensy_communication//urdf/robot.urdf.xacro
[1.160s] -- Up-to-date: /home/chabots/ros2_ws/install/teensy_communication/share/ament_index/resource_index/package_run_dependencies/teensy_communication
[1.160s] -- Up-to-date: /home/chabots/ros2_ws/install/teensy_communication/share/ament_index/resource_index/parent_prefix_path/teensy_communication
[1.160s] -- Up-to-date: /home/chabots/ros2_ws/install/teensy_communication/share/teensy_communication/environment/ament_prefix_path.sh
[1.161s] -- Up-to-date: /home/chabots/ros2_ws/install/teensy_communication/share/teensy_communication/environment/ament_prefix_path.dsv
[1.161s] -- Up-to-date: /home/chabots/ros2_ws/install/teensy_communication/share/teensy_communication/environment/path.sh
[1.161s] -- Up-to-date: /home/chabots/ros2_ws/install/teensy_communication/share/teensy_communication/environment/path.dsv
[1.162s] -- Up-to-date: /home/chabots/ros2_ws/install/teensy_communication/share/teensy_communication/local_setup.bash
[1.162s] -- Up-to-date: /home/chabots/ros2_ws/install/teensy_communication/share/teensy_communication/local_setup.sh
[1.162s] -- Up-to-date: /home/chabots/ros2_ws/install/teensy_communication/share/teensy_communication/local_setup.zsh
[1.162s] -- Up-to-date: /home/chabots/ros2_ws/install/teensy_communication/share/teensy_communication/local_setup.dsv
[1.162s] -- Installing: /home/chabots/ros2_ws/install/teensy_communication/share/teensy_communication/package.dsv
[1.162s] -- Up-to-date: /home/chabots/ros2_ws/install/teensy_communication/share/ament_index/resource_index/packages/teensy_communication
[1.162s] -- Up-to-date: /home/chabots/ros2_ws/install/teensy_communication/share/teensy_communication/cmake/teensy_communicationConfig.cmake
[1.162s] -- Up-to-date: /home/chabots/ros2_ws/install/teensy_communication/share/teensy_communication/cmake/teensy_communicationConfig-version.cmake
[1.163s] -- Up-to-date: /home/chabots/ros2_ws/install/teensy_communication/share/teensy_communication/package.xml
[1.164s] Invoked command in '/home/chabots/ros2_ws/build/teensy_communication' returned '0': CMAKE_PREFIX_PATH=${CMAKE_PREFIX_PATH}:/home/chabots/ros2_ws/install/otos_reader:/opt/ros/kilted DEBUGINFOD_URLS=https://debuginfod.ubuntu.com /usr/bin/cmake --install /home/chabots/ros2_ws/build/teensy_communication
