running egg_info
creating ../../build/otos_reader/otos_reader.egg-info
writing ../../build/otos_reader/otos_reader.egg-info/PKG-INFO
writing dependency_links to ../../build/otos_reader/otos_reader.egg-info/dependency_links.txt
writing entry points to ../../build/otos_reader/otos_reader.egg-info/entry_points.txt
writing requirements to ../../build/otos_reader/otos_reader.egg-info/requires.txt
writing top-level names to ../../build/otos_reader/otos_reader.egg-info/top_level.txt
writing manifest file '../../build/otos_reader/otos_reader.egg-info/SOURCES.txt'
reading manifest file '../../build/otos_reader/otos_reader.egg-info/SOURCES.txt'
writing manifest file '../../build/otos_reader/otos_reader.egg-info/SOURCES.txt'
running build
running build_py
creating /home/chabots/ros2_ws/build/otos_reader/build
creating /home/chabots/ros2_ws/build/otos_reader/build/lib
creating /home/chabots/ros2_ws/build/otos_reader/build/lib/otos_reader
copying otos_reader/__init__.py -> /home/chabots/ros2_ws/build/otos_reader/build/lib/otos_reader
copying otos_reader/otos_node.py -> /home/chabots/ros2_ws/build/otos_reader/build/lib/otos_reader
running install
running install_lib
creating /home/chabots/ros2_ws/install/otos_reader/lib/python3.12/site-packages/otos_reader
copying /home/chabots/ros2_ws/build/otos_reader/build/lib/otos_reader/__init__.py -> /home/chabots/ros2_ws/install/otos_reader/lib/python3.12/site-packages/otos_reader
copying /home/chabots/ros2_ws/build/otos_reader/build/lib/otos_reader/otos_node.py -> /home/chabots/ros2_ws/install/otos_reader/lib/python3.12/site-packages/otos_reader
byte-compiling /home/chabots/ros2_ws/install/otos_reader/lib/python3.12/site-packages/otos_reader/__init__.py to __init__.cpython-312.pyc
byte-compiling /home/chabots/ros2_ws/install/otos_reader/lib/python3.12/site-packages/otos_reader/otos_node.py to otos_node.cpython-312.pyc
running install_data
creating /home/chabots/ros2_ws/install/otos_reader/share/ament_index
creating /home/chabots/ros2_ws/install/otos_reader/share/ament_index/resource_index
creating /home/chabots/ros2_ws/install/otos_reader/share/ament_index/resource_index/packages
copying resource/otos_reader -> /home/chabots/ros2_ws/install/otos_reader/share/ament_index/resource_index/packages
copying package.xml -> /home/chabots/ros2_ws/install/otos_reader/share/otos_reader
creating /home/chabots/ros2_ws/install/otos_reader/share/otos_reader/launch
copying launch/otos_reader.launch.py -> /home/chabots/ros2_ws/install/otos_reader/share/otos_reader/launch
running install_egg_info
Copying ../../build/otos_reader/otos_reader.egg-info to /home/chabots/ros2_ws/install/otos_reader/lib/python3.12/site-packages/otos_reader-0.0.1-py3.12.egg-info
running install_scripts
Installing otos_node script to /home/chabots/ros2_ws/install/otos_reader/lib/otos_reader
writing list of installed files to '/home/chabots/ros2_ws/build/otos_reader/install.log'
