[2.675s] Invoking command in '/home/chabots/ros2_ws/src/otos_reader': DEBUGINFOD_URLS=https://debuginfod.ubuntu.com PYTHONPATH=/home/chabots/ros2_ws/build/otos_reader/prefix_override:/usr/lib/python3/dist-packages/colcon_core/task/python/colcon_distutils_commands:/home/chabots/ros2_ws/install/otos_reader/lib/python3.12/site-packages:${PYTHONPATH} /usr/bin/python3 -W ignore:setup.py install is deprecated -W ignore:easy_install command is deprecated setup.py egg_info --egg-base ../../build/otos_reader build --build-base /home/chabots/ros2_ws/build/otos_reader/build install --record /home/chabots/ros2_ws/build/otos_reader/install.log --single-version-externally-managed install_data
[3.170s] running egg_info
[3.172s] creating ../../build/otos_reader/otos_reader.egg-info
[3.203s] writing ../../build/otos_reader/otos_reader.egg-info/PKG-INFO
[3.204s] writing dependency_links to ../../build/otos_reader/otos_reader.egg-info/dependency_links.txt
[3.204s] writing entry points to ../../build/otos_reader/otos_reader.egg-info/entry_points.txt
[3.205s] writing requirements to ../../build/otos_reader/otos_reader.egg-info/requires.txt
[3.205s] writing top-level names to ../../build/otos_reader/otos_reader.egg-info/top_level.txt
[3.206s] writing manifest file '../../build/otos_reader/otos_reader.egg-info/SOURCES.txt'
[3.288s] reading manifest file '../../build/otos_reader/otos_reader.egg-info/SOURCES.txt'
[3.289s] writing manifest file '../../build/otos_reader/otos_reader.egg-info/SOURCES.txt'
[3.290s] running build
[3.290s] running build_py
[3.290s] creating /home/chabots/ros2_ws/build/otos_reader/build
[3.290s] creating /home/chabots/ros2_ws/build/otos_reader/build/lib
[3.290s] creating /home/chabots/ros2_ws/build/otos_reader/build/lib/otos_reader
[3.290s] copying otos_reader/__init__.py -> /home/chabots/ros2_ws/build/otos_reader/build/lib/otos_reader
[3.290s] copying otos_reader/otos_node.py -> /home/chabots/ros2_ws/build/otos_reader/build/lib/otos_reader
[3.293s] running install
[3.305s] running install_lib
[3.352s] creating /home/chabots/ros2_ws/install/otos_reader/lib/python3.12/site-packages/otos_reader
[3.353s] copying /home/chabots/ros2_ws/build/otos_reader/build/lib/otos_reader/__init__.py -> /home/chabots/ros2_ws/install/otos_reader/lib/python3.12/site-packages/otos_reader
[3.353s] copying /home/chabots/ros2_ws/build/otos_reader/build/lib/otos_reader/otos_node.py -> /home/chabots/ros2_ws/install/otos_reader/lib/python3.12/site-packages/otos_reader
[3.355s] byte-compiling /home/chabots/ros2_ws/install/otos_reader/lib/python3.12/site-packages/otos_reader/__init__.py to __init__.cpython-312.pyc
[3.357s] byte-compiling /home/chabots/ros2_ws/install/otos_reader/lib/python3.12/site-packages/otos_reader/otos_node.py to otos_node.cpython-312.pyc
[3.365s] running install_data
[3.368s] creating /home/chabots/ros2_ws/install/otos_reader/share/ament_index
[3.369s] creating /home/chabots/ros2_ws/install/otos_reader/share/ament_index/resource_index
[3.369s] creating /home/chabots/ros2_ws/install/otos_reader/share/ament_index/resource_index/packages
[3.369s] copying resource/otos_reader -> /home/chabots/ros2_ws/install/otos_reader/share/ament_index/resource_index/packages
[3.369s] copying package.xml -> /home/chabots/ros2_ws/install/otos_reader/share/otos_reader
[3.369s] creating /home/chabots/ros2_ws/install/otos_reader/share/otos_reader/launch
[3.369s] copying launch/otos_reader.launch.py -> /home/chabots/ros2_ws/install/otos_reader/share/otos_reader/launch
[3.369s] running install_egg_info
[3.406s] Copying ../../build/otos_reader/otos_reader.egg-info to /home/chabots/ros2_ws/install/otos_reader/lib/python3.12/site-packages/otos_reader-0.0.1-py3.12.egg-info
[3.411s] running install_scripts
[3.728s] Installing otos_node script to /home/chabots/ros2_ws/install/otos_reader/lib/otos_reader
[3.728s] writing list of installed files to '/home/chabots/ros2_ws/build/otos_reader/install.log'
[4.032s] Invoked command in '/home/chabots/ros2_ws/src/otos_reader' returned '0': DEBUGINFOD_URLS=https://debuginfod.ubuntu.com PYTHONPATH=/home/chabots/ros2_ws/build/otos_reader/prefix_override:/usr/lib/python3/dist-packages/colcon_core/task/python/colcon_distutils_commands:/home/chabots/ros2_ws/install/otos_reader/lib/python3.12/site-packages:${PYTHONPATH} /usr/bin/python3 -W ignore:setup.py install is deprecated -W ignore:easy_install command is deprecated setup.py egg_info --egg-base ../../build/otos_reader build --build-base /home/chabots/ros2_ws/build/otos_reader/build install --record /home/chabots/ros2_ws/build/otos_reader/install.log --single-version-externally-managed install_data
