[0.024s] Invoking command in '/home/chabots/ros2_ws/src/build/teensy_communication': CMAKE_PREFIX_PATH=${CMAKE_PREFIX_PATH}:/home/chabots/ros2_ws/install/vision_node:/home/chabots/ros2_ws/install/otos_reader:/opt/ros/kilted DEBUGINFOD_URLS=https://debuginfod.ubuntu.com /usr/bin/cmake --build /home/chabots/ros2_ws/src/build/teensy_communication -- -j4 -l4
[0.382s] [ 50%] [32mBuilding CXX object CMakeFiles/teensy_comm_node.dir/src/teensy_comm_node.cpp.o[0m
[22.253s] [100%] [32m[1mLinking CXX executable teensy_comm_node[0m
[24.125s] [100%] Built target teensy_comm_node
[24.146s] Invoked command in '/home/chabots/ros2_ws/src/build/teensy_communication' returned '0': CMAKE_PREFIX_PATH=${CMAKE_PREFIX_PATH}:/home/chabots/ros2_ws/install/vision_node:/home/chabots/ros2_ws/install/otos_reader:/opt/ros/kilted DEBUGINFOD_URLS=https://debuginfod.ubuntu.com /usr/bin/cmake --build /home/chabots/ros2_ws/src/build/teensy_communication -- -j4 -l4
[24.168s] Invoking command in '/home/chabots/ros2_ws/src/build/teensy_communication': CMAKE_PREFIX_PATH=${CMAKE_PREFIX_PATH}:/home/chabots/ros2_ws/install/vision_node:/home/chabots/ros2_ws/install/otos_reader:/opt/ros/kilted DEBUGINFOD_URLS=https://debuginfod.ubuntu.com /usr/bin/cmake --install /home/chabots/ros2_ws/src/build/teensy_communication
[24.184s] -- Install configuration: ""
[24.187s] -- Installing: /home/chabots/ros2_ws/src/install/teensy_communication/lib/teensy_communication/teensy_comm_node
[24.210s] -- Set non-toolchain portion of runtime path of "/home/chabots/ros2_ws/src/install/teensy_communication/lib/teensy_communication/teensy_comm_node" to ""
[24.210s] -- Up-to-date: /home/chabots/ros2_ws/src/install/teensy_communication/share/teensy_communication//launch
[24.210s] -- Installing: /home/chabots/ros2_ws/src/install/teensy_communication/share/teensy_communication//launch/robot.launch.py
[24.260s] -- Up-to-date: /home/chabots/ros2_ws/src/install/teensy_communication/share/teensy_communication//launch/teensy_communication.launch.py
[24.260s] -- Up-to-date: /home/chabots/ros2_ws/src/install/teensy_communication/share/teensy_communication//urdf
[24.260s] -- Up-to-date: /home/chabots/ros2_ws/src/install/teensy_communication/share/teensy_communication//urdf/robot.urdf
[24.261s] -- Up-to-date: /home/chabots/ros2_ws/src/install/teensy_communication/share/teensy_communication//urdf/robot.urdf.xacro
[24.261s] -- Up-to-date: /home/chabots/ros2_ws/src/install/teensy_communication/share/ament_index/resource_index/package_run_dependencies/teensy_communication
[24.261s] -- Up-to-date: /home/chabots/ros2_ws/src/install/teensy_communication/share/ament_index/resource_index/parent_prefix_path/teensy_communication
[24.261s] -- Up-to-date: /home/chabots/ros2_ws/src/install/teensy_communication/share/teensy_communication/environment/ament_prefix_path.sh
[24.261s] -- Up-to-date: /home/chabots/ros2_ws/src/install/teensy_communication/share/teensy_communication/environment/ament_prefix_path.dsv
[24.261s] -- Up-to-date: /home/chabots/ros2_ws/src/install/teensy_communication/share/teensy_communication/environment/path.sh
[24.261s] -- Up-to-date: /home/chabots/ros2_ws/src/install/teensy_communication/share/teensy_communication/environment/path.dsv
[24.261s] -- Up-to-date: /home/chabots/ros2_ws/src/install/teensy_communication/share/teensy_communication/local_setup.bash
[24.262s] -- Up-to-date: /home/chabots/ros2_ws/src/install/teensy_communication/share/teensy_communication/local_setup.sh
[24.262s] -- Up-to-date: /home/chabots/ros2_ws/src/install/teensy_communication/share/teensy_communication/local_setup.zsh
[24.262s] -- Up-to-date: /home/chabots/ros2_ws/src/install/teensy_communication/share/teensy_communication/local_setup.dsv
[24.262s] -- Installing: /home/chabots/ros2_ws/src/install/teensy_communication/share/teensy_communication/package.dsv
[24.262s] -- Up-to-date: /home/chabots/ros2_ws/src/install/teensy_communication/share/ament_index/resource_index/packages/teensy_communication
[24.262s] -- Up-to-date: /home/chabots/ros2_ws/src/install/teensy_communication/share/teensy_communication/cmake/teensy_communicationConfig.cmake
[24.262s] -- Up-to-date: /home/chabots/ros2_ws/src/install/teensy_communication/share/teensy_communication/cmake/teensy_communicationConfig-version.cmake
[24.262s] -- Up-to-date: /home/chabots/ros2_ws/src/install/teensy_communication/share/teensy_communication/package.xml
[24.265s] Invoked command in '/home/chabots/ros2_ws/src/build/teensy_communication' returned '0': CMAKE_PREFIX_PATH=${CMAKE_PREFIX_PATH}:/home/chabots/ros2_ws/install/vision_node:/home/chabots/ros2_ws/install/otos_reader:/opt/ros/kilted DEBUGINFOD_URLS=https://debuginfod.ubuntu.com /usr/bin/cmake --install /home/chabots/ros2_ws/src/build/teensy_communication
