[0.258s] DEBUG:colcon:Command line arguments: ['/usr/bin/colcon', 'build', '--packages-select', 'teensy_communication']
[0.258s] DEBUG:colcon:Parsed command line arguments: Namespace(log_base=None, log_level=None, verb_name='build', build_base='build', install_base='install', merge_install=False, symlink_install=False, test_result_base=None, continue_on_error=False, executor='parallel', parallel_workers=4, event_handlers=None, ignore_user_meta=False, metas=['./colcon.meta'], base_paths=['.'], packages_ignore=None, packages_ignore_regex=None, paths=None, packages_up_to=None, packages_up_to_regex=None, packages_above=None, packages_above_and_dependencies=None, packages_above_depth=None, packages_select_by_dep=None, packages_skip_by_dep=None, packages_skip_up_to=None, packages_select_build_failed=False, packages_skip_build_finished=False, packages_select_test_failures=False, packages_skip_test_passed=False, packages_select=['teensy_communication'], packages_skip=None, packages_select_regex=None, packages_skip_regex=None, packages_start=None, packages_end=None, allow_overriding=[], cmake_args=None, cmake_target=None, cmake_target_skip_unavailable=False, cmake_clean_cache=False, cmake_clean_first=False, cmake_force_configure=False, ament_cmake_args=None, catkin_cmake_args=None, catkin_skip_building_tests=False, mixin_files=None, mixin=None, verb_parser=<colcon_mixin.mixin.mixin_argument.MixinArgumentDecorator object at 0xffff91a95490>, verb_extension=<colcon_core.verb.build.BuildVerb object at 0xffff91c51ca0>, main=<bound method BuildVerb.main of <colcon_core.verb.build.BuildVerb object at 0xffff91c51ca0>>, mixin_verb=('build',))
[0.366s] Level 1:colcon.colcon_core.package_discovery:discover_packages(colcon_meta) check parameters
[0.366s] Level 1:colcon.colcon_core.package_discovery:discover_packages(recursive) check parameters
[0.366s] Level 1:colcon.colcon_core.package_discovery:discover_packages(ignore) check parameters
[0.366s] Level 1:colcon.colcon_core.package_discovery:discover_packages(path) check parameters
[0.366s] Level 1:colcon.colcon_core.package_discovery:discover_packages(colcon_meta) discover
[0.366s] Level 1:colcon.colcon_core.package_discovery:discover_packages(recursive) discover
[0.366s] INFO:colcon.colcon_core.package_discovery:Crawling recursively for packages in '/home/chabots/ros2_ws/src'
[0.366s] Level 1:colcon.colcon_core.package_identification:_identify(.) by extensions ['ignore', 'ignore_ament_install']
[0.366s] Level 1:colcon.colcon_core.package_identification:_identify(.) by extension 'ignore'
[0.367s] Level 1:colcon.colcon_core.package_identification:_identify(.) by extension 'ignore_ament_install'
[0.367s] Level 1:colcon.colcon_core.package_identification:_identify(.) by extensions ['colcon_pkg']
[0.367s] Level 1:colcon.colcon_core.package_identification:_identify(.) by extension 'colcon_pkg'
[0.367s] Level 1:colcon.colcon_core.package_identification:_identify(.) by extensions ['colcon_meta']
[0.367s] Level 1:colcon.colcon_core.package_identification:_identify(.) by extension 'colcon_meta'
[0.367s] Level 1:colcon.colcon_core.package_identification:_identify(.) by extensions ['ros']
[0.367s] Level 1:colcon.colcon_core.package_identification:_identify(.) by extension 'ros'
[0.406s] Level 1:colcon.colcon_core.package_identification:_identify(.) by extensions ['cmake', 'python']
[0.406s] Level 1:colcon.colcon_core.package_identification:_identify(.) by extension 'cmake'
[0.406s] Level 1:colcon.colcon_core.package_identification:_identify(.) by extension 'python'
[0.406s] Level 1:colcon.colcon_core.package_identification:_identify(.) by extensions ['python_setup_py']
[0.406s] Level 1:colcon.colcon_core.package_identification:_identify(.) by extension 'python_setup_py'
[0.406s] Level 1:colcon.colcon_core.package_identification:_identify(build) by extensions ['ignore', 'ignore_ament_install']
[0.406s] Level 1:colcon.colcon_core.package_identification:_identify(build) by extension 'ignore'
[0.406s] Level 1:colcon.colcon_core.package_identification:_identify(build) ignored
[0.406s] Level 1:colcon.colcon_core.package_identification:_identify(install) by extensions ['ignore', 'ignore_ament_install']
[0.407s] Level 1:colcon.colcon_core.package_identification:_identify(install) by extension 'ignore'
[0.407s] Level 1:colcon.colcon_core.package_identification:_identify(install) ignored
[0.407s] Level 1:colcon.colcon_core.package_identification:_identify(log) by extensions ['ignore', 'ignore_ament_install']
[0.407s] Level 1:colcon.colcon_core.package_identification:_identify(log) by extension 'ignore'
[0.407s] Level 1:colcon.colcon_core.package_identification:_identify(log) ignored
[0.407s] Level 1:colcon.colcon_core.package_identification:_identify(otos_reader) by extensions ['ignore', 'ignore_ament_install']
[0.407s] Level 1:colcon.colcon_core.package_identification:_identify(otos_reader) by extension 'ignore'
[0.407s] Level 1:colcon.colcon_core.package_identification:_identify(otos_reader) by extension 'ignore_ament_install'
[0.407s] Level 1:colcon.colcon_core.package_identification:_identify(otos_reader) by extensions ['colcon_pkg']
[0.407s] Level 1:colcon.colcon_core.package_identification:_identify(otos_reader) by extension 'colcon_pkg'
[0.407s] Level 1:colcon.colcon_core.package_identification:_identify(otos_reader) by extensions ['colcon_meta']
[0.407s] Level 1:colcon.colcon_core.package_identification:_identify(otos_reader) by extension 'colcon_meta'
[0.407s] Level 1:colcon.colcon_core.package_identification:_identify(otos_reader) by extensions ['ros']
[0.407s] Level 1:colcon.colcon_core.package_identification:_identify(otos_reader) by extension 'ros'
[0.411s] DEBUG:colcon.colcon_core.package_identification:Package 'otos_reader' with type 'ros.ament_python' and name 'otos_reader'
[0.412s] Level 1:colcon.colcon_core.package_identification:_identify(rplidar_ros) by extensions ['ignore', 'ignore_ament_install']
[0.412s] Level 1:colcon.colcon_core.package_identification:_identify(rplidar_ros) by extension 'ignore'
[0.412s] Level 1:colcon.colcon_core.package_identification:_identify(rplidar_ros) by extension 'ignore_ament_install'
[0.412s] Level 1:colcon.colcon_core.package_identification:_identify(rplidar_ros) by extensions ['colcon_pkg']
[0.412s] Level 1:colcon.colcon_core.package_identification:_identify(rplidar_ros) by extension 'colcon_pkg'
[0.412s] Level 1:colcon.colcon_core.package_identification:_identify(rplidar_ros) by extensions ['colcon_meta']
[0.412s] Level 1:colcon.colcon_core.package_identification:_identify(rplidar_ros) by extension 'colcon_meta'
[0.412s] Level 1:colcon.colcon_core.package_identification:_identify(rplidar_ros) by extensions ['ros']
[0.412s] Level 1:colcon.colcon_core.package_identification:_identify(rplidar_ros) by extension 'ros'
[0.413s] DEBUG:colcon.colcon_core.package_identification:Package 'rplidar_ros' with type 'ros.ament_cmake' and name 'rplidar_ros'
[0.413s] Level 1:colcon.colcon_core.package_identification:_identify(teensy_communication) by extensions ['ignore', 'ignore_ament_install']
[0.413s] Level 1:colcon.colcon_core.package_identification:_identify(teensy_communication) by extension 'ignore'
[0.413s] Level 1:colcon.colcon_core.package_identification:_identify(teensy_communication) by extension 'ignore_ament_install'
[0.414s] Level 1:colcon.colcon_core.package_identification:_identify(teensy_communication) by extensions ['colcon_pkg']
[0.414s] Level 1:colcon.colcon_core.package_identification:_identify(teensy_communication) by extension 'colcon_pkg'
[0.414s] Level 1:colcon.colcon_core.package_identification:_identify(teensy_communication) by extensions ['colcon_meta']
[0.414s] Level 1:colcon.colcon_core.package_identification:_identify(teensy_communication) by extension 'colcon_meta'
[0.414s] Level 1:colcon.colcon_core.package_identification:_identify(teensy_communication) by extensions ['ros']
[0.414s] Level 1:colcon.colcon_core.package_identification:_identify(teensy_communication) by extension 'ros'
[0.415s] DEBUG:colcon.colcon_core.package_identification:Package 'teensy_communication' with type 'ros.ament_cmake' and name 'teensy_communication'
[0.415s] Level 1:colcon.colcon_core.package_identification:_identify(vision_node) by extensions ['ignore', 'ignore_ament_install']
[0.415s] Level 1:colcon.colcon_core.package_identification:_identify(vision_node) by extension 'ignore'
[0.415s] Level 1:colcon.colcon_core.package_identification:_identify(vision_node) by extension 'ignore_ament_install'
[0.415s] Level 1:colcon.colcon_core.package_identification:_identify(vision_node) by extensions ['colcon_pkg']
[0.415s] Level 1:colcon.colcon_core.package_identification:_identify(vision_node) by extension 'colcon_pkg'
[0.415s] Level 1:colcon.colcon_core.package_identification:_identify(vision_node) by extensions ['colcon_meta']
[0.415s] Level 1:colcon.colcon_core.package_identification:_identify(vision_node) by extension 'colcon_meta'
[0.415s] Level 1:colcon.colcon_core.package_identification:_identify(vision_node) by extensions ['ros']
[0.415s] Level 1:colcon.colcon_core.package_identification:_identify(vision_node) by extension 'ros'
[0.416s] DEBUG:colcon.colcon_core.package_identification:Package 'vision_node' with type 'ros.ament_python' and name 'vision_node'
[0.417s] Level 1:colcon.colcon_core.package_identification:_identify(wall_follower) by extensions ['ignore', 'ignore_ament_install']
[0.417s] Level 1:colcon.colcon_core.package_identification:_identify(wall_follower) by extension 'ignore'
[0.417s] Level 1:colcon.colcon_core.package_identification:_identify(wall_follower) by extension 'ignore_ament_install'
[0.417s] Level 1:colcon.colcon_core.package_identification:_identify(wall_follower) by extensions ['colcon_pkg']
[0.417s] Level 1:colcon.colcon_core.package_identification:_identify(wall_follower) by extension 'colcon_pkg'
[0.417s] Level 1:colcon.colcon_core.package_identification:_identify(wall_follower) by extensions ['colcon_meta']
[0.417s] Level 1:colcon.colcon_core.package_identification:_identify(wall_follower) by extension 'colcon_meta'
[0.417s] Level 1:colcon.colcon_core.package_identification:_identify(wall_follower) by extensions ['ros']
[0.417s] Level 1:colcon.colcon_core.package_identification:_identify(wall_follower) by extension 'ros'
[0.418s] DEBUG:colcon.colcon_core.package_identification:Package 'wall_follower' with type 'ros.ament_python' and name 'wall_follower'
[0.418s] Level 1:colcon.colcon_core.package_discovery:discover_packages(recursive) using defaults
[0.418s] Level 1:colcon.colcon_core.package_discovery:discover_packages(ignore) discover
[0.418s] Level 1:colcon.colcon_core.package_discovery:discover_packages(ignore) using defaults
[0.418s] Level 1:colcon.colcon_core.package_discovery:discover_packages(path) discover
[0.418s] Level 1:colcon.colcon_core.package_discovery:discover_packages(path) using defaults
[0.457s] INFO:colcon.colcon_core.package_selection:Skipping not selected package 'otos_reader' in 'otos_reader'
[0.458s] INFO:colcon.colcon_core.package_selection:Skipping not selected package 'rplidar_ros' in 'rplidar_ros'
[0.458s] INFO:colcon.colcon_core.package_selection:Skipping not selected package 'vision_node' in 'vision_node'
[0.458s] INFO:colcon.colcon_core.package_selection:Skipping not selected package 'wall_follower' in 'wall_follower'
[0.458s] Level 1:colcon.colcon_core.package_discovery:discover_packages(prefix_path) check parameters
[0.459s] Level 1:colcon.colcon_core.package_discovery:discover_packages(prefix_path) discover
[0.464s] DEBUG:colcon.colcon_installed_package_information.package_discovery:Found 3 installed packages in /home/chabots/ros2_ws/install
[0.466s] DEBUG:colcon.colcon_installed_package_information.package_discovery:Found 296 installed packages in /opt/ros/kilted
[0.469s] Level 1:colcon.colcon_core.package_discovery:discover_packages(prefix_path) using defaults
[0.536s] Level 5:colcon.colcon_core.verb:set package 'teensy_communication' build argument 'cmake_args' from command line to 'None'
[0.536s] Level 5:colcon.colcon_core.verb:set package 'teensy_communication' build argument 'cmake_target' from command line to 'None'
[0.536s] Level 5:colcon.colcon_core.verb:set package 'teensy_communication' build argument 'cmake_target_skip_unavailable' from command line to 'False'
[0.536s] Level 5:colcon.colcon_core.verb:set package 'teensy_communication' build argument 'cmake_clean_cache' from command line to 'False'
[0.536s] Level 5:colcon.colcon_core.verb:set package 'teensy_communication' build argument 'cmake_clean_first' from command line to 'False'
[0.536s] Level 5:colcon.colcon_core.verb:set package 'teensy_communication' build argument 'cmake_force_configure' from command line to 'False'
[0.536s] Level 5:colcon.colcon_core.verb:set package 'teensy_communication' build argument 'ament_cmake_args' from command line to 'None'
[0.536s] Level 5:colcon.colcon_core.verb:set package 'teensy_communication' build argument 'catkin_cmake_args' from command line to 'None'
[0.536s] Level 5:colcon.colcon_core.verb:set package 'teensy_communication' build argument 'catkin_skip_building_tests' from command line to 'False'
[0.536s] DEBUG:colcon.colcon_core.verb:Building package 'teensy_communication' with the following arguments: {'ament_cmake_args': None, 'build_base': '/home/chabots/ros2_ws/src/build/teensy_communication', 'catkin_cmake_args': None, 'catkin_skip_building_tests': False, 'cmake_args': None, 'cmake_clean_cache': False, 'cmake_clean_first': False, 'cmake_force_configure': False, 'cmake_target': None, 'cmake_target_skip_unavailable': False, 'install_base': '/home/chabots/ros2_ws/src/install/teensy_communication', 'merge_install': False, 'path': '/home/chabots/ros2_ws/src/teensy_communication', 'symlink_install': False, 'test_result_base': None}
[0.537s] INFO:colcon.colcon_core.executor:Executing jobs using 'parallel' executor
[0.538s] DEBUG:colcon.colcon_parallel_executor.executor.parallel:run_until_complete
[0.538s] INFO:colcon.colcon_ros.task.ament_cmake.build:Building ROS package in '/home/chabots/ros2_ws/src/teensy_communication' with build type 'ament_cmake'
[0.539s] INFO:colcon.colcon_cmake.task.cmake.build:Building CMake package in '/home/chabots/ros2_ws/src/teensy_communication'
[0.547s] INFO:colcon.colcon_core.plugin_system:Skipping extension 'colcon_core.shell.bat': Not used on non-Windows systems
[0.547s] INFO:colcon.colcon_core.shell:Skip shell extension 'powershell' for command environment: Not usable outside of PowerShell
[0.547s] DEBUG:colcon.colcon_core.shell:Skip shell extension 'dsv' for command environment
[0.562s] DEBUG:colcon.colcon_core.event_handler.log_command:Invoking command in '/home/chabots/ros2_ws/src/build/teensy_communication': CMAKE_PREFIX_PATH=${CMAKE_PREFIX_PATH}:/home/chabots/ros2_ws/install/otos_reader:/opt/ros/kilted DEBUGINFOD_URLS=https://debuginfod.ubuntu.com /usr/bin/cmake --build /home/chabots/ros2_ws/src/build/teensy_communication -- -j4 -l4
[27.770s] DEBUG:colcon.colcon_core.event_handler.log_command:Invoked command in '/home/chabots/ros2_ws/src/build/teensy_communication' returned '0': CMAKE_PREFIX_PATH=${CMAKE_PREFIX_PATH}:/home/chabots/ros2_ws/install/otos_reader:/opt/ros/kilted DEBUGINFOD_URLS=https://debuginfod.ubuntu.com /usr/bin/cmake --build /home/chabots/ros2_ws/src/build/teensy_communication -- -j4 -l4
[27.794s] DEBUG:colcon.colcon_core.event_handler.log_command:Invoking command in '/home/chabots/ros2_ws/src/build/teensy_communication': CMAKE_PREFIX_PATH=${CMAKE_PREFIX_PATH}:/home/chabots/ros2_ws/install/otos_reader:/opt/ros/kilted DEBUGINFOD_URLS=https://debuginfod.ubuntu.com /usr/bin/cmake --install /home/chabots/ros2_ws/src/build/teensy_communication
[27.844s] Level 1:colcon.colcon_core.environment:create_environment_scripts_only(teensy_communication)
[27.845s] DEBUG:colcon.colcon_core.event_handler.log_command:Invoked command in '/home/chabots/ros2_ws/src/build/teensy_communication' returned '0': CMAKE_PREFIX_PATH=${CMAKE_PREFIX_PATH}:/home/chabots/ros2_ws/install/otos_reader:/opt/ros/kilted DEBUGINFOD_URLS=https://debuginfod.ubuntu.com /usr/bin/cmake --install /home/chabots/ros2_ws/src/build/teensy_communication
[27.853s] Level 1:colcon.colcon_core.environment:checking '/home/chabots/ros2_ws/src/install/teensy_communication' for CMake module files
[27.854s] Level 1:colcon.colcon_core.environment:checking '/home/chabots/ros2_ws/src/install/teensy_communication' for CMake config files
[27.854s] Level 1:colcon.colcon_core.shell:create_environment_hook('teensy_communication', 'cmake_prefix_path')
[27.854s] INFO:colcon.colcon_core.shell:Creating environment hook '/home/chabots/ros2_ws/src/install/teensy_communication/share/teensy_communication/hook/cmake_prefix_path.ps1'
[27.856s] INFO:colcon.colcon_core.shell:Creating environment descriptor '/home/chabots/ros2_ws/src/install/teensy_communication/share/teensy_communication/hook/cmake_prefix_path.dsv'
[27.857s] INFO:colcon.colcon_core.shell:Creating environment hook '/home/chabots/ros2_ws/src/install/teensy_communication/share/teensy_communication/hook/cmake_prefix_path.sh'
[27.859s] Level 1:colcon.colcon_core.environment:checking '/home/chabots/ros2_ws/src/install/teensy_communication/lib'
[27.859s] Level 1:colcon.colcon_core.environment:checking '/home/chabots/ros2_ws/src/install/teensy_communication/bin'
[27.859s] Level 1:colcon.colcon_core.environment:checking '/home/chabots/ros2_ws/src/install/teensy_communication/lib/pkgconfig/teensy_communication.pc'
[27.860s] Level 1:colcon.colcon_core.environment:checking '/home/chabots/ros2_ws/src/install/teensy_communication/lib/python3.12/site-packages'
[27.860s] Level 1:colcon.colcon_core.environment:checking '/home/chabots/ros2_ws/src/install/teensy_communication/bin'
[27.860s] INFO:colcon.colcon_core.shell:Creating package script '/home/chabots/ros2_ws/src/install/teensy_communication/share/teensy_communication/package.ps1'
[27.862s] INFO:colcon.colcon_core.shell:Creating package descriptor '/home/chabots/ros2_ws/src/install/teensy_communication/share/teensy_communication/package.dsv'
[27.863s] INFO:colcon.colcon_core.shell:Creating package script '/home/chabots/ros2_ws/src/install/teensy_communication/share/teensy_communication/package.sh'
[27.864s] INFO:colcon.colcon_core.shell:Creating package script '/home/chabots/ros2_ws/src/install/teensy_communication/share/teensy_communication/package.bash'
[27.866s] INFO:colcon.colcon_core.shell:Creating package script '/home/chabots/ros2_ws/src/install/teensy_communication/share/teensy_communication/package.zsh'
[27.868s] Level 1:colcon.colcon_core.environment:create_file_with_runtime_dependencies(/home/chabots/ros2_ws/src/install/teensy_communication/share/colcon-core/packages/teensy_communication)
[27.868s] Level 1:colcon.colcon_core.environment:create_environment_scripts_only(teensy_communication)
[27.869s] Level 1:colcon.colcon_core.environment:checking '/home/chabots/ros2_ws/src/install/teensy_communication' for CMake module files
[27.869s] Level 1:colcon.colcon_core.environment:checking '/home/chabots/ros2_ws/src/install/teensy_communication' for CMake config files
[27.870s] Level 1:colcon.colcon_core.shell:create_environment_hook('teensy_communication', 'cmake_prefix_path')
[27.870s] INFO:colcon.colcon_core.shell:Creating environment hook '/home/chabots/ros2_ws/src/install/teensy_communication/share/teensy_communication/hook/cmake_prefix_path.ps1'
[27.871s] INFO:colcon.colcon_core.shell:Creating environment descriptor '/home/chabots/ros2_ws/src/install/teensy_communication/share/teensy_communication/hook/cmake_prefix_path.dsv'
[27.871s] INFO:colcon.colcon_core.shell:Creating environment hook '/home/chabots/ros2_ws/src/install/teensy_communication/share/teensy_communication/hook/cmake_prefix_path.sh'
[27.872s] Level 1:colcon.colcon_core.environment:checking '/home/chabots/ros2_ws/src/install/teensy_communication/lib'
[27.872s] Level 1:colcon.colcon_core.environment:checking '/home/chabots/ros2_ws/src/install/teensy_communication/bin'
[27.872s] Level 1:colcon.colcon_core.environment:checking '/home/chabots/ros2_ws/src/install/teensy_communication/lib/pkgconfig/teensy_communication.pc'
[27.873s] Level 1:colcon.colcon_core.environment:checking '/home/chabots/ros2_ws/src/install/teensy_communication/lib/python3.12/site-packages'
[27.873s] Level 1:colcon.colcon_core.environment:checking '/home/chabots/ros2_ws/src/install/teensy_communication/bin'
[27.873s] INFO:colcon.colcon_core.shell:Creating package script '/home/chabots/ros2_ws/src/install/teensy_communication/share/teensy_communication/package.ps1'
[27.874s] INFO:colcon.colcon_core.shell:Creating package descriptor '/home/chabots/ros2_ws/src/install/teensy_communication/share/teensy_communication/package.dsv'
[27.875s] INFO:colcon.colcon_core.shell:Creating package script '/home/chabots/ros2_ws/src/install/teensy_communication/share/teensy_communication/package.sh'
[27.875s] INFO:colcon.colcon_core.shell:Creating package script '/home/chabots/ros2_ws/src/install/teensy_communication/share/teensy_communication/package.bash'
[27.876s] INFO:colcon.colcon_core.shell:Creating package script '/home/chabots/ros2_ws/src/install/teensy_communication/share/teensy_communication/package.zsh'
[27.877s] Level 1:colcon.colcon_core.environment:create_file_with_runtime_dependencies(/home/chabots/ros2_ws/src/install/teensy_communication/share/colcon-core/packages/teensy_communication)
[27.877s] DEBUG:colcon.colcon_parallel_executor.executor.parallel:closing loop
[27.878s] DEBUG:colcon.colcon_parallel_executor.executor.parallel:loop closed
[27.878s] DEBUG:colcon.colcon_parallel_executor.executor.parallel:run_until_complete finished with '0'
[27.878s] DEBUG:colcon.colcon_core.event_reactor:joining thread
[27.896s] INFO:colcon.colcon_core.plugin_system:Skipping extension 'colcon_notification.desktop_notification.terminal_notifier': Not used on non-Darwin systems
[27.896s] INFO:colcon.colcon_core.plugin_system:Skipping extension 'colcon_notification.desktop_notification.win32': Not used on non-Windows systems
[27.896s] INFO:colcon.colcon_notification.desktop_notification:Sending desktop notification using 'notify2'
[27.923s] DEBUG:colcon.colcon_core.event_reactor:joined thread
[27.923s] INFO:colcon.colcon_core.shell:Creating prefix script '/home/chabots/ros2_ws/src/install/local_setup.ps1'
[27.926s] INFO:colcon.colcon_core.shell:Creating prefix util module '/home/chabots/ros2_ws/src/install/_local_setup_util_ps1.py'
[27.933s] INFO:colcon.colcon_core.shell:Creating prefix chain script '/home/chabots/ros2_ws/src/install/setup.ps1'
[27.937s] INFO:colcon.colcon_core.shell:Creating prefix script '/home/chabots/ros2_ws/src/install/local_setup.sh'
[27.939s] INFO:colcon.colcon_core.shell:Creating prefix util module '/home/chabots/ros2_ws/src/install/_local_setup_util_sh.py'
[27.940s] INFO:colcon.colcon_core.shell:Creating prefix chain script '/home/chabots/ros2_ws/src/install/setup.sh'
[27.943s] INFO:colcon.colcon_core.shell:Creating prefix script '/home/chabots/ros2_ws/src/install/local_setup.bash'
[27.945s] INFO:colcon.colcon_core.shell:Creating prefix chain script '/home/chabots/ros2_ws/src/install/setup.bash'
[27.948s] INFO:colcon.colcon_core.shell:Creating prefix script '/home/chabots/ros2_ws/src/install/local_setup.zsh'
[27.951s] INFO:colcon.colcon_core.shell:Creating prefix chain script '/home/chabots/ros2_ws/src/install/setup.zsh'
