[0.017s] Invoking command in '/home/chabots/ros2_ws/build/teensy_communication': CMAKE_PREFIX_PATH=${CMAKE_PREFIX_PATH}:/home/chabots/ros2_ws/install/otos_reader:/opt/ros/kilted DEBUGINFOD_URLS=https://debuginfod.ubuntu.com /usr/bin/cmake --build /home/chabots/ros2_ws/build/teensy_communication -- -j4 -l4
[0.141s] [ 50%] [32mBuilding CXX object CMakeFiles/teensy_comm_node.dir/src/teensy_comm_node.cpp.o[0m
[18.691s] [100%] [32m[1mLinking CXX executable teensy_comm_node[0m
[19.967s] [100%] Built target teensy_comm_node
[19.992s] Invoked command in '/home/chabots/ros2_ws/build/teensy_communication' returned '0': CMAKE_PREFIX_PATH=${CMAKE_PREFIX_PATH}:/home/chabots/ros2_ws/install/otos_reader:/opt/ros/kilted DEBUGINFOD_URLS=https://debuginfod.ubuntu.com /usr/bin/cmake --build /home/chabots/ros2_ws/build/teensy_communication -- -j4 -l4
[20.012s] Invoking command in '/home/chabots/ros2_ws/build/teensy_communication': CMAKE_PREFIX_PATH=${CMAKE_PREFIX_PATH}:/home/chabots/ros2_ws/install/otos_reader:/opt/ros/kilted DEBUGINFOD_URLS=https://debuginfod.ubuntu.com /usr/bin/cmake --install /home/chabots/ros2_ws/build/teensy_communication
[20.026s] -- Install configuration: ""
[20.026s] -- Installing: /home/chabots/ros2_ws/install/teensy_communication/lib/teensy_communication/teensy_comm_node
[20.047s] -- Set non-toolchain portion of runtime path of "/home/chabots/ros2_ws/install/teensy_communication/lib/teensy_communication/teensy_comm_node" to ""
[20.047s] -- Up-to-date: /home/chabots/ros2_ws/install/teensy_communication/share/teensy_communication/config
[20.047s] -- Up-to-date: /home/chabots/ros2_ws/install/teensy_communication/share/teensy_communication/config/scan_filters.yaml
[20.047s] -- Up-to-date: /home/chabots/ros2_ws/install/teensy_communication/share/teensy_communication//launch
[20.047s] -- Up-to-date: /home/chabots/ros2_ws/install/teensy_communication/share/teensy_communication//launch/robot.launch.py
[20.048s] -- Up-to-date: /home/chabots/ros2_ws/install/teensy_communication/share/teensy_communication//launch/teensy_communication.launch.py
[20.048s] -- Up-to-date: /home/chabots/ros2_ws/install/teensy_communication/share/teensy_communication//urdf
[20.048s] -- Up-to-date: /home/chabots/ros2_ws/install/teensy_communication/share/teensy_communication//urdf/robot.urdf
[20.048s] -- Up-to-date: /home/chabots/ros2_ws/install/teensy_communication/share/teensy_communication//urdf/robot.urdf.xacro
[20.048s] -- Up-to-date: /home/chabots/ros2_ws/install/teensy_communication/share/ament_index/resource_index/package_run_dependencies/teensy_communication
[20.048s] -- Up-to-date: /home/chabots/ros2_ws/install/teensy_communication/share/ament_index/resource_index/parent_prefix_path/teensy_communication
[20.048s] -- Up-to-date: /home/chabots/ros2_ws/install/teensy_communication/share/teensy_communication/environment/ament_prefix_path.sh
[20.048s] -- Up-to-date: /home/chabots/ros2_ws/install/teensy_communication/share/teensy_communication/environment/ament_prefix_path.dsv
[20.048s] -- Up-to-date: /home/chabots/ros2_ws/install/teensy_communication/share/teensy_communication/environment/path.sh
[20.049s] -- Up-to-date: /home/chabots/ros2_ws/install/teensy_communication/share/teensy_communication/environment/path.dsv
[20.049s] -- Up-to-date: /home/chabots/ros2_ws/install/teensy_communication/share/teensy_communication/local_setup.bash
[20.049s] -- Up-to-date: /home/chabots/ros2_ws/install/teensy_communication/share/teensy_communication/local_setup.sh
[20.049s] -- Up-to-date: /home/chabots/ros2_ws/install/teensy_communication/share/teensy_communication/local_setup.zsh
[20.049s] -- Up-to-date: /home/chabots/ros2_ws/install/teensy_communication/share/teensy_communication/local_setup.dsv
[20.049s] -- Installing: /home/chabots/ros2_ws/install/teensy_communication/share/teensy_communication/package.dsv
[20.049s] -- Up-to-date: /home/chabots/ros2_ws/install/teensy_communication/share/ament_index/resource_index/packages/teensy_communication
[20.049s] -- Up-to-date: /home/chabots/ros2_ws/install/teensy_communication/share/teensy_communication/cmake/teensy_communicationConfig.cmake
[20.049s] -- Up-to-date: /home/chabots/ros2_ws/install/teensy_communication/share/teensy_communication/cmake/teensy_communicationConfig-version.cmake
[20.049s] -- Up-to-date: /home/chabots/ros2_ws/install/teensy_communication/share/teensy_communication/package.xml
[20.051s] Invoked command in '/home/chabots/ros2_ws/build/teensy_communication' returned '0': CMAKE_PREFIX_PATH=${CMAKE_PREFIX_PATH}:/home/chabots/ros2_ws/install/otos_reader:/opt/ros/kilted DEBUGINFOD_URLS=https://debuginfod.ubuntu.com /usr/bin/cmake --install /home/chabots/ros2_ws/build/teensy_communication
