running egg_info
creating ../../../../../../../build/sparkfun_qwiic_proximity/sparkfun_qwiic_proximity.egg-info
writing ../../../../../../../build/sparkfun_qwiic_proximity/sparkfun_qwiic_proximity.egg-info/PKG-INFO
writing dependency_links to ../../../../../../../build/sparkfun_qwiic_proximity/sparkfun_qwiic_proximity.egg-info/dependency_links.txt
writing requirements to ../../../../../../../build/sparkfun_qwiic_proximity/sparkfun_qwiic_proximity.egg-info/requires.txt
writing top-level names to ../../../../../../../build/sparkfun_qwiic_proximity/sparkfun_qwiic_proximity.egg-info/top_level.txt
writing manifest file '../../../../../../../build/sparkfun_qwiic_proximity/sparkfun_qwiic_proximity.egg-info/SOURCES.txt'
reading manifest file '../../../../../../../build/sparkfun_qwiic_proximity/sparkfun_qwiic_proximity.egg-info/SOURCES.txt'
adding license file 'LICENSE'
writing manifest file '../../../../../../../build/sparkfun_qwiic_proximity/sparkfun_qwiic_proximity.egg-info/SOURCES.txt'
running build
running build_py
creating /home/chabots/ros2_ws/build/sparkfun_qwiic_proximity/build
creating /home/chabots/ros2_ws/build/sparkfun_qwiic_proximity/build/lib
copying qwiic_proximity.py -> /home/chabots/ros2_ws/build/sparkfun_qwiic_proximity/build/lib
running install
running install_lib
copying /home/chabots/ros2_ws/build/sparkfun_qwiic_proximity/build/lib/qwiic_proximity.py -> /home/chabots/ros2_ws/install/sparkfun_qwiic_proximity/lib/python3.12/site-packages
byte-compiling /home/chabots/ros2_ws/install/sparkfun_qwiic_proximity/lib/python3.12/site-packages/qwiic_proximity.py to qwiic_proximity.cpython-312.pyc
running install_egg_info
Copying ../../../../../../../build/sparkfun_qwiic_proximity/sparkfun_qwiic_proximity.egg-info to /home/chabots/ros2_ws/install/sparkfun_qwiic_proximity/lib/python3.12/site-packages/sparkfun_qwiic_proximity-0.9.0-py3.12.egg-info
running install_scripts
writing list of installed files to '/home/chabots/ros2_ws/build/sparkfun_qwiic_proximity/install.log'
