[4.850s] Invoking command in '/home/chabots/ros2_ws/otos_env/lib/python3.12/site-packages/qwiic/drivers_linux_only/qwiic_proximity': DEBUGINFOD_URLS=https://debuginfod.ubuntu.com PYTHONPATH=/home/chabots/ros2_ws/build/sparkfun_qwiic_proximity/prefix_override:/usr/lib/python3/dist-packages/colcon_core/task/python/colcon_distutils_commands:/home/chabots/ros2_ws/install/sparkfun_qwiic_proximity/lib/python3.12/site-packages:${PYTHONPATH} /usr/bin/python3 -W ignore:setup.py install is deprecated -W ignore:easy_install command is deprecated setup.py egg_info --egg-base ../../../../../../../build/sparkfun_qwiic_proximity build --build-base /home/chabots/ros2_ws/build/sparkfun_qwiic_proximity/build install --record /home/chabots/ros2_ws/build/sparkfun_qwiic_proximity/install.log --single-version-externally-managed
[6.126s] running egg_info
[6.129s] creating ../../../../../../../build/sparkfun_qwiic_proximity/sparkfun_qwiic_proximity.egg-info
[6.172s] writing ../../../../../../../build/sparkfun_qwiic_proximity/sparkfun_qwiic_proximity.egg-info/PKG-INFO
[6.173s] writing dependency_links to ../../../../../../../build/sparkfun_qwiic_proximity/sparkfun_qwiic_proximity.egg-info/dependency_links.txt
[6.174s] writing requirements to ../../../../../../../build/sparkfun_qwiic_proximity/sparkfun_qwiic_proximity.egg-info/requires.txt
[6.176s] writing top-level names to ../../../../../../../build/sparkfun_qwiic_proximity/sparkfun_qwiic_proximity.egg-info/top_level.txt
[6.176s] writing manifest file '../../../../../../../build/sparkfun_qwiic_proximity/sparkfun_qwiic_proximity.egg-info/SOURCES.txt'
[6.335s] reading manifest file '../../../../../../../build/sparkfun_qwiic_proximity/sparkfun_qwiic_proximity.egg-info/SOURCES.txt'
[6.339s] adding license file 'LICENSE'
[6.345s] writing manifest file '../../../../../../../build/sparkfun_qwiic_proximity/sparkfun_qwiic_proximity.egg-info/SOURCES.txt'
[6.345s] running build
[6.346s] running build_py
[6.346s] creating /home/chabots/ros2_ws/build/sparkfun_qwiic_proximity/build
[6.346s] creating /home/chabots/ros2_ws/build/sparkfun_qwiic_proximity/build/lib
[6.346s] copying qwiic_proximity.py -> /home/chabots/ros2_ws/build/sparkfun_qwiic_proximity/build/lib
[6.349s] running install
[6.384s] running install_lib
[6.486s] copying /home/chabots/ros2_ws/build/sparkfun_qwiic_proximity/build/lib/qwiic_proximity.py -> /home/chabots/ros2_ws/install/sparkfun_qwiic_proximity/lib/python3.12/site-packages
[6.495s] byte-compiling /home/chabots/ros2_ws/install/sparkfun_qwiic_proximity/lib/python3.12/site-packages/qwiic_proximity.py to qwiic_proximity.cpython-312.pyc
[6.510s] running install_egg_info
[6.618s] Copying ../../../../../../../build/sparkfun_qwiic_proximity/sparkfun_qwiic_proximity.egg-info to /home/chabots/ros2_ws/install/sparkfun_qwiic_proximity/lib/python3.12/site-packages/sparkfun_qwiic_proximity-0.9.0-py3.12.egg-info
[6.627s] running install_scripts
[7.587s] writing list of installed files to '/home/chabots/ros2_ws/build/sparkfun_qwiic_proximity/install.log'
[8.176s] Invoked command in '/home/chabots/ros2_ws/otos_env/lib/python3.12/site-packages/qwiic/drivers_linux_only/qwiic_proximity' returned '0': DEBUGINFOD_URLS=https://debuginfod.ubuntu.com PYTHONPATH=/home/chabots/ros2_ws/build/sparkfun_qwiic_proximity/prefix_override:/usr/lib/python3/dist-packages/colcon_core/task/python/colcon_distutils_commands:/home/chabots/ros2_ws/install/sparkfun_qwiic_proximity/lib/python3.12/site-packages:${PYTHONPATH} /usr/bin/python3 -W ignore:setup.py install is deprecated -W ignore:easy_install command is deprecated setup.py egg_info --egg-base ../../../../../../../build/sparkfun_qwiic_proximity build --build-base /home/chabots/ros2_ws/build/sparkfun_qwiic_proximity/build install --record /home/chabots/ros2_ws/build/sparkfun_qwiic_proximity/install.log --single-version-externally-managed
