-- Found ament_cmake: 2.7.3 (/opt/ros/kilted/share/ament_cmake/cmake)
-- Override CMake install command with custom implementation using symlinks instead of copying resources
-- Found rclcpp: 29.5.2 (/opt/ros/kilted/share/rclcpp/cmake)
-- Found rosidl_generator_c: 4.9.5 (/opt/ros/kilted/share/rosidl_generator_c/cmake)
-- Found rosidl_generator_cpp: 4.9.5 (/opt/ros/kilted/share/rosidl_generator_cpp/cmake)
-- Using all available rosidl_typesupport_c: rosidl_typesupport_fastrtps_c;rosidl_typesupport_introspection_c
-- Using all available rosidl_typesupport_cpp: rosidl_typesupport_fastrtps_cpp;rosidl_typesupport_introspection_cpp
-- Found rmw_implementation_cmake: 7.8.2 (/opt/ros/kilted/share/rmw_implementation_cmake/cmake)
-- Found rmw_fastrtps_cpp: 9.3.2 (/opt/ros/kilted/share/rmw_fastrtps_cpp/cmake)
-- Using RMW implementation 'rmw_fastrtps_cpp' as default
-- Found std_msgs: 5.5.0 (/opt/ros/kilted/share/std_msgs/cmake)
-- Found sensor_msgs: 5.5.0 (/opt/ros/kilted/share/sensor_msgs/cmake)
-- Configuring done (1.0s)
-- Generating done (0.0s)
-- Build files have been written to: /home/chabots/ros2_ws/build/teensy_communication
[ 50%] [32mBuilding CXX object CMakeFiles/teensy_comm_node.dir/src/teensy_comm_node.cpp.o[0m
[100%] [32m[1mLinking CXX executable teensy_comm_node[0m
[100%] Built target teensy_comm_node
-- Install configuration: ""
-- Execute custom install script
-- Symlinking: /home/chabots/ros2_ws/install/teensy_communication/lib/teensy_communication/teensy_comm_node
-- Symlinking: /home/chabots/ros2_ws/install/teensy_communication/share/teensy_communication//launch/teensy_communication.launch.py
-- Symlinking: /home/chabots/ros2_ws/install/teensy_communication/share/ament_index/resource_index/package_run_dependencies/teensy_communication
-- Symlinking: /home/chabots/ros2_ws/install/teensy_communication/share/ament_index/resource_index/parent_prefix_path/teensy_communication
-- Symlinking: /home/chabots/ros2_ws/install/teensy_communication/share/teensy_communication/environment/ament_prefix_path.sh
-- Symlinking: /home/chabots/ros2_ws/install/teensy_communication/share/teensy_communication/environment/ament_prefix_path.dsv
-- Symlinking: /home/chabots/ros2_ws/install/teensy_communication/share/teensy_communication/environment/path.sh
-- Symlinking: /home/chabots/ros2_ws/install/teensy_communication/share/teensy_communication/environment/path.dsv
-- Symlinking: /home/chabots/ros2_ws/install/teensy_communication/share/teensy_communication/local_setup.bash
-- Symlinking: /home/chabots/ros2_ws/install/teensy_communication/share/teensy_communication/local_setup.sh
-- Symlinking: /home/chabots/ros2_ws/install/teensy_communication/share/teensy_communication/local_setup.zsh
-- Symlinking: /home/chabots/ros2_ws/install/teensy_communication/share/teensy_communication/local_setup.dsv
-- Symlinking: /home/chabots/ros2_ws/install/teensy_communication/share/teensy_communication/package.dsv
-- Symlinking: /home/chabots/ros2_ws/install/teensy_communication/share/ament_index/resource_index/packages/teensy_communication
-- Symlinking: /home/chabots/ros2_ws/install/teensy_communication/share/teensy_communication/cmake/teensy_communicationConfig.cmake
-- Symlinking: /home/chabots/ros2_ws/install/teensy_communication/share/teensy_communication/cmake/teensy_communicationConfig-version.cmake
-- Symlinking: /home/chabots/ros2_ws/install/teensy_communication/share/teensy_communication/package.xml
