[0.018s] Invoking command in '/home/chabots/ros2_ws/build/teensy_communication': CMAKE_PREFIX_PATH=${CMAKE_PREFIX_PATH}:/opt/ros/kilted DEBUGINFOD_URLS=https://debuginfod.ubuntu.com /usr/bin/cmake --build /home/chabots/ros2_ws/build/teensy_communication -- -j4 -l4
[0.066s] -- Found ament_cmake: 2.7.3 (/opt/ros/kilted/share/ament_cmake/cmake)
[0.420s] -- Override CMake install command with custom implementation using symlinks instead of copying resources
[0.431s] -- Found rclcpp: 29.5.2 (/opt/ros/kilted/share/rclcpp/cmake)
[0.465s] -- Found rosidl_generator_c: 4.9.5 (/opt/ros/kilted/share/rosidl_generator_c/cmake)
[0.477s] -- Found rosidl_generator_cpp: 4.9.5 (/opt/ros/kilted/share/rosidl_generator_cpp/cmake)
[0.494s] -- Using all available rosidl_typesupport_c: rosidl_typesupport_fastrtps_c;rosidl_typesupport_introspection_c
[0.514s] -- Using all available rosidl_typesupport_cpp: rosidl_typesupport_fastrtps_cpp;rosidl_typesupport_introspection_cpp
[0.632s] -- Found rmw_implementation_cmake: 7.8.2 (/opt/ros/kilted/share/rmw_implementation_cmake/cmake)
[0.642s] -- Found rmw_fastrtps_cpp: 9.3.2 (/opt/ros/kilted/share/rmw_fastrtps_cpp/cmake)
[0.701s] -- Using RMW implementation 'rmw_fastrtps_cpp' as default
[0.783s] -- Found std_msgs: 5.5.0 (/opt/ros/kilted/share/std_msgs/cmake)
[0.805s] -- Found sensor_msgs: 5.5.0 (/opt/ros/kilted/share/sensor_msgs/cmake)
[0.874s] [0mCMake Deprecation Warning at /opt/ros/kilted/share/ament_cmake_target_dependencies/cmake/ament_target_dependencies.cmake:87 (message):
[0.874s]   ament_target_dependencies() is deprecated.  Use target_link_libraries()
[0.874s]   with modern CMake targets instead.  Try replacing this call with:
[0.874s] 
[0.874s]     target_link_libraries(teensy_comm_node PUBLIC
[0.874s]       ${sensor_msgs_TARGETS}
[0.874s]       ${std_msgs_TARGETS}
[0.874s]       rclcpp::rclcpp
[0.874s]       sensor_msgs::sensor_msgs_library
[0.874s]     )
[0.875s] 
[0.875s] Call Stack (most recent call first):
[0.875s]   CMakeLists.txt:15 (ament_target_dependencies)
[0.875s] 
[0.875s] [0m
[1.046s] -- Configuring done (1.0s)
[1.067s] -- Generating done (0.0s)
[1.074s] -- Build files have been written to: /home/chabots/ros2_ws/build/teensy_communication
[1.155s] [ 50%] [32mBuilding CXX object CMakeFiles/teensy_comm_node.dir/src/teensy_comm_node.cpp.o[0m
[16.895s] [100%] [32m[1mLinking CXX executable teensy_comm_node[0m
[18.011s] [100%] Built target teensy_comm_node
[18.033s] Invoked command in '/home/chabots/ros2_ws/build/teensy_communication' returned '0': CMAKE_PREFIX_PATH=${CMAKE_PREFIX_PATH}:/opt/ros/kilted DEBUGINFOD_URLS=https://debuginfod.ubuntu.com /usr/bin/cmake --build /home/chabots/ros2_ws/build/teensy_communication -- -j4 -l4
[18.050s] Invoking command in '/home/chabots/ros2_ws/build/teensy_communication': CMAKE_PREFIX_PATH=${CMAKE_PREFIX_PATH}:/opt/ros/kilted DEBUGINFOD_URLS=https://debuginfod.ubuntu.com /usr/bin/cmake --install /home/chabots/ros2_ws/build/teensy_communication
[18.065s] -- Install configuration: ""
[18.066s] -- Execute custom install script
[18.067s] -- Symlinking: /home/chabots/ros2_ws/install/teensy_communication/lib/teensy_communication/teensy_comm_node
[18.091s] -- Symlinking: /home/chabots/ros2_ws/install/teensy_communication/share/teensy_communication//launch/teensy_communication.launch.py
[18.109s] -- Symlinking: /home/chabots/ros2_ws/install/teensy_communication/share/ament_index/resource_index/package_run_dependencies/teensy_communication
[18.126s] -- Symlinking: /home/chabots/ros2_ws/install/teensy_communication/share/ament_index/resource_index/parent_prefix_path/teensy_communication
[18.143s] -- Symlinking: /home/chabots/ros2_ws/install/teensy_communication/share/teensy_communication/environment/ament_prefix_path.sh
[18.161s] -- Symlinking: /home/chabots/ros2_ws/install/teensy_communication/share/teensy_communication/environment/ament_prefix_path.dsv
[18.182s] -- Symlinking: /home/chabots/ros2_ws/install/teensy_communication/share/teensy_communication/environment/path.sh
[18.201s] -- Symlinking: /home/chabots/ros2_ws/install/teensy_communication/share/teensy_communication/environment/path.dsv
[18.218s] -- Symlinking: /home/chabots/ros2_ws/install/teensy_communication/share/teensy_communication/local_setup.bash
[18.235s] -- Symlinking: /home/chabots/ros2_ws/install/teensy_communication/share/teensy_communication/local_setup.sh
[18.252s] -- Symlinking: /home/chabots/ros2_ws/install/teensy_communication/share/teensy_communication/local_setup.zsh
[18.272s] -- Symlinking: /home/chabots/ros2_ws/install/teensy_communication/share/teensy_communication/local_setup.dsv
[18.293s] -- Symlinking: /home/chabots/ros2_ws/install/teensy_communication/share/teensy_communication/package.dsv
[18.310s] -- Symlinking: /home/chabots/ros2_ws/install/teensy_communication/share/ament_index/resource_index/packages/teensy_communication
[18.328s] -- Symlinking: /home/chabots/ros2_ws/install/teensy_communication/share/teensy_communication/cmake/teensy_communicationConfig.cmake
[18.346s] -- Symlinking: /home/chabots/ros2_ws/install/teensy_communication/share/teensy_communication/cmake/teensy_communicationConfig-version.cmake
[18.362s] -- Symlinking: /home/chabots/ros2_ws/install/teensy_communication/share/teensy_communication/package.xml
[18.387s] Invoked command in '/home/chabots/ros2_ws/build/teensy_communication' returned '0': CMAKE_PREFIX_PATH=${CMAKE_PREFIX_PATH}:/opt/ros/kilted DEBUGINFOD_URLS=https://debuginfod.ubuntu.com /usr/bin/cmake --install /home/chabots/ros2_ws/build/teensy_communication
