[ 50%] [32mBuilding CXX object CMakeFiles/teensy_comm_node.dir/src/teensy_comm_node.cpp.o[0m
In file included from [01m[K/opt/ros/kilted/include/rclcpp/rclcpp/logging.hpp:24[m[K,
                 from [01m[K/opt/ros/kilted/include/rclcpp/rclcpp/copy_all_parameter_values.hpp:27[m[K,
                 from [01m[K/opt/ros/kilted/include/rclcpp/rclcpp/rclcpp.hpp:171[m[K,
                 from [01m[K/home/chabots/ros2_ws/src/teensy_communication/src/teensy_comm_node.cpp:1[m[K:
[01m[K/home/chabots/ros2_ws/src/teensy_communication/src/teensy_comm_node.cpp:[m[K In member function ‘[01m[Kvoid TeensyCommNode::[01;32m[Kon_scan[m[K(sensor_msgs::msg::LaserScan_<std::allocator<void> >::SharedPtr)[m[K’:
[01m[K/home/chabots/ros2_ws/src/teensy_communication/src/teensy_comm_node.cpp:175:39:[m[K [01;35m[Kwarning: [m[Kformat ‘[01m[K%d[m[K’ expects argument of type ‘[01m[Kint[m[K’, but argument 5 has type ‘[01m[Ksize_t[m[K’ {aka ‘[01m[Klong unsigned int[m[K’} [[01;35m[K]8;;https://gcc.gnu.org/onlinedocs/gcc/Warning-Options.html#index-Wformat=-Wformat=]8;;[m[K]
  175 |       RCLCPP_INFO(this->get_logger(), [01;35m[K"iteracion del ciclo for: %d ang: %f"[m[K, [32m[Ki[m[K,ang);
      |                                       [01;35m[K^~~~~~~~~~~~~~~~~~~~~~~~~~~~~~~~~~~~~[m[K  [32m[K~[m[K
      |                                                                              [32m[K|[m[K
      |                                                                              [32m[Ksize_t {aka long unsigned int}[m[K
[01m[K/home/chabots/ros2_ws/src/teensy_communication/src/teensy_comm_node.cpp:175:66:[m[K [01;36m[Knote: [m[Kformat string is defined here
  175 |       RCLCPP_INFO(this->get_logger(), "iteracion del ciclo for: [01;36m[K%d[m[K ang: %f", i,ang);
      |                                                                 [01;36m[K~^[m[K
      |                                                                  [01;36m[K|[m[K
      |                                                                  [01;36m[Kint[m[K
      |                                                                 [32m[K%ld[m[K
[100%] [32m[1mLinking CXX executable teensy_comm_node[0m
[100%] Built target teensy_comm_node
-- Install configuration: ""
-- Installing: /home/chabots/ros2_ws/install/teensy_communication/lib/teensy_communication/teensy_comm_node
-- Set non-toolchain portion of runtime path of "/home/chabots/ros2_ws/install/teensy_communication/lib/teensy_communication/teensy_comm_node" to ""
-- Up-to-date: /home/chabots/ros2_ws/install/teensy_communication/share/teensy_communication/config
-- Up-to-date: /home/chabots/ros2_ws/install/teensy_communication/share/teensy_communication/config/scan_filters.yaml
-- Up-to-date: /home/chabots/ros2_ws/install/teensy_communication/share/teensy_communication//launch
-- Up-to-date: /home/chabots/ros2_ws/install/teensy_communication/share/teensy_communication//launch/robot.launch.py
-- Up-to-date: /home/chabots/ros2_ws/install/teensy_communication/share/teensy_communication//launch/teensy_communication.launch.py
-- Up-to-date: /home/chabots/ros2_ws/install/teensy_communication/share/teensy_communication//urdf
-- Up-to-date: /home/chabots/ros2_ws/install/teensy_communication/share/teensy_communication//urdf/robot.urdf
-- Up-to-date: /home/chabots/ros2_ws/install/teensy_communication/share/teensy_communication//urdf/robot.urdf.xacro
-- Up-to-date: /home/chabots/ros2_ws/install/teensy_communication/share/ament_index/resource_index/package_run_dependencies/teensy_communication
-- Up-to-date: /home/chabots/ros2_ws/install/teensy_communication/share/ament_index/resource_index/parent_prefix_path/teensy_communication
-- Up-to-date: /home/chabots/ros2_ws/install/teensy_communication/share/teensy_communication/environment/ament_prefix_path.sh
-- Up-to-date: /home/chabots/ros2_ws/install/teensy_communication/share/teensy_communication/environment/ament_prefix_path.dsv
-- Up-to-date: /home/chabots/ros2_ws/install/teensy_communication/share/teensy_communication/environment/path.sh
-- Up-to-date: /home/chabots/ros2_ws/install/teensy_communication/share/teensy_communication/environment/path.dsv
-- Up-to-date: /home/chabots/ros2_ws/install/teensy_communication/share/teensy_communication/local_setup.bash
-- Up-to-date: /home/chabots/ros2_ws/install/teensy_communication/share/teensy_communication/local_setup.sh
-- Up-to-date: /home/chabots/ros2_ws/install/teensy_communication/share/teensy_communication/local_setup.zsh
-- Up-to-date: /home/chabots/ros2_ws/install/teensy_communication/share/teensy_communication/local_setup.dsv
-- Installing: /home/chabots/ros2_ws/install/teensy_communication/share/teensy_communication/package.dsv
-- Up-to-date: /home/chabots/ros2_ws/install/teensy_communication/share/ament_index/resource_index/packages/teensy_communication
-- Up-to-date: /home/chabots/ros2_ws/install/teensy_communication/share/teensy_communication/cmake/teensy_communicationConfig.cmake
-- Up-to-date: /home/chabots/ros2_ws/install/teensy_communication/share/teensy_communication/cmake/teensy_communicationConfig-version.cmake
-- Up-to-date: /home/chabots/ros2_ws/install/teensy_communication/share/teensy_communication/package.xml
