[1.322s] Invoking command in '/home/chabots/ros2_ws/src/vision_node': DEBUGINFOD_URLS=https://debuginfod.ubuntu.com PYTHONPATH=/home/chabots/ros2_ws/build/vision_node/prefix_override:/usr/lib/python3/dist-packages/colcon_core/task/python/colcon_distutils_commands:/home/chabots/ros2_ws/install/vision_node/lib/python3.12/site-packages:${PYTHONPATH} /usr/bin/python3 -W ignore:setup.py install is deprecated -W ignore:easy_install command is deprecated setup.py egg_info --egg-base ../../build/vision_node build --build-base /home/chabots/ros2_ws/build/vision_node/build install --record /home/chabots/ros2_ws/build/vision_node/install.log --single-version-externally-managed install_data
[1.730s] running egg_info
[1.756s] writing ../../build/vision_node/vision_node.egg-info/PKG-INFO
[1.756s] writing dependency_links to ../../build/vision_node/vision_node.egg-info/dependency_links.txt
[1.758s] writing entry points to ../../build/vision_node/vision_node.egg-info/entry_points.txt
[1.759s] writing requirements to ../../build/vision_node/vision_node.egg-info/requires.txt
[1.759s] writing top-level names to ../../build/vision_node/vision_node.egg-info/top_level.txt
[1.813s] reading manifest file '../../build/vision_node/vision_node.egg-info/SOURCES.txt'
[1.814s] writing manifest file '../../build/vision_node/vision_node.egg-info/SOURCES.txt'
[1.814s] running build
[1.815s] running build_py
[1.815s] running install
[1.825s] running install_lib
[1.852s] running install_data
[1.853s] running install_egg_info
[1.880s] removing '/home/chabots/ros2_ws/install/vision_node/lib/python3.12/site-packages/vision_node-0.0.0-py3.12.egg-info' (and everything under it)
[1.880s] Copying ../../build/vision_node/vision_node.egg-info to /home/chabots/ros2_ws/install/vision_node/lib/python3.12/site-packages/vision_node-0.0.0-py3.12.egg-info
[1.881s] running install_scripts
[2.073s] Installing color_detection_node script to /home/chabots/ros2_ws/install/vision_node/lib/vision_node
[2.074s] writing list of installed files to '/home/chabots/ros2_ws/build/vision_node/install.log'
[2.167s] Invoked command in '/home/chabots/ros2_ws/src/vision_node' returned '0': DEBUGINFOD_URLS=https://debuginfod.ubuntu.com PYTHONPATH=/home/chabots/ros2_ws/build/vision_node/prefix_override:/usr/lib/python3/dist-packages/colcon_core/task/python/colcon_distutils_commands:/home/chabots/ros2_ws/install/vision_node/lib/python3.12/site-packages:${PYTHONPATH} /usr/bin/python3 -W ignore:setup.py install is deprecated -W ignore:easy_install command is deprecated setup.py egg_info --egg-base ../../build/vision_node build --build-base /home/chabots/ros2_ws/build/vision_node/build install --record /home/chabots/ros2_ws/build/vision_node/install.log --single-version-externally-managed install_data
