[100%] Built target teensy_comm_node
-- Install configuration: ""
-- Installing: /home/chabots/ros2_ws/src/install/teensy_communication/lib/teensy_communication/teensy_comm_node
-- Up-to-date: /home/chabots/ros2_ws/src/install/teensy_communication/share/teensy_communication//launch
-- Up-to-date: /home/chabots/ros2_ws/src/install/teensy_communication/share/teensy_communication//launch/robot.launch.py
-- Up-to-date: /home/chabots/ros2_ws/src/install/teensy_communication/share/teensy_communication//launch/teensy_communication.launch.py
-- Up-to-date: /home/chabots/ros2_ws/src/install/teensy_communication/share/teensy_communication//urdf
-- Up-to-date: /home/chabots/ros2_ws/src/install/teensy_communication/share/teensy_communication//urdf/robot.urdf
-- Up-to-date: /home/chabots/ros2_ws/src/install/teensy_communication/share/teensy_communication//urdf/robot.urdf.xacro
-- Up-to-date: /home/chabots/ros2_ws/src/install/teensy_communication/share/ament_index/resource_index/package_run_dependencies/teensy_communication
-- Up-to-date: /home/chabots/ros2_ws/src/install/teensy_communication/share/ament_index/resource_index/parent_prefix_path/teensy_communication
-- Up-to-date: /home/chabots/ros2_ws/src/install/teensy_communication/share/teensy_communication/environment/ament_prefix_path.sh
-- Up-to-date: /home/chabots/ros2_ws/src/install/teensy_communication/share/teensy_communication/environment/ament_prefix_path.dsv
-- Up-to-date: /home/chabots/ros2_ws/src/install/teensy_communication/share/teensy_communication/environment/path.sh
-- Up-to-date: /home/chabots/ros2_ws/src/install/teensy_communication/share/teensy_communication/environment/path.dsv
-- Up-to-date: /home/chabots/ros2_ws/src/install/teensy_communication/share/teensy_communication/local_setup.bash
-- Up-to-date: /home/chabots/ros2_ws/src/install/teensy_communication/share/teensy_communication/local_setup.sh
-- Up-to-date: /home/chabots/ros2_ws/src/install/teensy_communication/share/teensy_communication/local_setup.zsh
-- Up-to-date: /home/chabots/ros2_ws/src/install/teensy_communication/share/teensy_communication/local_setup.dsv
-- Installing: /home/chabots/ros2_ws/src/install/teensy_communication/share/teensy_communication/package.dsv
-- Up-to-date: /home/chabots/ros2_ws/src/install/teensy_communication/share/ament_index/resource_index/packages/teensy_communication
-- Up-to-date: /home/chabots/ros2_ws/src/install/teensy_communication/share/teensy_communication/cmake/teensy_communicationConfig.cmake
-- Up-to-date: /home/chabots/ros2_ws/src/install/teensy_communication/share/teensy_communication/cmake/teensy_communicationConfig-version.cmake
-- Up-to-date: /home/chabots/ros2_ws/src/install/teensy_communication/share/teensy_communication/package.xml
