[0.026s] Invoking command in '/home/chabots/ros2_ws/src/build/teensy_communication': CMAKE_PREFIX_PATH=${CMAKE_PREFIX_PATH}:/home/chabots/ros2_ws/install/otos_reader:/opt/ros/kilted DEBUGINFOD_URLS=https://debuginfod.ubuntu.com /usr/bin/cmake --build /home/chabots/ros2_ws/src/build/teensy_communication -- -j4 -l4
[0.369s] [100%] Built target teensy_comm_node
[0.398s] Invoked command in '/home/chabots/ros2_ws/src/build/teensy_communication' returned '0': CMAKE_PREFIX_PATH=${CMAKE_PREFIX_PATH}:/home/chabots/ros2_ws/install/otos_reader:/opt/ros/kilted DEBUGINFOD_URLS=https://debuginfod.ubuntu.com /usr/bin/cmake --build /home/chabots/ros2_ws/src/build/teensy_communication -- -j4 -l4
[0.429s] Invoking command in '/home/chabots/ros2_ws/src/build/teensy_communication': CMAKE_PREFIX_PATH=${CMAKE_PREFIX_PATH}:/home/chabots/ros2_ws/install/otos_reader:/opt/ros/kilted DEBUGINFOD_URLS=https://debuginfod.ubuntu.com /usr/bin/cmake --install /home/chabots/ros2_ws/src/build/teensy_communication
[0.451s] -- Install configuration: ""
[0.454s] -- Installing: /home/chabots/ros2_ws/src/install/teensy_communication/lib/teensy_communication/teensy_comm_node
[0.455s] -- Up-to-date: /home/chabots/ros2_ws/src/install/teensy_communication/share/teensy_communication//launch
[0.455s] -- Up-to-date: /home/chabots/ros2_ws/src/install/teensy_communication/share/teensy_communication//launch/robot.launch.py
[0.455s] -- Up-to-date: /home/chabots/ros2_ws/src/install/teensy_communication/share/teensy_communication//launch/teensy_communication.launch.py
[0.455s] -- Up-to-date: /home/chabots/ros2_ws/src/install/teensy_communication/share/teensy_communication//urdf
[0.456s] -- Up-to-date: /home/chabots/ros2_ws/src/install/teensy_communication/share/teensy_communication//urdf/robot.urdf
[0.456s] -- Up-to-date: /home/chabots/ros2_ws/src/install/teensy_communication/share/teensy_communication//urdf/robot.urdf.xacro
[0.456s] -- Up-to-date: /home/chabots/ros2_ws/src/install/teensy_communication/share/ament_index/resource_index/package_run_dependencies/teensy_communication
[0.456s] -- Up-to-date: /home/chabots/ros2_ws/src/install/teensy_communication/share/ament_index/resource_index/parent_prefix_path/teensy_communication
[0.456s] -- Up-to-date: /home/chabots/ros2_ws/src/install/teensy_communication/share/teensy_communication/environment/ament_prefix_path.sh
[0.457s] -- Up-to-date: /home/chabots/ros2_ws/src/install/teensy_communication/share/teensy_communication/environment/ament_prefix_path.dsv
[0.457s] -- Up-to-date: /home/chabots/ros2_ws/src/install/teensy_communication/share/teensy_communication/environment/path.sh
[0.457s] -- Up-to-date: /home/chabots/ros2_ws/src/install/teensy_communication/share/teensy_communication/environment/path.dsv
[0.457s] -- Up-to-date: /home/chabots/ros2_ws/src/install/teensy_communication/share/teensy_communication/local_setup.bash
[0.457s] -- Up-to-date: /home/chabots/ros2_ws/src/install/teensy_communication/share/teensy_communication/local_setup.sh
[0.457s] -- Up-to-date: /home/chabots/ros2_ws/src/install/teensy_communication/share/teensy_communication/local_setup.zsh
[0.458s] -- Up-to-date: /home/chabots/ros2_ws/src/install/teensy_communication/share/teensy_communication/local_setup.dsv
[0.458s] -- Installing: /home/chabots/ros2_ws/src/install/teensy_communication/share/teensy_communication/package.dsv
[0.458s] -- Up-to-date: /home/chabots/ros2_ws/src/install/teensy_communication/share/ament_index/resource_index/packages/teensy_communication
[0.458s] -- Up-to-date: /home/chabots/ros2_ws/src/install/teensy_communication/share/teensy_communication/cmake/teensy_communicationConfig.cmake
[0.458s] -- Up-to-date: /home/chabots/ros2_ws/src/install/teensy_communication/share/teensy_communication/cmake/teensy_communicationConfig-version.cmake
[0.458s] -- Up-to-date: /home/chabots/ros2_ws/src/install/teensy_communication/share/teensy_communication/package.xml
[0.462s] Invoked command in '/home/chabots/ros2_ws/src/build/teensy_communication' returned '0': CMAKE_PREFIX_PATH=${CMAKE_PREFIX_PATH}:/home/chabots/ros2_ws/install/otos_reader:/opt/ros/kilted DEBUGINFOD_URLS=https://debuginfod.ubuntu.com /usr/bin/cmake --install /home/chabots/ros2_ws/src/build/teensy_communication
