[4.601s] Invoking command in '/home/chabots/ros2_ws/src/wall_follower': DEBUGINFOD_URLS=https://debuginfod.ubuntu.com PYTHONPATH=/home/chabots/ros2_ws/build/wall_follower/prefix_override:/usr/lib/python3/dist-packages/colcon_core/task/python/colcon_distutils_commands:/home/chabots/ros2_ws/install/wall_follower/lib/python3.12/site-packages:${PYTHONPATH} /usr/bin/python3 -W ignore:setup.py install is deprecated -W ignore:easy_install command is deprecated setup.py egg_info --egg-base ../../build/wall_follower build --build-base /home/chabots/ros2_ws/build/wall_follower/build install --record /home/chabots/ros2_ws/build/wall_follower/install.log --single-version-externally-managed install_data
[6.161s] running egg_info
[6.170s] creating ../../build/wall_follower/wall_follower.egg-info
[6.297s] writing ../../build/wall_follower/wall_follower.egg-info/PKG-INFO
[6.298s] writing dependency_links to ../../build/wall_follower/wall_follower.egg-info/dependency_links.txt
[6.298s] writing entry points to ../../build/wall_follower/wall_follower.egg-info/entry_points.txt
[6.298s] writing requirements to ../../build/wall_follower/wall_follower.egg-info/requires.txt
[6.298s] writing top-level names to ../../build/wall_follower/wall_follower.egg-info/top_level.txt
[6.299s] writing manifest file '../../build/wall_follower/wall_follower.egg-info/SOURCES.txt'
[6.431s] reading manifest file '../../build/wall_follower/wall_follower.egg-info/SOURCES.txt'
[6.434s] writing manifest file '../../build/wall_follower/wall_follower.egg-info/SOURCES.txt'
[6.437s] running build
[6.437s] running build_py
[6.437s] creating /home/chabots/ros2_ws/build/wall_follower/build
[6.440s] creating /home/chabots/ros2_ws/build/wall_follower/build/lib
[6.440s] creating /home/chabots/ros2_ws/build/wall_follower/build/lib/wall_follower
[6.440s] copying wall_follower/__init__.py -> /home/chabots/ros2_ws/build/wall_follower/build/lib/wall_follower
[6.440s] copying wall_follower/wall_follower.py -> /home/chabots/ros2_ws/build/wall_follower/build/lib/wall_follower
[6.442s] running install
[6.461s] running install_lib
[6.507s] creating /home/chabots/ros2_ws/install/wall_follower/lib/python3.12/site-packages/wall_follower
[6.509s] copying /home/chabots/ros2_ws/build/wall_follower/build/lib/wall_follower/__init__.py -> /home/chabots/ros2_ws/install/wall_follower/lib/python3.12/site-packages/wall_follower
[6.509s] copying /home/chabots/ros2_ws/build/wall_follower/build/lib/wall_follower/wall_follower.py -> /home/chabots/ros2_ws/install/wall_follower/lib/python3.12/site-packages/wall_follower
[6.530s] byte-compiling /home/chabots/ros2_ws/install/wall_follower/lib/python3.12/site-packages/wall_follower/__init__.py to __init__.cpython-312.pyc
[6.530s] byte-compiling /home/chabots/ros2_ws/install/wall_follower/lib/python3.12/site-packages/wall_follower/wall_follower.py to wall_follower.cpython-312.pyc
[6.530s] running install_data
[6.530s] creating /home/chabots/ros2_ws/install/wall_follower/share/ament_index
[6.530s] creating /home/chabots/ros2_ws/install/wall_follower/share/ament_index/resource_index
[6.530s] creating /home/chabots/ros2_ws/install/wall_follower/share/ament_index/resource_index/packages
[6.530s] copying resource/wall_follower -> /home/chabots/ros2_ws/install/wall_follower/share/ament_index/resource_index/packages
[6.531s] copying package.xml -> /home/chabots/ros2_ws/install/wall_follower/share/wall_follower
[6.535s] running install_egg_info
[6.628s] Copying ../../build/wall_follower/wall_follower.egg-info to /home/chabots/ros2_ws/install/wall_follower/lib/python3.12/site-packages/wall_follower-0.0.0-py3.12.egg-info
[6.631s] running install_scripts
[7.308s] Installing wall_follower script to /home/chabots/ros2_ws/install/wall_follower/lib/wall_follower
[7.310s] writing list of installed files to '/home/chabots/ros2_ws/build/wall_follower/install.log'
