[2.112s] Invoking command in '/home/chabots/ros2_ws/otos_env/lib/python3.12/site-packages/qwiic/drivers_linux_only/qwiic_adxl313': DEBUGINFOD_URLS=https://debuginfod.ubuntu.com PYTHONPATH=/home/chabots/ros2_ws/build/sparkfun_qwiic_adxl313/prefix_override:/usr/lib/python3/dist-packages/colcon_core/task/python/colcon_distutils_commands:/home/chabots/ros2_ws/install/sparkfun_qwiic_adxl313/lib/python3.12/site-packages:${PYTHONPATH} /usr/bin/python3 -W ignore:setup.py install is deprecated -W ignore:easy_install command is deprecated setup.py egg_info --egg-base ../../../../../../../build/sparkfun_qwiic_adxl313 build --build-base /home/chabots/ros2_ws/build/sparkfun_qwiic_adxl313/build install --record /home/chabots/ros2_ws/build/sparkfun_qwiic_adxl313/install.log --single-version-externally-managed
[2.775s] running egg_info
[2.776s] creating ../../../../../../../build/sparkfun_qwiic_adxl313/sparkfun_qwiic_adxl313.egg-info
[2.816s] writing ../../../../../../../build/sparkfun_qwiic_adxl313/sparkfun_qwiic_adxl313.egg-info/PKG-INFO
[2.817s] writing dependency_links to ../../../../../../../build/sparkfun_qwiic_adxl313/sparkfun_qwiic_adxl313.egg-info/dependency_links.txt
[2.819s] writing requirements to ../../../../../../../build/sparkfun_qwiic_adxl313/sparkfun_qwiic_adxl313.egg-info/requires.txt
[2.819s] writing top-level names to ../../../../../../../build/sparkfun_qwiic_adxl313/sparkfun_qwiic_adxl313.egg-info/top_level.txt
[2.819s] writing manifest file '../../../../../../../build/sparkfun_qwiic_adxl313/sparkfun_qwiic_adxl313.egg-info/SOURCES.txt'
[2.888s] reading manifest file '../../../../../../../build/sparkfun_qwiic_adxl313/sparkfun_qwiic_adxl313.egg-info/SOURCES.txt'
[2.890s] adding license file 'LICENSE'
[2.890s] writing manifest file '../../../../../../../build/sparkfun_qwiic_adxl313/sparkfun_qwiic_adxl313.egg-info/SOURCES.txt'
[2.890s] running build
[2.890s] running build_py
[2.891s] creating /home/chabots/ros2_ws/build/sparkfun_qwiic_adxl313/build
[2.891s] creating /home/chabots/ros2_ws/build/sparkfun_qwiic_adxl313/build/lib
[2.892s] copying qwiic_adxl313.py -> /home/chabots/ros2_ws/build/sparkfun_qwiic_adxl313/build/lib
[2.893s] running install
[2.911s] running install_lib
[2.945s] copying /home/chabots/ros2_ws/build/sparkfun_qwiic_adxl313/build/lib/qwiic_adxl313.py -> /home/chabots/ros2_ws/install/sparkfun_qwiic_adxl313/lib/python3.12/site-packages
[2.946s] byte-compiling /home/chabots/ros2_ws/install/sparkfun_qwiic_adxl313/lib/python3.12/site-packages/qwiic_adxl313.py to qwiic_adxl313.cpython-312.pyc
[2.952s] running install_egg_info
[2.984s] Copying ../../../../../../../build/sparkfun_qwiic_adxl313/sparkfun_qwiic_adxl313.egg-info to /home/chabots/ros2_ws/install/sparkfun_qwiic_adxl313/lib/python3.12/site-packages/sparkfun_qwiic_adxl313-0.0.6-py3.12.egg-info
[2.984s] running install_scripts
[3.215s] writing list of installed files to '/home/chabots/ros2_ws/build/sparkfun_qwiic_adxl313/install.log'
[3.354s] Invoked command in '/home/chabots/ros2_ws/otos_env/lib/python3.12/site-packages/qwiic/drivers_linux_only/qwiic_adxl313' returned '0': DEBUGINFOD_URLS=https://debuginfod.ubuntu.com PYTHONPATH=/home/chabots/ros2_ws/build/sparkfun_qwiic_adxl313/prefix_override:/usr/lib/python3/dist-packages/colcon_core/task/python/colcon_distutils_commands:/home/chabots/ros2_ws/install/sparkfun_qwiic_adxl313/lib/python3.12/site-packages:${PYTHONPATH} /usr/bin/python3 -W ignore:setup.py install is deprecated -W ignore:easy_install command is deprecated setup.py egg_info --egg-base ../../../../../../../build/sparkfun_qwiic_adxl313 build --build-base /home/chabots/ros2_ws/build/sparkfun_qwiic_adxl313/build install --record /home/chabots/ros2_ws/build/sparkfun_qwiic_adxl313/install.log --single-version-externally-managed
