[1.299s] Invoking command in '/home/chabots/ros2_ws/src/wall_follower': DEBUGINFOD_URLS=https://debuginfod.ubuntu.com PYTHONPATH=/home/chabots/ros2_ws/build/wall_follower/prefix_override:/usr/lib/python3/dist-packages/colcon_core/task/python/colcon_distutils_commands:/home/chabots/ros2_ws/install/wall_follower/lib/python3.12/site-packages:${PYTHONPATH} /usr/bin/python3 -W ignore:setup.py install is deprecated -W ignore:easy_install command is deprecated setup.py egg_info --egg-base ../../build/wall_follower build --build-base /home/chabots/ros2_ws/build/wall_follower/build install --record /home/chabots/ros2_ws/build/wall_follower/install.log --single-version-externally-managed install_data
[1.677s] running egg_info
[1.702s] writing ../../build/wall_follower/wall_follower.egg-info/PKG-INFO
[1.702s] writing dependency_links to ../../build/wall_follower/wall_follower.egg-info/dependency_links.txt
[1.707s] writing entry points to ../../build/wall_follower/wall_follower.egg-info/entry_points.txt
[1.708s] writing requirements to ../../build/wall_follower/wall_follower.egg-info/requires.txt
[1.709s] writing top-level names to ../../build/wall_follower/wall_follower.egg-info/top_level.txt
[1.764s] reading manifest file '../../build/wall_follower/wall_follower.egg-info/SOURCES.txt'
[1.765s] writing manifest file '../../build/wall_follower/wall_follower.egg-info/SOURCES.txt'
[1.765s] running build
[1.765s] running build_py
[1.766s] copying wall_follower/wall_follower.py -> /home/chabots/ros2_ws/build/wall_follower/build/lib/wall_follower
[1.766s] running install
[1.776s] running install_lib
[1.801s] copying /home/chabots/ros2_ws/build/wall_follower/build/lib/wall_follower/wall_follower.py -> /home/chabots/ros2_ws/install/wall_follower/lib/python3.12/site-packages/wall_follower
[1.802s] byte-compiling /home/chabots/ros2_ws/install/wall_follower/lib/python3.12/site-packages/wall_follower/wall_follower.py to wall_follower.cpython-312.pyc
[1.808s] running install_data
[1.809s] running install_egg_info
[1.839s] removing '/home/chabots/ros2_ws/install/wall_follower/lib/python3.12/site-packages/wall_follower-0.0.0-py3.12.egg-info' (and everything under it)
[1.839s] Copying ../../build/wall_follower/wall_follower.egg-info to /home/chabots/ros2_ws/install/wall_follower/lib/python3.12/site-packages/wall_follower-0.0.0-py3.12.egg-info
[1.840s] running install_scripts
[2.032s] Installing wall_follower script to /home/chabots/ros2_ws/install/wall_follower/lib/wall_follower
[2.032s] writing list of installed files to '/home/chabots/ros2_ws/build/wall_follower/install.log'
[2.136s] Invoked command in '/home/chabots/ros2_ws/src/wall_follower' returned '0': DEBUGINFOD_URLS=https://debuginfod.ubuntu.com PYTHONPATH=/home/chabots/ros2_ws/build/wall_follower/prefix_override:/usr/lib/python3/dist-packages/colcon_core/task/python/colcon_distutils_commands:/home/chabots/ros2_ws/install/wall_follower/lib/python3.12/site-packages:${PYTHONPATH} /usr/bin/python3 -W ignore:setup.py install is deprecated -W ignore:easy_install command is deprecated setup.py egg_info --egg-base ../../build/wall_follower build --build-base /home/chabots/ros2_ws/build/wall_follower/build install --record /home/chabots/ros2_ws/build/wall_follower/install.log --single-version-externally-managed install_data
