[0.025s] Invoking command in '/home/chabots/ros2_ws/build/teensy_communication': CMAKE_PREFIX_PATH=${CMAKE_PREFIX_PATH}:/opt/ros/kilted DEBUGINFOD_URLS=https://debuginfod.ubuntu.com /usr/bin/cmake --build /home/chabots/ros2_ws/build/teensy_communication -- -j4 -l4
[0.352s] [100%] Built target teensy_comm_node
[0.374s] Invoked command in '/home/chabots/ros2_ws/build/teensy_communication' returned '0': CMAKE_PREFIX_PATH=${CMAKE_PREFIX_PATH}:/opt/ros/kilted DEBUGINFOD_URLS=https://debuginfod.ubuntu.com /usr/bin/cmake --build /home/chabots/ros2_ws/build/teensy_communication -- -j4 -l4
[0.396s] Invoking command in '/home/chabots/ros2_ws/build/teensy_communication': CMAKE_PREFIX_PATH=${CMAKE_PREFIX_PATH}:/opt/ros/kilted DEBUGINFOD_URLS=https://debuginfod.ubuntu.com /usr/bin/cmake --install /home/chabots/ros2_ws/build/teensy_communication
[0.414s] -- Install configuration: ""
[0.415s] -- Execute custom install script
[0.417s] -- Up-to-date symlink: /home/chabots/ros2_ws/install/teensy_communication/lib/teensy_communication/teensy_comm_node
[0.418s] -- Symlinking: /home/chabots/ros2_ws/install/teensy_communication/share/teensy_communication//launch/robot.launch.py
[0.437s] -- Up-to-date symlink: /home/chabots/ros2_ws/install/teensy_communication/share/teensy_communication//launch/teensy_communication.launch.py
[0.438s] -- Up-to-date symlink: /home/chabots/ros2_ws/install/teensy_communication/share/ament_index/resource_index/package_run_dependencies/teensy_communication
[0.439s] -- Up-to-date symlink: /home/chabots/ros2_ws/install/teensy_communication/share/ament_index/resource_index/parent_prefix_path/teensy_communication
[0.440s] -- Up-to-date symlink: /home/chabots/ros2_ws/install/teensy_communication/share/teensy_communication/environment/ament_prefix_path.sh
[0.440s] -- Up-to-date symlink: /home/chabots/ros2_ws/install/teensy_communication/share/teensy_communication/environment/ament_prefix_path.dsv
[0.441s] -- Up-to-date symlink: /home/chabots/ros2_ws/install/teensy_communication/share/teensy_communication/environment/path.sh
[0.441s] -- Up-to-date symlink: /home/chabots/ros2_ws/install/teensy_communication/share/teensy_communication/environment/path.dsv
[0.442s] -- Up-to-date symlink: /home/chabots/ros2_ws/install/teensy_communication/share/teensy_communication/local_setup.bash
[0.442s] -- Up-to-date symlink: /home/chabots/ros2_ws/install/teensy_communication/share/teensy_communication/local_setup.sh
[0.443s] -- Up-to-date symlink: /home/chabots/ros2_ws/install/teensy_communication/share/teensy_communication/local_setup.zsh
[0.443s] -- Up-to-date symlink: /home/chabots/ros2_ws/install/teensy_communication/share/teensy_communication/local_setup.dsv
[0.444s] -- Symlinking: /home/chabots/ros2_ws/install/teensy_communication/share/teensy_communication/package.dsv
[0.463s] -- Up-to-date symlink: /home/chabots/ros2_ws/install/teensy_communication/share/ament_index/resource_index/packages/teensy_communication
[0.463s] -- Up-to-date symlink: /home/chabots/ros2_ws/install/teensy_communication/share/teensy_communication/cmake/teensy_communicationConfig.cmake
[0.464s] -- Up-to-date symlink: /home/chabots/ros2_ws/install/teensy_communication/share/teensy_communication/cmake/teensy_communicationConfig-version.cmake
[0.464s] -- Up-to-date symlink: /home/chabots/ros2_ws/install/teensy_communication/share/teensy_communication/package.xml
[0.468s] Invoked command in '/home/chabots/ros2_ws/build/teensy_communication' returned '0': CMAKE_PREFIX_PATH=${CMAKE_PREFIX_PATH}:/opt/ros/kilted DEBUGINFOD_URLS=https://debuginfod.ubuntu.com /usr/bin/cmake --install /home/chabots/ros2_ws/build/teensy_communication
