[0.016s] Invoking command in '/home/chabots/ros2_ws/src/build/teensy_communication': CMAKE_PREFIX_PATH=${CMAKE_PREFIX_PATH}:/home/chabots/ros2_ws/install/otos_reader:/opt/ros/kilted DEBUGINFOD_URLS=https://debuginfod.ubuntu.com /usr/bin/cmake /home/chabots/ros2_ws/src/teensy_communication -DCMAKE_INSTALL_PREFIX=/home/chabots/ros2_ws/src/install/teensy_communication
[0.289s] -- The C compiler identification is GNU 13.3.0
[0.418s] -- The CXX compiler identification is GNU 13.3.0
[0.493s] -- Detecting C compiler ABI info
[0.749s] -- Detecting C compiler ABI info - done
[0.766s] -- Check for working C compiler: /usr/bin/cc - skipped
[0.769s] -- Detecting C compile features
[0.770s] -- Detecting C compile features - done
[0.789s] -- Detecting CXX compiler ABI info
[0.989s] -- Detecting CXX compiler ABI info - done
[1.007s] -- Check for working CXX compiler: /usr/bin/c++ - skipped
[1.008s] -- Detecting CXX compile features
[1.010s] -- Detecting CXX compile features - done
[1.019s] -- Found ament_cmake: 2.7.3 (/opt/ros/kilted/share/ament_cmake/cmake)
[1.341s] -- Found Python3: /usr/bin/python3 (found version "3.12.3") found components: Interpreter 
[1.583s] -- Found rclcpp: 29.5.2 (/opt/ros/kilted/share/rclcpp/cmake)
[1.651s] -- Found rosidl_generator_c: 4.9.5 (/opt/ros/kilted/share/rosidl_generator_c/cmake)
[1.679s] -- Found rosidl_generator_cpp: 4.9.5 (/opt/ros/kilted/share/rosidl_generator_cpp/cmake)
[1.716s] -- Using all available rosidl_typesupport_c: rosidl_typesupport_fastrtps_c;rosidl_typesupport_introspection_c
[1.749s] -- Using all available rosidl_typesupport_cpp: rosidl_typesupport_fastrtps_cpp;rosidl_typesupport_introspection_cpp
[1.873s] -- Found rmw_implementation_cmake: 7.8.2 (/opt/ros/kilted/share/rmw_implementation_cmake/cmake)
[1.877s] -- Found rmw_fastrtps_cpp: 9.3.2 (/opt/ros/kilted/share/rmw_fastrtps_cpp/cmake)
[2.032s] -- Found OpenSSL: /usr/lib/aarch64-linux-gnu/libcrypto.so (found version "3.0.13")  
[2.051s] -- Using RMW implementation 'rmw_fastrtps_cpp' as default
[2.155s] -- Found std_msgs: 5.5.0 (/opt/ros/kilted/share/std_msgs/cmake)
[2.174s] -- Found sensor_msgs: 5.5.0 (/opt/ros/kilted/share/sensor_msgs/cmake)
[2.228s] -- Found visualization_msgs: 5.5.0 (/opt/ros/kilted/share/visualization_msgs/cmake)
[2.265s] -- Found nav_msgs: 5.5.0 (/opt/ros/kilted/share/nav_msgs/cmake)
[2.298s] [0mCMake Deprecation Warning at /opt/ros/kilted/share/ament_cmake_target_dependencies/cmake/ament_target_dependencies.cmake:87 (message):
[2.298s]   ament_target_dependencies() is deprecated.  Use target_link_libraries()
[2.298s]   with modern CMake targets instead.  Try replacing this call with:
[2.299s] 
[2.299s]     target_link_libraries(teensy_comm_node PUBLIC
[2.299s]       ${geometry_msgs_TARGETS}
[2.299s]       ${sensor_msgs_TARGETS}
[2.299s]       ${std_msgs_TARGETS}
[2.299s]       ${visualization_msgs_TARGETS}
[2.299s]       rclcpp::rclcpp
[2.299s]       sensor_msgs::sensor_msgs_library
[2.299s]     )
[2.299s] 
[2.299s] Call Stack (most recent call first):
[2.299s]   CMakeLists.txt:18 (ament_target_dependencies)
[2.299s] 
[2.300s] [0m
[2.302s] [0mCMake Deprecation Warning at /opt/ros/kilted/share/ament_cmake_target_dependencies/cmake/ament_target_dependencies.cmake:87 (message):
[2.302s]   ament_target_dependencies() is deprecated.  Use target_link_libraries()
[2.302s]   with modern CMake targets instead.  Try replacing this call with:
[2.302s] 
[2.302s]     target_link_libraries(teensy_comm_node PUBLIC
[2.302s]       ${nav_msgs_TARGETS}
[2.302s]     )
[2.302s] 
[2.302s] Call Stack (most recent call first):
[2.302s]   CMakeLists.txt:19 (ament_target_dependencies)
[2.303s] 
[2.303s] [0m
[2.471s] -- Configuring done (2.4s)
[2.490s] -- Generating done (0.0s)
[2.497s] -- Build files have been written to: /home/chabots/ros2_ws/src/build/teensy_communication
[2.519s] Invoked command in '/home/chabots/ros2_ws/src/build/teensy_communication' returned '0': CMAKE_PREFIX_PATH=${CMAKE_PREFIX_PATH}:/home/chabots/ros2_ws/install/otos_reader:/opt/ros/kilted DEBUGINFOD_URLS=https://debuginfod.ubuntu.com /usr/bin/cmake /home/chabots/ros2_ws/src/teensy_communication -DCMAKE_INSTALL_PREFIX=/home/chabots/ros2_ws/src/install/teensy_communication
[2.522s] Invoking command in '/home/chabots/ros2_ws/src/build/teensy_communication': CMAKE_PREFIX_PATH=${CMAKE_PREFIX_PATH}:/home/chabots/ros2_ws/install/otos_reader:/opt/ros/kilted DEBUGINFOD_URLS=https://debuginfod.ubuntu.com /usr/bin/cmake --build /home/chabots/ros2_ws/src/build/teensy_communication -- -j4 -l4
[2.621s] [ 50%] [32mBuilding CXX object CMakeFiles/teensy_comm_node.dir/src/teensy_comm_node.cpp.o[0m
[6.421s] [01m[K/home/chabots/ros2_ws/src/teensy_communication/src/teensy_comm_node.cpp:[m[K In member function ‘[01m[Kvoid TeensyCommNode::[01;32m[Kon_scan[m[K(sensor_msgs::msg::LaserScan_<std::allocator<void> >::SharedPtr)[m[K’:
[6.421s] [01m[K/home/chabots/ros2_ws/src/teensy_communication/src/teensy_comm_node.cpp:238:11:[m[K [01;31m[Kerror: [m[Kredeclaration of ‘[01m[Kfloat angle_deg[m[K’
[6.422s]   238 |     float [01;31m[Kangle_deg[m[K = std::numeric_limits<float>::quiet_NaN();
[6.422s]       |           [01;31m[K^~~~~~~~~[m[K
[6.422s] [01m[K/home/chabots/ros2_ws/src/teensy_communication/src/teensy_comm_node.cpp:230:11:[m[K [01;36m[Knote: [m[K‘[01m[Kfloat angle_deg[m[K’ previously declared here
[6.422s]   230 |     float [01;36m[Kangle_deg[m[K = std::numeric_limits<float>::quiet_NaN();
[6.422s]       |           [01;36m[K^~~~~~~~~[m[K
[13.320s] gmake[2]: *** [CMakeFiles/teensy_comm_node.dir/build.make:76: CMakeFiles/teensy_comm_node.dir/src/teensy_comm_node.cpp.o] Error 1
[13.320s] gmake[1]: *** [CMakeFiles/Makefile2:137: CMakeFiles/teensy_comm_node.dir/all] Error 2
[13.320s] gmake: *** [Makefile:146: all] Error 2
[13.324s] Invoked command in '/home/chabots/ros2_ws/src/build/teensy_communication' returned '2': CMAKE_PREFIX_PATH=${CMAKE_PREFIX_PATH}:/home/chabots/ros2_ws/install/otos_reader:/opt/ros/kilted DEBUGINFOD_URLS=https://debuginfod.ubuntu.com /usr/bin/cmake --build /home/chabots/ros2_ws/src/build/teensy_communication -- -j4 -l4
