[4.860s] Invoking command in '/home/chabots/ros2_ws/otos_env/lib/python3.12/site-packages/qwiic/drivers_linux_only/qwiic_pir': DEBUGINFOD_URLS=https://debuginfod.ubuntu.com PYTHONPATH=/home/chabots/ros2_ws/build/sparkfun_qwiic_pir/prefix_override:/usr/lib/python3/dist-packages/colcon_core/task/python/colcon_distutils_commands:/home/chabots/ros2_ws/install/sparkfun_qwiic_pir/lib/python3.12/site-packages:${PYTHONPATH} /usr/bin/python3 -W ignore:setup.py install is deprecated -W ignore:easy_install command is deprecated setup.py egg_info --egg-base ../../../../../../../build/sparkfun_qwiic_pir build --build-base /home/chabots/ros2_ws/build/sparkfun_qwiic_pir/build install --record /home/chabots/ros2_ws/build/sparkfun_qwiic_pir/install.log --single-version-externally-managed
[6.497s] running egg_info
[6.503s] creating ../../../../../../../build/sparkfun_qwiic_pir/sparkfun_qwiic_pir.egg-info
[6.643s] writing ../../../../../../../build/sparkfun_qwiic_pir/sparkfun_qwiic_pir.egg-info/PKG-INFO
[6.643s] writing dependency_links to ../../../../../../../build/sparkfun_qwiic_pir/sparkfun_qwiic_pir.egg-info/dependency_links.txt
[6.647s] writing requirements to ../../../../../../../build/sparkfun_qwiic_pir/sparkfun_qwiic_pir.egg-info/requires.txt
[6.648s] writing top-level names to ../../../../../../../build/sparkfun_qwiic_pir/sparkfun_qwiic_pir.egg-info/top_level.txt
[6.650s] writing manifest file '../../../../../../../build/sparkfun_qwiic_pir/sparkfun_qwiic_pir.egg-info/SOURCES.txt'
[6.907s] reading manifest file '../../../../../../../build/sparkfun_qwiic_pir/sparkfun_qwiic_pir.egg-info/SOURCES.txt'
[6.911s] adding license file 'LICENSE'
[6.914s] writing manifest file '../../../../../../../build/sparkfun_qwiic_pir/sparkfun_qwiic_pir.egg-info/SOURCES.txt'
[6.915s] running build
[6.915s] running build_py
[6.915s] creating /home/chabots/ros2_ws/build/sparkfun_qwiic_pir/build
[6.916s] creating /home/chabots/ros2_ws/build/sparkfun_qwiic_pir/build/lib
[6.916s] copying qwiic_pir.py -> /home/chabots/ros2_ws/build/sparkfun_qwiic_pir/build/lib
[6.923s] running install
[6.953s] running install_lib
[7.088s] copying /home/chabots/ros2_ws/build/sparkfun_qwiic_pir/build/lib/qwiic_pir.py -> /home/chabots/ros2_ws/install/sparkfun_qwiic_pir/lib/python3.12/site-packages
[7.093s] byte-compiling /home/chabots/ros2_ws/install/sparkfun_qwiic_pir/lib/python3.12/site-packages/qwiic_pir.py to qwiic_pir.cpython-312.pyc
[7.105s] running install_egg_info
[7.225s] Copying ../../../../../../../build/sparkfun_qwiic_pir/sparkfun_qwiic_pir.egg-info to /home/chabots/ros2_ws/install/sparkfun_qwiic_pir/lib/python3.12/site-packages/sparkfun_qwiic_pir-0.0.4-py3.12.egg-info
[7.228s] running install_scripts
[7.905s] writing list of installed files to '/home/chabots/ros2_ws/build/sparkfun_qwiic_pir/install.log'
[8.299s] Invoked command in '/home/chabots/ros2_ws/otos_env/lib/python3.12/site-packages/qwiic/drivers_linux_only/qwiic_pir' returned '0': DEBUGINFOD_URLS=https://debuginfod.ubuntu.com PYTHONPATH=/home/chabots/ros2_ws/build/sparkfun_qwiic_pir/prefix_override:/usr/lib/python3/dist-packages/colcon_core/task/python/colcon_distutils_commands:/home/chabots/ros2_ws/install/sparkfun_qwiic_pir/lib/python3.12/site-packages:${PYTHONPATH} /usr/bin/python3 -W ignore:setup.py install is deprecated -W ignore:easy_install command is deprecated setup.py egg_info --egg-base ../../../../../../../build/sparkfun_qwiic_pir build --build-base /home/chabots/ros2_ws/build/sparkfun_qwiic_pir/build install --record /home/chabots/ros2_ws/build/sparkfun_qwiic_pir/install.log --single-version-externally-managed
